9     execve("/usr/local/bin/kernel-io", ["/usr/local/bin/kernel-io"], 0x7ffd7089e898 /* 3 vars */) = 0
9     brk(NULL)                         = 0x55dd13387000
9     mmap(NULL, 8192, PROT_READ|PROT_WRITE, MAP_PRIVATE|MAP_ANONYMOUS, -1, 0) = 0x7f109ea30000
9     access("/etc/ld.so.preload", R_OK) = -1 ENOENT (No such file or directory)
9     openat(AT_FDCWD, "/root/.conan2/p/b/spdlo2e9a5c0565d34/p/lib/glibc-hwcaps/x86-64-v4/libstdc++.so.6", O_RDONLY|O_CLOEXEC) = -1 ENOENT (No such file or directory)
9     newfstatat(AT_FDCWD, "/root/.conan2/p/b/spdlo2e9a5c0565d34/p/lib/glibc-hwcaps/x86-64-v4", 0x7fff585fba30, 0) = -1 ENOENT (No such file or directory)
9     openat(AT_FDCWD, "/root/.conan2/p/b/spdlo2e9a5c0565d34/p/lib/glibc-hwcaps/x86-64-v3/libstdc++.so.6", O_RDONLY|O_CLOEXEC) = -1 ENOENT (No such file or directory)
9     newfstatat(AT_FDCWD, "/root/.conan2/p/b/spdlo2e9a5c0565d34/p/lib/glibc-hwcaps/x86-64-v3", 0x7fff585fba30, 0) = -1 ENOENT (No such file or directory)
9     openat(AT_FDCWD, "/root/.conan2/p/b/spdlo2e9a5c0565d34/p/lib/glibc-hwcaps/x86-64-v2/libstdc++.so.6", O_RDONLY|O_CLOEXEC) = -1 ENOENT (No such file or directory)
9     newfstatat(AT_FDCWD, "/root/.conan2/p/b/spdlo2e9a5c0565d34/p/lib/glibc-hwcaps/x86-64-v2", 0x7fff585fba30, 0) = -1 ENOENT (No such file or directory)
9     openat(AT_FDCWD, "/root/.conan2/p/b/spdlo2e9a5c0565d34/p/lib/tls/x86_64/x86_64/libstdc++.so.6", O_RDONLY|O_CLOEXEC) = -1 ENOENT (No such file or directory)
9     newfstatat(AT_FDCWD, "/root/.conan2/p/b/spdlo2e9a5c0565d34/p/lib/tls/x86_64/x86_64", 0x7fff585fba30, 0) = -1 ENOENT (No such file or directory)
9     openat(AT_FDCWD, "/root/.conan2/p/b/spdlo2e9a5c0565d34/p/lib/tls/x86_64/libstdc++.so.6", O_RDONLY|O_CLOEXEC) = -1 ENOENT (No such file or directory)
9     newfstatat(AT_FDCWD, "/root/.conan2/p/b/spdlo2e9a5c0565d34/p/lib/tls/x86_64", 0x7fff585fba30, 0) = -1 ENOENT (No such file or directory)
9     openat(AT_FDCWD, "/root/.conan2/p/b/spdlo2e9a5c0565d34/p/lib/tls/x86_64/libstdc++.so.6", O_RDONLY|O_CLOEXEC) = -1 ENOENT (No such file or directory)
9     newfstatat(AT_FDCWD, "/root/.conan2/p/b/spdlo2e9a5c0565d34/p/lib/tls/x86_64", 0x7fff585fba30, 0) = -1 ENOENT (No such file or directory)
9     openat(AT_FDCWD, "/root/.conan2/p/b/spdlo2e9a5c0565d34/p/lib/tls/libstdc++.so.6", O_RDONLY|O_CLOEXEC) = -1 ENOENT (No such file or directory)
9     newfstatat(AT_FDCWD, "/root/.conan2/p/b/spdlo2e9a5c0565d34/p/lib/tls", 0x7fff585fba30, 0) = -1 ENOENT (No such file or directory)
9     openat(AT_FDCWD, "/root/.conan2/p/b/spdlo2e9a5c0565d34/p/lib/x86_64/x86_64/libstdc++.so.6", O_RDONLY|O_CLOEXEC) = -1 ENOENT (No such file or directory)
9     newfstatat(AT_FDCWD, "/root/.conan2/p/b/spdlo2e9a5c0565d34/p/lib/x86_64/x86_64", 0x7fff585fba30, 0) = -1 ENOENT (No such file or directory)
9     openat(AT_FDCWD, "/root/.conan2/p/b/spdlo2e9a5c0565d34/p/lib/x86_64/libstdc++.so.6", O_RDONLY|O_CLOEXEC) = -1 ENOENT (No such file or directory)
9     newfstatat(AT_FDCWD, "/root/.conan2/p/b/spdlo2e9a5c0565d34/p/lib/x86_64", 0x7fff585fba30, 0) = -1 ENOENT (No such file or directory)
9     openat(AT_FDCWD, "/root/.conan2/p/b/spdlo2e9a5c0565d34/p/lib/x86_64/libstdc++.so.6", O_RDONLY|O_CLOEXEC) = -1 ENOENT (No such file or directory)
9     newfstatat(AT_FDCWD, "/root/.conan2/p/b/spdlo2e9a5c0565d34/p/lib/x86_64", 0x7fff585fba30, 0) = -1 ENOENT (No such file or directory)
9     openat(AT_FDCWD, "/root/.conan2/p/b/spdlo2e9a5c0565d34/p/lib/libstdc++.so.6", O_RDONLY|O_CLOEXEC) = -1 ENOENT (No such file or directory)
9     newfstatat(AT_FDCWD, "/root/.conan2/p/b/spdlo2e9a5c0565d34/p/lib", 0x7fff585fba30, 0) = -1 ENOENT (No such file or directory)
9     openat(AT_FDCWD, "/root/.conan2/p/b/fmt6b56acf098718/p/lib/glibc-hwcaps/x86-64-v4/libstdc++.so.6", O_RDONLY|O_CLOEXEC) = -1 ENOENT (No such file or directory)
9     newfstatat(AT_FDCWD, "/root/.conan2/p/b/fmt6b56acf098718/p/lib/glibc-hwcaps/x86-64-v4", 0x7fff585fba30, 0) = -1 ENOENT (No such file or directory)
9     openat(AT_FDCWD, "/root/.conan2/p/b/fmt6b56acf098718/p/lib/glibc-hwcaps/x86-64-v3/libstdc++.so.6", O_RDONLY|O_CLOEXEC) = -1 ENOENT (No such file or directory)
9     newfstatat(AT_FDCWD, "/root/.conan2/p/b/fmt6b56acf098718/p/lib/glibc-hwcaps/x86-64-v3", 0x7fff585fba30, 0) = -1 ENOENT (No such file or directory)
9     openat(AT_FDCWD, "/root/.conan2/p/b/fmt6b56acf098718/p/lib/glibc-hwcaps/x86-64-v2/libstdc++.so.6", O_RDONLY|O_CLOEXEC) = -1 ENOENT (No such file or directory)
9     newfstatat(AT_FDCWD, "/root/.conan2/p/b/fmt6b56acf098718/p/lib/glibc-hwcaps/x86-64-v2", 0x7fff585fba30, 0) = -1 ENOENT (No such file or directory)
9     openat(AT_FDCWD, "/root/.conan2/p/b/fmt6b56acf098718/p/lib/tls/x86_64/x86_64/libstdc++.so.6", O_RDONLY|O_CLOEXEC) = -1 ENOENT (No such file or directory)
9     newfstatat(AT_FDCWD, "/root/.conan2/p/b/fmt6b56acf098718/p/lib/tls/x86_64/x86_64", 0x7fff585fba30, 0) = -1 ENOENT (No such file or directory)
9     openat(AT_FDCWD, "/root/.conan2/p/b/fmt6b56acf098718/p/lib/tls/x86_64/libstdc++.so.6", O_RDONLY|O_CLOEXEC) = -1 ENOENT (No such file or directory)
9     newfstatat(AT_FDCWD, "/root/.conan2/p/b/fmt6b56acf098718/p/lib/tls/x86_64", 0x7fff585fba30, 0) = -1 ENOENT (No such file or directory)
9     openat(AT_FDCWD, "/root/.conan2/p/b/fmt6b56acf098718/p/lib/tls/x86_64/libstdc++.so.6", O_RDONLY|O_CLOEXEC) = -1 ENOENT (No such file or directory)
9     newfstatat(AT_FDCWD, "/root/.conan2/p/b/fmt6b56acf098718/p/lib/tls/x86_64", 0x7fff585fba30, 0) = -1 ENOENT (No such file or directory)
9     openat(AT_FDCWD, "/root/.conan2/p/b/fmt6b56acf098718/p/lib/tls/libstdc++.so.6", O_RDONLY|O_CLOEXEC) = -1 ENOENT (No such file or directory)
9     newfstatat(AT_FDCWD, "/root/.conan2/p/b/fmt6b56acf098718/p/lib/tls", 0x7fff585fba30, 0) = -1 ENOENT (No such file or directory)
9     openat(AT_FDCWD, "/root/.conan2/p/b/fmt6b56acf098718/p/lib/x86_64/x86_64/libstdc++.so.6", O_RDONLY|O_CLOEXEC) = -1 ENOENT (No such file or directory)
9     newfstatat(AT_FDCWD, "/root/.conan2/p/b/fmt6b56acf098718/p/lib/x86_64/x86_64", 0x7fff585fba30, 0) = -1 ENOENT (No such file or directory)
9     openat(AT_FDCWD, "/root/.conan2/p/b/fmt6b56acf098718/p/lib/x86_64/libstdc++.so.6", O_RDONLY|O_CLOEXEC) = -1 ENOENT (No such file or directory)
9     newfstatat(AT_FDCWD, "/root/.conan2/p/b/fmt6b56acf098718/p/lib/x86_64", 0x7fff585fba30, 0) = -1 ENOENT (No such file or directory)
9     openat(AT_FDCWD, "/root/.conan2/p/b/fmt6b56acf098718/p/lib/x86_64/libstdc++.so.6", O_RDONLY|O_CLOEXEC) = -1 ENOENT (No such file or directory)
9     newfstatat(AT_FDCWD, "/root/.conan2/p/b/fmt6b56acf098718/p/lib/x86_64", 0x7fff585fba30, 0) = -1 ENOENT (No such file or directory)
9     openat(AT_FDCWD, "/root/.conan2/p/b/fmt6b56acf098718/p/lib/libstdc++.so.6", O_RDONLY|O_CLOEXEC) = -1 ENOENT (No such file or directory)
9     newfstatat(AT_FDCWD, "/root/.conan2/p/b/fmt6b56acf098718/p/lib", 0x7fff585fba30, 0) = -1 ENOENT (No such file or directory)
9     openat(AT_FDCWD, "/etc/ld.so.cache", O_RDONLY|O_CLOEXEC) = 3
9     newfstatat(3, "", {st_mode=S_IFREG|0644, st_size=4851, ...}, AT_EMPTY_PATH) = 0
9     mmap(NULL, 4851, PROT_READ, MAP_PRIVATE, 3, 0) = 0x7f109ea2e000
9     close(3)                          = 0
9     openat(AT_FDCWD, "/lib/x86_64-linux-gnu/libstdc++.so.6", O_RDONLY|O_CLOEXEC) = 3
9     read(3, "\177ELF\2\1\1\3\0\0\0\0\0\0\0\0\3\0>\0\1\0\0\0\0\0\0\0\0\0\0\0"..., 832) = 832
9     newfstatat(3, "", {st_mode=S_IFREG|0644, st_size=2190440, ...}, AT_EMPTY_PATH) = 0
9     mmap(NULL, 2201728, PROT_READ, MAP_PRIVATE|MAP_DENYWRITE, 3, 0) = 0x7f109e814000
9     mmap(0x7f109e8ad000, 1052672, PROT_READ|PROT_EXEC, MAP_PRIVATE|MAP_FIXED|MAP_DENYWRITE, 3, 0x99000) = 0x7f109e8ad000
9     mmap(0x7f109e9ae000, 454656, PROT_READ, MAP_PRIVATE|MAP_FIXED|MAP_DENYWRITE, 3, 0x19a000) = 0x7f109e9ae000
9     mmap(0x7f109ea1d000, 57344, PROT_READ|PROT_WRITE, MAP_PRIVATE|MAP_FIXED|MAP_DENYWRITE, 3, 0x209000) = 0x7f109ea1d000
9     mmap(0x7f109ea2b000, 10368, PROT_READ|PROT_WRITE, MAP_PRIVATE|MAP_FIXED|MAP_ANONYMOUS, -1, 0) = 0x7f109ea2b000
9     close(3)                          = 0
9     openat(AT_FDCWD, "/lib/x86_64-linux-gnu/libgcc_s.so.1", O_RDONLY|O_CLOEXEC) = 3
9     read(3, "\177ELF\2\1\1\0\0\0\0\0\0\0\0\0\3\0>\0\1\0\0\0\0\0\0\0\0\0\0\0"..., 832) = 832
9     newfstatat(3, "", {st_mode=S_IFREG|0644, st_size=125312, ...}, AT_EMPTY_PATH) = 0
9     mmap(NULL, 127688, PROT_READ, MAP_PRIVATE|MAP_DENYWRITE, 3, 0) = 0x7f109e7f4000
9     mmap(0x7f109e7f7000, 94208, PROT_READ|PROT_EXEC, MAP_PRIVATE|MAP_FIXED|MAP_DENYWRITE, 3, 0x3000) = 0x7f109e7f7000
9     mmap(0x7f109e80e000, 16384, PROT_READ, MAP_PRIVATE|MAP_FIXED|MAP_DENYWRITE, 3, 0x1a000) = 0x7f109e80e000
9     mmap(0x7f109e812000, 8192, PROT_READ|PROT_WRITE, MAP_PRIVATE|MAP_FIXED|MAP_DENYWRITE, 3, 0x1d000) = 0x7f109e812000
9     close(3)                          = 0
9     openat(AT_FDCWD, "/lib/x86_64-linux-gnu/libc.so.6", O_RDONLY|O_CLOEXEC) = 3
9     read(3, "\177ELF\2\1\1\3\0\0\0\0\0\0\0\0\3\0>\0\1\0\0\0\20t\2\0\0\0\0\0"..., 832) = 832
9     pread64(3, "\6\0\0\0\4\0\0\0@\0\0\0\0\0\0\0@\0\0\0\0\0\0\0@\0\0\0\0\0\0\0"..., 784, 64) = 784
9     newfstatat(3, "", {st_mode=S_IFREG|0755, st_size=1926232, ...}, AT_EMPTY_PATH) = 0
9     pread64(3, "\6\0\0\0\4\0\0\0@\0\0\0\0\0\0\0@\0\0\0\0\0\0\0@\0\0\0\0\0\0\0"..., 784, 64) = 784
9     mmap(NULL, 1974096, PROT_READ, MAP_PRIVATE|MAP_DENYWRITE, 3, 0) = 0x7f109e612000
9     mmap(0x7f109e638000, 1400832, PROT_READ|PROT_EXEC, MAP_PRIVATE|MAP_FIXED|MAP_DENYWRITE, 3, 0x26000) = 0x7f109e638000
9     mmap(0x7f109e78e000, 339968, PROT_READ, MAP_PRIVATE|MAP_FIXED|MAP_DENYWRITE, 3, 0x17c000) = 0x7f109e78e000
9     mmap(0x7f109e7e1000, 24576, PROT_READ|PROT_WRITE, MAP_PRIVATE|MAP_FIXED|MAP_DENYWRITE, 3, 0x1cf000) = 0x7f109e7e1000
9     mmap(0x7f109e7e7000, 53072, PROT_READ|PROT_WRITE, MAP_PRIVATE|MAP_FIXED|MAP_ANONYMOUS, -1, 0) = 0x7f109e7e7000
9     close(3)                          = 0
9     openat(AT_FDCWD, "/lib/x86_64-linux-gnu/libm.so.6", O_RDONLY|O_CLOEXEC) = 3
9     read(3, "\177ELF\2\1\1\3\0\0\0\0\0\0\0\0\3\0>\0\1\0\0\0\0\0\0\0\0\0\0\0"..., 832) = 832
9     newfstatat(3, "", {st_mode=S_IFREG|0644, st_size=911904, ...}, AT_EMPTY_PATH) = 0
9     mmap(NULL, 913680, PROT_READ, MAP_PRIVATE|MAP_DENYWRITE, 3, 0) = 0x7f109e532000
9     mmap(0x7f109e542000, 475136, PROT_READ|PROT_EXEC, MAP_PRIVATE|MAP_FIXED|MAP_DENYWRITE, 3, 0x10000) = 0x7f109e542000
9     mmap(0x7f109e5b6000, 368640, PROT_READ, MAP_PRIVATE|MAP_FIXED|MAP_DENYWRITE, 3, 0x84000) = 0x7f109e5b6000
9     mmap(0x7f109e610000, 8192, PROT_READ|PROT_WRITE, MAP_PRIVATE|MAP_FIXED|MAP_DENYWRITE, 3, 0xdd000) = 0x7f109e610000
9     close(3)                          = 0
9     mmap(NULL, 8192, PROT_READ|PROT_WRITE, MAP_PRIVATE|MAP_ANONYMOUS, -1, 0) = 0x7f109e530000
9     mmap(NULL, 12288, PROT_READ|PROT_WRITE, MAP_PRIVATE|MAP_ANONYMOUS, -1, 0) = 0x7f109e52d000
9     arch_prctl(ARCH_SET_FS, 0x7f109e52d740) = 0
9     set_tid_address(0x7f109e52da10)   = 9
9     set_robust_list(0x7f109e52da20, 24) = 0
9     rseq(0x7f109e52e060, 0x20, 0, 0x53053053) = 0
9     mprotect(0x7f109e7e1000, 16384, PROT_READ) = 0
9     mprotect(0x7f109e610000, 4096, PROT_READ) = 0
9     mprotect(0x7f109e812000, 4096, PROT_READ) = 0
9     mprotect(0x7f109ea1d000, 45056, PROT_READ) = 0
9     mprotect(0x55dcdcae2000, 4096, PROT_READ) = 0
9     mprotect(0x7f109ea6b000, 8192, PROT_READ) = 0
9     prlimit64(0, RLIMIT_STACK, NULL, {rlim_cur=8192*1024, rlim_max=RLIM64_INFINITY}) = 0
9     munmap(0x7f109ea2e000, 4851)      = 0
9     getrandom("\x85\xb8\x7f\x63\x1d\xd0\xc3\x41", 8, GRND_NONBLOCK) = 8
9     brk(NULL)                         = 0x55dd13387000
9     brk(0x55dd133a8000)               = 0x55dd133a8000
9     futex(0x7f109ea2b73c, FUTEX_WAKE_PRIVATE, 2147483647) = 0
9     newfstatat(1, "", {st_mode=S_IFIFO|0600, st_size=0, ...}, AT_EMPTY_PATH) = 0
9     rt_sigaction(SIGRT_1, {sa_handler=0x7f109e698720, sa_mask=[], sa_flags=SA_RESTORER|SA_ONSTACK|SA_RESTART|SA_SIGINFO, sa_restorer=0x7f109e64e050}, NULL, 8) = 0
9     rt_sigprocmask(SIG_UNBLOCK, [RTMIN RT_1], NULL, 8) = 0
9     mmap(NULL, 8392704, PROT_NONE, MAP_PRIVATE|MAP_ANONYMOUS|MAP_STACK, -1, 0) = 0x7f109dd2c000
9     mprotect(0x7f109dd2d000, 8388608, PROT_READ|PROT_WRITE) = 0
9     rt_sigprocmask(SIG_BLOCK, ~[], [], 8) = 0
9     clone3({flags=CLONE_VM|CLONE_FS|CLONE_FILES|CLONE_SIGHAND|CLONE_THREAD|CLONE_SYSVSEM|CLONE_SETTLS|CLONE_PARENT_SETTID|CLONE_CHILD_CLEARTID, child_tid=0x7f109e52c990, parent_tid=0x7f109e52c990, exit_signal=0, stack=0x7f109dd2c000, stack_size=0x7fff80, tls=0x7f109e52c6c0}, 88) = -1 ENOSYS (Function not implemented)
9     clone(child_stack=0x7f109e52bf70, flags=CLONE_VM|CLONE_FS|CLONE_FILES|CLONE_SIGHAND|CLONE_THREAD|CLONE_SYSVSEM|CLONE_SETTLS|CLONE_PARENT_SETTID|CLONE_CHILD_CLEARTID, parent_tid=[10], tls=0x7f109e52c6c0, child_tidptr=0x7f109e52c990) = 10
10    rseq(0x7f109e52cfe0, 0x20, 0, 0x53053053 <unfinished ...>
9     rt_sigprocmask(SIG_SETMASK, [],  <unfinished ...>
10    <... rseq resumed>)               = 0
9     <... rt_sigprocmask resumed>NULL, 8) = 0
10    set_robust_list(0x7f109e52c9a0, 24 <unfinished ...>
9     mmap(NULL, 8392704, PROT_NONE, MAP_PRIVATE|MAP_ANONYMOUS|MAP_STACK, -1, 0 <unfinished ...>
10    <... set_robust_list resumed>)    = 0
9     <... mmap resumed>)               = 0x7f109d52b000
10    rt_sigprocmask(SIG_SETMASK, [],  <unfinished ...>
9     mprotect(0x7f109d52c000, 8388608, PROT_READ|PROT_WRITE <unfinished ...>
10    <... rt_sigprocmask resumed>NULL, 8) = 0
9     <... mprotect resumed>)           = 0
9     rt_sigprocmask(SIG_BLOCK, ~[],  <unfinished ...>
10    futex(0x7fff585fc7f8, FUTEX_WAIT_BITSET_PRIVATE|FUTEX_CLOCK_REALTIME, 0, NULL, FUTEX_BITSET_MATCH_ANY <unfinished ...>
9     <... rt_sigprocmask resumed>[], 8) = 0
9     clone3({flags=CLONE_VM|CLONE_FS|CLONE_FILES|CLONE_SIGHAND|CLONE_THREAD|CLONE_SYSVSEM|CLONE_SETTLS|CLONE_PARENT_SETTID|CLONE_CHILD_CLEARTID, child_tid=0x7f109dd2b990, parent_tid=0x7f109dd2b990, exit_signal=0, stack=0x7f109d52b000, stack_size=0x7fff80, tls=0x7f109dd2b6c0}, 88) = -1 ENOSYS (Function not implemented)
9     clone(child_stack=0x7f109dd2af70, flags=CLONE_VM|CLONE_FS|CLONE_FILES|CLONE_SIGHAND|CLONE_THREAD|CLONE_SYSVSEM|CLONE_SETTLS|CLONE_PARENT_SETTID|CLONE_CHILD_CLEARTID, parent_tid=[11], tls=0x7f109dd2b6c0, child_tidptr=0x7f109dd2b990) = 11
11    rseq(0x7f109dd2bfe0, 0x20, 0, 0x53053053 <unfinished ...>
9     rt_sigprocmask(SIG_SETMASK, [],  <unfinished ...>
11    <... rseq resumed>)               = 0
9     <... rt_sigprocmask resumed>NULL, 8) = 0
11    set_robust_list(0x7f109dd2b9a0, 24 <unfinished ...>
9     mmap(NULL, 8392704, PROT_NONE, MAP_PRIVATE|MAP_ANONYMOUS|MAP_STACK, -1, 0 <unfinished ...>
11    <... set_robust_list resumed>)    = 0
9     <... mmap resumed>)               = 0x7f109cd2a000
11    rt_sigprocmask(SIG_SETMASK, [],  <unfinished ...>
9     mprotect(0x7f109cd2b000, 8388608, PROT_READ|PROT_WRITE <unfinished ...>
11    <... rt_sigprocmask resumed>NULL, 8) = 0
9     <... mprotect resumed>)           = 0
11    futex(0x7fff585fc7f8, FUTEX_WAIT_BITSET_PRIVATE|FUTEX_CLOCK_REALTIME, 0, NULL, FUTEX_BITSET_MATCH_ANY <unfinished ...>
9     rt_sigprocmask(SIG_BLOCK, ~[], [], 8) = 0
9     clone3({flags=CLONE_VM|CLONE_FS|CLONE_FILES|CLONE_SIGHAND|CLONE_THREAD|CLONE_SYSVSEM|CLONE_SETTLS|CLONE_PARENT_SETTID|CLONE_CHILD_CLEARTID, child_tid=0x7f109d52a990, parent_tid=0x7f109d52a990, exit_signal=0, stack=0x7f109cd2a000, stack_size=0x7fff80, tls=0x7f109d52a6c0}, 88) = -1 ENOSYS (Function not implemented)
9     clone(child_stack=0x7f109d529f70, flags=CLONE_VM|CLONE_FS|CLONE_FILES|CLONE_SIGHAND|CLONE_THREAD|CLONE_SYSVSEM|CLONE_SETTLS|CLONE_PARENT_SETTID|CLONE_CHILD_CLEARTID, parent_tid=[12], tls=0x7f109d52a6c0, child_tidptr=0x7f109d52a990) = 12
12    rseq(0x7f109d52afe0, 0x20, 0, 0x53053053 <unfinished ...>
9     rt_sigprocmask(SIG_SETMASK, [],  <unfinished ...>
12    <... rseq resumed>)               = 0
9     <... rt_sigprocmask resumed>NULL, 8) = 0
12    set_robust_list(0x7f109d52a9a0, 24 <unfinished ...>
9     mmap(NULL, 8392704, PROT_NONE, MAP_PRIVATE|MAP_ANONYMOUS|MAP_STACK, -1, 0 <unfinished ...>
12    <... set_robust_list resumed>)    = 0
9     <... mmap resumed>)               = 0x7f109c529000
12    rt_sigprocmask(SIG_SETMASK, [],  <unfinished ...>
9     mprotect(0x7f109c52a000, 8388608, PROT_READ|PROT_WRITE <unfinished ...>
12    <... rt_sigprocmask resumed>NULL, 8) = 0
12    futex(0x7fff585fc7f8, FUTEX_WAIT_BITSET_PRIVATE|FUTEX_CLOCK_REALTIME, 0, NULL, FUTEX_BITSET_MATCH_ANY <unfinished ...>
9     <... mprotect resumed>)           = 0
9     rt_sigprocmask(SIG_BLOCK, ~[], [], 8) = 0
9     clone3({flags=CLONE_VM|CLONE_FS|CLONE_FILES|CLONE_SIGHAND|CLONE_THREAD|CLONE_SYSVSEM|CLONE_SETTLS|CLONE_PARENT_SETTID|CLONE_CHILD_CLEARTID, child_tid=0x7f109cd29990, parent_tid=0x7f109cd29990, exit_signal=0, stack=0x7f109c529000, stack_size=0x7fff80, tls=0x7f109cd296c0}, 88) = -1 ENOSYS (Function not implemented)
9     clone(child_stack=0x7f109cd28f70, flags=CLONE_VM|CLONE_FS|CLONE_FILES|CLONE_SIGHAND|CLONE_THREAD|CLONE_SYSVSEM|CLONE_SETTLS|CLONE_PARENT_SETTID|CLONE_CHILD_CLEARTID, parent_tid=[13], tls=0x7f109cd296c0, child_tidptr=0x7f109cd29990) = 13
13    rseq(0x7f109cd29fe0, 0x20, 0, 0x53053053 <unfinished ...>
9     rt_sigprocmask(SIG_SETMASK, [],  <unfinished ...>
13    <... rseq resumed>)               = 0
9     <... rt_sigprocmask resumed>NULL, 8) = 0
13    set_robust_list(0x7f109cd299a0, 24 <unfinished ...>
9     futex(0x7fff585fc7f8, FUTEX_WAKE_PRIVATE, 1 <unfinished ...>
13    <... set_robust_list resumed>)    = 0
9     <... futex resumed>)              = 1
13    rt_sigprocmask(SIG_SETMASK, [],  <unfinished ...>
10    <... futex resumed>)              = 0
9     futex(0x7fff585fc7f8, FUTEX_WAKE_PRIVATE, 1 <unfinished ...>
13    <... rt_sigprocmask resumed>NULL, 8) = 0
9     <... futex resumed>)              = 1
10    futex(0x7fff585fc7a8, FUTEX_WAKE_PRIVATE, 1 <unfinished ...>
11    <... futex resumed>)              = 0
9     futex(0x7fff585fc7f8, FUTEX_WAKE_PRIVATE, 1 <unfinished ...>
13    socket(AF_INET, SOCK_STREAM|SOCK_NONBLOCK, IPPROTO_IP <unfinished ...>
11    futex(0x7fff585fc7a8, FUTEX_WAKE_PRIVATE, 1 <unfinished ...>
10    <... futex resumed>)              = 0
9     <... futex resumed>)              = 1
12    <... futex resumed>)              = 0
11    <... futex resumed>)              = 0
13    <... socket resumed>)             = 3
10    socket(AF_INET, SOCK_STREAM|SOCK_NONBLOCK, IPPROTO_IP <unfinished ...>
9     futex(0x7f109e52c990, FUTEX_WAIT_BITSET|FUTEX_CLOCK_REALTIME, 10, NULL, FUTEX_BITSET_MATCH_ANY <unfinished ...>
13    epoll_create1(0 <unfinished ...>
12    futex(0x7fff585fc7a8, FUTEX_WAKE_PRIVATE, 1 <unfinished ...>
11    socket(AF_INET, SOCK_STREAM|SOCK_NONBLOCK, IPPROTO_IP <unfinished ...>
10    <... socket resumed>)             = 4
13    <... epoll_create1 resumed>)      = 5
12    <... futex resumed>)              = 0
11    <... socket resumed>)             = 6
10    epoll_create1(0 <unfinished ...>
13    epoll_ctl(5, EPOLL_CTL_ADD, 3, {events=EPOLLOUT, data={u32=3, u64=3}} <unfinished ...>
12    socket(AF_INET, SOCK_STREAM|SOCK_NONBLOCK, IPPROTO_IP <unfinished ...>
11    epoll_create1(0 <unfinished ...>
13    <... epoll_ctl resumed>)          = 0
10    <... epoll_create1 resumed>)      = 7
12    <... socket resumed>)             = 8
11    <... epoll_create1 resumed>)      = 9
13    connect(3, {sa_family=AF_INET, sin_port=htons(80), sin_addr=inet_addr("142.251.152.119")}, 16 <unfinished ...>
12    epoll_create1(0 <unfinished ...>
10    epoll_ctl(7, EPOLL_CTL_ADD, 4, {events=EPOLLOUT, data={u32=4, u64=4}} <unfinished ...>
11    epoll_ctl(9, EPOLL_CTL_ADD, 6, {events=EPOLLOUT, data={u32=6, u64=6}} <unfinished ...>
12    <... epoll_create1 resumed>)      = 10
10    <... epoll_ctl resumed>)          = 0
11    <... epoll_ctl resumed>)          = 0
12    epoll_ctl(10, EPOLL_CTL_ADD, 8, {events=EPOLLOUT, data={u32=8, u64=8}} <unfinished ...>
10    connect(4, {sa_family=AF_INET, sin_port=htons(80), sin_addr=inet_addr("142.251.152.119")}, 16 <unfinished ...>
12    <... epoll_ctl resumed>)          = 0
11    connect(6, {sa_family=AF_INET, sin_port=htons(80), sin_addr=inet_addr("142.251.152.119")}, 16 <unfinished ...>
12    connect(8, {sa_family=AF_INET, sin_port=htons(80), sin_addr=inet_addr("142.251.152.119")}, 16 <unfinished ...>
10    <... connect resumed>)            = -1 EINPROGRESS (Operation now in progress)
11    <... connect resumed>)            = -1 EINPROGRESS (Operation now in progress)
10    epoll_ctl(7, EPOLL_CTL_MOD, 4, {events=EPOLLOUT, data={u32=4, u64=4}} <unfinished ...>
12    <... connect resumed>)            = -1 EINPROGRESS (Operation now in progress)
11    epoll_ctl(9, EPOLL_CTL_MOD, 6, {events=EPOLLOUT, data={u32=6, u64=6}} <unfinished ...>
12    epoll_ctl(10, EPOLL_CTL_MOD, 8, {events=EPOLLOUT, data={u32=8, u64=8}} <unfinished ...>
10    <... epoll_ctl resumed>)          = 0
11    <... epoll_ctl resumed>)          = 0
12    <... epoll_ctl resumed>)          = 0
10    epoll_wait(7,  <unfinished ...>
11    epoll_wait(9,  <unfinished ...>
12    epoll_wait(10,  <unfinished ...>
13    <... connect resumed>)            = -1 EINPROGRESS (Operation now in progress)
13    epoll_ctl(5, EPOLL_CTL_MOD, 3, {events=EPOLLOUT, data={u32=3, u64=3}}) = 0
13    epoll_wait(5,  <unfinished ...>
11    <... epoll_wait resumed>[{events=EPOLLOUT, data={u32=6, u64=6}}], 1, 5000) = 1
11    getsockopt(6, SOL_SOCKET, SO_ERROR, [0], [4]) = 0
11    epoll_ctl(9, EPOLL_CTL_MOD, 6, {events=EPOLLOUT, data={u32=6, u64=6}}) = 0
11    epoll_wait(9, [{events=EPOLLOUT, data={u32=6, u64=6}}], 1, 5000) = 1
11    sendto(6, "GET / HTTP/1.0\r\nHost: www.google"..., 59, 0, NULL, 0) = 59
11    epoll_ctl(9, EPOLL_CTL_MOD, 6, {events=EPOLLIN, data={u32=6, u64=6}}) = 0
11    epoll_wait(9, [{events=EPOLLIN, data={u32=6, u64=6}}], 1, 5000) = 1
11    recvfrom(6, "HTTP/1.0 200 OK\r\nDate: Thu, 16 A"..., 4095, 0, NULL, NULL) = 4095
11    mmap(NULL, 134217728, PROT_NONE, MAP_PRIVATE|MAP_ANONYMOUS|MAP_NORESERVE, -1, 0) = 0x7f1094400000
11    munmap(0x7f1094400000, 62914560)  = 0
11    munmap(0x7f109c000000, 4194304)   = 0
11    mprotect(0x7f1098000000, 135168, PROT_READ|PROT_WRITE) = 0
11    epoll_ctl(9, EPOLL_CTL_MOD, 6, {events=EPOLLIN, data={u32=6, u64=6}}) = 0
11    epoll_wait(9, [{events=EPOLLIN, data={u32=6, u64=6}}], 1, 5000) = 1
11    recvfrom(6, "r b;a&&(!a.getAttribute||!(b=a.g"..., 4095, 0, NULL, NULL) = 2756
11    epoll_ctl(9, EPOLL_CTL_MOD, 6, {events=EPOLLIN, data={u32=6, u64=6}}) = 0
11    epoll_wait(9, [{events=EPOLLIN, data={u32=6, u64=6}}], 1, 5000) = 1
11    recvfrom(6, ".009999999776482582,\"com.br\",\"53"..., 4095, 0, NULL, NULL) = 4095
11    epoll_ctl(9, EPOLL_CTL_MOD, 6, {events=EPOLLIN, data={u32=6, u64=6}}) = 0
11    epoll_wait(9, [{events=EPOLLIN, data={u32=6, u64=6}}], 1, 5000) = 1
11    recvfrom(6, "\":\"0\":ca(a)?a.trim()||\"0\":String"..., 4095, 0, NULL, NULL) = 4095
11    epoll_ctl(9, EPOLL_CTL_MOD, 6, {events=EPOLLIN, data={u32=6, u64=6}}) = 0
11    epoll_wait(9, [{events=EPOLLIN, data={u32=6, u64=6}}], 1, 5000) = 1
11    recvfrom(6, ",jb)};_.x=function(a,b,c){return"..., 4095, 0, NULL, NULL) = 4095
11    epoll_ctl(9, EPOLL_CTL_MOD, 6, {events=EPOLLIN, data={u32=6, u64=6}}) = 0
11    epoll_wait(9, [{events=EPOLLIN, data={u32=6, u64=6}}], 1, 5000) = 1
11    recvfrom(6, "otype};Wb=function(a){var b=0;re"..., 4095, 0, NULL, NULL) = 4095
11    epoll_ctl(9, EPOLL_CTL_MOD, 6, {events=EPOLLIN, data={u32=6, u64=6}}) = 0
11    epoll_wait(9, [{events=EPOLLIN, data={u32=6, u64=6}}], 1, 5000) = 1
11    recvfrom(6, "nction(){function g(m){return fu"..., 4095, 0, NULL, NULL) = 4095
11    epoll_ctl(9, EPOLL_CTL_MOD, 6, {events=EPOLLIN, data={u32=6, u64=6}}) = 0
11    epoll_wait(9, [{events=EPOLLIN, data={u32=6, u64=6}}], 1, 5000) = 1
11    recvfrom(6, "f(k.get(h)!=\"s\"||k.size!=1||k.ge"..., 4095, 0, NULL, NULL) = 525
11    epoll_ctl(9, EPOLL_CTL_MOD, 6, {events=EPOLLIN, data={u32=6, u64=6}}) = 0
11    epoll_wait(9, [{events=EPOLLIN, data={u32=6, u64=6}}], 1, 5000) = 1
11    recvfrom(6, "y.value=k:(m.entry={next:this[1]"..., 4095, 0, NULL, NULL) = 4095
11    epoll_ctl(9, EPOLL_CTL_MOD, 6, {events=EPOLLIN, data={u32=6, u64=6}}) = 0
11    epoll_wait(9, [{events=EPOLLIN, data={u32=6, u64=6}}], 1, 5000) = 1
11    recvfrom(6, "(a,b){a instanceof String&&(a+=\""..., 4095, 0, NULL, NULL) = 4095
11    epoll_ctl(9, EPOLL_CTL_MOD, 6, {events=EPOLLIN, data={u32=6, u64=6}}) = 0
11    epoll_wait(9, [{events=EPOLLIN, data={u32=6, u64=6}}], 1, 5000) = 1
11    recvfrom(6, "AX_SAFE_INTEGER):void 0;_.xc=typ"..., 4095, 0, NULL, NULL) = 4095
11    epoll_ctl(9, EPOLL_CTL_MOD, 6, {events=EPOLLIN, data={u32=6, u64=6}}) = 0
11    epoll_wait(9, [{events=EPOLLIN, data={u32=6, u64=6}}], 1, 5000) = 1
11    recvfrom(6, ";var e;return(e=_.Xa(_.vd(a,b,d)"..., 4095, 0, NULL, NULL) = 1715
11    epoll_ctl(9, EPOLL_CTL_MOD, 6, {events=EPOLLIN, data={u32=6, u64=6}}) = 0
11    epoll_wait(9, [{events=EPOLLIN, data={u32=6, u64=6}}], 1, 5000) = 1
11    recvfrom(6, "|;)/.exec(a))&&a[1]&&parseFloat("..., 4095, 0, NULL, NULL) = 2800
11    epoll_ctl(9, EPOLL_CTL_MOD, 6, {events=EPOLLIN, data={u32=6, u64=6}}) = 0
11    epoll_wait(9, [{events=EPOLLIN, data={u32=6, u64=6}}], 1, 5000) = 1
11    recvfrom(6, "e.bf=_.Pd.prototype.kj;_.Pd.prot"..., 4095, 0, NULL, NULL) = 2800
11    epoll_ctl(9, EPOLL_CTL_MOD, 6, {events=EPOLLIN, data={u32=6, u64=6}}) = 0
11    epoll_wait(9, [{events=EPOLLIN, data={u32=6, u64=6}}], 1, 5000) = 1
11    recvfrom(6, "gba(0,0,0,.1);border-radius:50%;"..., 4095, 0, NULL, NULL) = 4095
11    epoll_ctl(9, EPOLL_CTL_MOD, 6, {events=EPOLLIN, data={u32=6, u64=6}}) = 0
11    epoll_wait(9, [{events=EPOLLIN, data={u32=6, u64=6}}], 1, 5000) = 1
11    recvfrom(6, "f1f1f;color:var(--og-bar-color,v"..., 4095, 0, NULL, NULL) = 4095
11    epoll_ctl(9, EPOLL_CTL_MOD, 6, {events=EPOLLIN, data={u32=6, u64=6}}) = 0
11    epoll_wait(9, [{events=EPOLLIN, data={u32=6, u64=6}}], 1, 5000) = 1
11    recvfrom(6, "it-box-sizing:border-box;box-siz"..., 4095, 0, NULL, NULL) = 210
11    epoll_ctl(9, EPOLL_CTL_MOD, 6, {events=EPOLLIN, data={u32=6, u64=6}}) = 0
11    epoll_wait(9, [{events=EPOLLIN, data={u32=6, u64=6}}], 1, 5000) = 1
11    recvfrom(6, ":only-child{display:inline-block"..., 4095, 0, NULL, NULL) = 2800
11    epoll_ctl(9, EPOLL_CTL_MOD, 6, {events=EPOLLIN, data={u32=6, u64=6}}) = 0
11    epoll_wait(9, [{events=EPOLLIN, data={u32=6, u64=6}}], 1, 5000) = 1
11    recvfrom(6, "{float:right}.gb_C{padding:8px;c"..., 4095, 0, NULL, NULL) = 4095
11    epoll_ctl(9, EPOLL_CTL_MOD, 6, {events=EPOLLIN, data={u32=6, u64=6}}) = 0
11    epoll_wait(9, [{events=EPOLLIN, data={u32=6, u64=6}}], 1, 5000) = 1
11    recvfrom(6, "ogle.kEXPI));c+=\"&srcpg=\"+b(goog"..., 4095, 0, NULL, NULL) = 4095
11    mprotect(0x7f1098021000, 126976, PROT_READ|PROT_WRITE) = 0
11    epoll_ctl(9, EPOLL_CTL_MOD, 6, {events=EPOLLIN, data={u32=6, u64=6}}) = 0
11    epoll_wait(9, [{events=EPOLLIN, data={u32=6, u64=6}}], 1, 5000) = 1
11    recvfrom(6, ";z-index:300\" data-script-url=\"/"..., 4095, 0, NULL, NULL) = 210
11    epoll_ctl(9, EPOLL_CTL_MOD, 6, {events=EPOLLIN, data={u32=6, u64=6}}) = 0
11    epoll_wait(9, [{events=EPOLLIN, data={u32=6, u64=6}}], 1, 5000) = 1
11    recvfrom(6, "Cv5OUPmKqM2AM_1';document.getEle"..., 4095, 0, NULL, NULL) = 2800
11    epoll_ctl(9, EPOLL_CTL_MOD, 6, {events=EPOLLIN, data={u32=6, u64=6}}) = 0
11    epoll_wait(9, [{events=EPOLLIN, data={u32=6, u64=6}}], 1, 5000) = 1
11    recvfrom(6, "roperty({},\"passive\",{get:functi"..., 4095, 0, NULL, NULL) = 4095
11    epoll_ctl(9, EPOLL_CTL_MOD, 6, {events=EPOLLIN, data={u32=6, u64=6}}) = 0
11    epoll_wait(9, [{events=EPOLLIN, data={u32=6, u64=6}}], 1, 5000) = 1
11    recvfrom(6, "lassName(a)[0]:(c=document,a=a?("..., 4095, 0, NULL, NULL) = 4095
11    epoll_ctl(9, EPOLL_CTL_MOD, 6, {events=EPOLLIN, data={u32=6, u64=6}}) = 0
11    epoll_wait(9, [{events=EPOLLIN, data={u32=6, u64=6}}], 1, 5000) = 1
11    recvfrom(6, "b:'/xjs/_/js/k\\x3dxjs.hp.en.yLnI"..., 4095, 0, NULL, NULL) = 4095
11    epoll_ctl(9, EPOLL_CTL_MOD, 6, {events=EPOLLIN, data={u32=6, u64=6}}) = 0
11    epoll_wait(9, [{events=EPOLLIN, data={u32=6, u64=6}}], 1, 5000) = 1
11    recvfrom(6, "[128,0,16777216,0,0,1048576,0,59"..., 4095, 0, NULL, NULL) = 1001
11    epoll_ctl(9, EPOLL_CTL_MOD, 6, {events=EPOLLIN, data={u32=6, u64=6}}) = 0
11    epoll_wait(9, [{events=EPOLLIN, data={u32=6, u64=6}}], 1, 5000) = 1
11    recvfrom(6, "", 4095, 0, NULL, NULL) = 0
11    openat(AT_FDCWD, "/proc/sys/vm/overcommit_memory", O_RDONLY|O_CLOEXEC) = 11
11    read(11, "0", 1)                  = 1
11    close(11)                         = 0
11    madvise(0x7f1098021000, 126976, MADV_DONTNEED) = 0
11    close(9)                          = 0
11    close(6)                          = 0
11    socket(AF_INET, SOCK_STREAM|SOCK_NONBLOCK, IPPROTO_IP) = 6
11    epoll_create1(0)                  = 9
11    epoll_ctl(9, EPOLL_CTL_ADD, 6, {events=EPOLLOUT, data={u32=6, u64=6}}) = 0
11    connect(6, {sa_family=AF_INET, sin_port=htons(80), sin_addr=inet_addr("142.251.152.119")}, 16) = -1 EINPROGRESS (Operation now in progress)
11    epoll_ctl(9, EPOLL_CTL_MOD, 6, {events=EPOLLOUT, data={u32=6, u64=6}}) = 0
11    epoll_wait(9, [{events=EPOLLOUT, data={u32=6, u64=6}}], 1, 5000) = 1
11    getsockopt(6, SOL_SOCKET, SO_ERROR, [0], [4]) = 0
11    epoll_ctl(9, EPOLL_CTL_MOD, 6, {events=EPOLLOUT, data={u32=6, u64=6}}) = 0
11    epoll_wait(9, [{events=EPOLLOUT, data={u32=6, u64=6}}], 1, 5000) = 1
11    sendto(6, "GET / HTTP/1.0\r\nHost: www.google"..., 59, 0, NULL, 0) = 59
11    epoll_ctl(9, EPOLL_CTL_MOD, 6, {events=EPOLLIN, data={u32=6, u64=6}}) = 0
11    epoll_wait(9, [{events=EPOLLIN, data={u32=6, u64=6}}], 1, 5000) = 1
11    recvfrom(6, "HTTP/1.0 200 OK\r\nDate: Thu, 16 A"..., 4095, 0, NULL, NULL) = 4095
11    epoll_ctl(9, EPOLL_CTL_MOD, 6, {events=EPOLLIN, data={u32=6, u64=6}}) = 0
11    epoll_wait(9, [{events=EPOLLIN, data={u32=6, u64=6}}], 1, 5000) = 1
11    recvfrom(6, "(var b;a&&(!a.getAttribute||!(b="..., 4095, 0, NULL, NULL) = 3594
11    epoll_ctl(9, EPOLL_CTL_MOD, 6, {events=EPOLLIN, data={u32=6, u64=6}}) = 0
11    epoll_wait(9, [{events=EPOLLIN, data={u32=6, u64=6}}], 1, 5000) = 1
11    recvfrom(6, ",0],[[null,null,null,\"https://ww"..., 4095, 0, NULL, NULL) = 4095
11    epoll_ctl(9, EPOLL_CTL_MOD, 6, {events=EPOLLIN, data={u32=6, u64=6}}) = 0
11    epoll_wait(9, [{events=EPOLLIN, data={u32=6, u64=6}}], 1, 5000) = 1
11    recvfrom(6, "Safari\")&&!(ua()||(qa()?0:_.pa(\""..., 4095, 0, NULL, NULL) = 4095
11    epoll_ctl(9, EPOLL_CTL_MOD, 6, {events=EPOLLIN, data={u32=6, u64=6}}) = 0
11    epoll_wait(9, [{events=EPOLLIN, data={u32=6, u64=6}}], 1, 5000) = 1
11    recvfrom(6, "turn a;if(Array.isArray(a)){var "..., 4095, 0, NULL, NULL) = 4095
11    epoll_ctl(9, EPOLL_CTL_MOD, 6, {events=EPOLLIN, data={u32=6, u64=6}}) = 0
11    epoll_wait(9, [{events=EPOLLIN, data={u32=6, u64=6}}], 1, 5000) = 1
11    recvfrom(6, "};_.D.prototype.getNextAddressJs"..., 4095, 0, NULL, NULL) = 4095
11    epoll_ctl(9, EPOLL_CTL_MOD, 6, {events=EPOLLIN, data={u32=6, u64=6}}) = 0
11    epoll_wait(9, [{events=EPOLLIN, data={u32=6, u64=6}}], 1, 5000) = 1
11    recvfrom(6, "is.C)return!1;var g=Mb.CustomEve"..., 4095, 0, NULL, NULL) = 4095
11    epoll_ctl(9, EPOLL_CTL_MOD, 6, {events=EPOLLIN, data={u32=6, u64=6}}) = 0
11    epoll_wait(9, [{events=EPOLLIN, data={u32=6, u64=6}}], 1, 5000) = 1
11    recvfrom(6, "Ab.next=\nh.entry.next,h.entry.ne"..., 4095, 0, NULL, NULL) = 1925
11    epoll_ctl(9, EPOLL_CTL_MOD, 6, {events=EPOLLIN, data={u32=6, u64=6}}) = 0
11    epoll_wait(9, [{events=EPOLLIN, data={u32=6, u64=6}}], 1, 5000) = 1
11    recvfrom(6, "his.i.delete(c);this.size=this.i"..., 4095, 0, NULL, NULL) = 4095
11    epoll_ctl(9, EPOLL_CTL_MOD, 6, {events=EPOLLIN, data={u32=6, u64=6}}) = 0
11    epoll_wait(9, [{events=EPOLLIN, data={u32=6, u64=6}}], 1, 5000) = 1
11    recvfrom(6, "r b=typeof a;return b==\"object\"&"..., 4095, 0, NULL, NULL) = 4095
11    epoll_ctl(9, EPOLL_CTL_MOD, 6, {events=EPOLLIN, data={u32=6, u64=6}}) = 0
11    epoll_wait(9, [{events=EPOLLIN, data={u32=6, u64=6}}], 1, 5000) = 1
11    recvfrom(6, ".document;Yc=Zc?Zc.documentMode:"..., 4095, 0, NULL, NULL) = 4095
11    epoll_ctl(9, EPOLL_CTL_MOD, 6, {events=EPOLLIN, data={u32=6, u64=6}}) = 0
11    epoll_wait(9, [{events=EPOLLIN, data={u32=6, u64=6}}], 1, 5000) = 1
11    recvfrom(6, "Q(e,3,b.lineNumber);_.S(e,5,1);_"..., 4095, 0, NULL, NULL) = 1715
11    epoll_ctl(9, EPOLL_CTL_MOD, 6, {events=EPOLLIN, data={u32=6, u64=6}}) = 0
11    epoll_wait(9, [{events=EPOLLIN, data={u32=6, u64=6}}], 1, 5000) = 1
11    recvfrom(6, ".i();if(a in c.i){if(c.i[a]!=b)t"..., 4095, 0, NULL, NULL) = 4095
11    epoll_ctl(9, EPOLL_CTL_MOD, 6, {events=EPOLLIN, data={u32=6, u64=6}}) = 0
11    epoll_wait(9, [{events=EPOLLIN, data={u32=6, u64=6}}], 1, 5000) = 1
11    recvfrom(6, "lor:#fff}.gb_3.gb_3 .gb_sb{borde"..., 4095, 0, NULL, NULL) = 4095
11    epoll_ctl(9, EPOLL_CTL_MOD, 6, {events=EPOLLIN, data={u32=6, u64=6}}) = 0
11    epoll_wait(9, [{events=EPOLLIN, data={u32=6, u64=6}}], 1, 5000) = 1
11    recvfrom(6, "#282a2c;background:var(--og-bar-"..., 4095, 0, NULL, NULL) = 4095
11    epoll_ctl(9, EPOLL_CTL_MOD, 6, {events=EPOLLIN, data={u32=6, u64=6}}) = 0
11    epoll_wait(9, [{events=EPOLLIN, data={u32=6, u64=6}}], 1, 5000) = 1
11    recvfrom(6, "-webkit-box-pack:end;-webkit-jus"..., 4095, 0, NULL, NULL) = 3115
11    epoll_ctl(9, EPOLL_CTL_MOD, 6, {events=EPOLLIN, data={u32=6, u64=6}}) = 0
11    epoll_wait(9, [{events=EPOLLIN, data={u32=6, u64=6}}], 1, 5000) = 1
11    recvfrom(6, "parent;border:1px solid;position"..., 4095, 0, NULL, NULL) = 2302
11    epoll_ctl(9, EPOLL_CTL_MOD, 6, {events=EPOLLIN, data={u32=6, u64=6}}) = 0
11    epoll_wait(9, [{events=EPOLLIN, data={u32=6, u64=6}}], 1, 5000) = 1
11    recvfrom(6, ";border:none;cursor:pointer;heig"..., 4095, 0, NULL, NULL) = 4095
11    epoll_ctl(9, EPOLL_CTL_MOD, 6, {events=EPOLLIN, data={u32=6, u64=6}}) = 0
11    epoll_wait(9, [{events=EPOLLIN, data={u32=6, u64=6}}], 1, 5000) = 1
11    recvfrom(6, "</div></div><center><br clear=\"a"..., 4095, 0, NULL, NULL) = 4095
11    epoll_ctl(9, EPOLL_CTL_MOD, 6, {events=EPOLLIN, data={u32=6, u64=6}}) = 0
11    epoll_wait(9, [{events=EPOLLIN, data={u32=6, u64=6}}], 1, 5000) = 1
11    recvfrom(6, "stener(\"test\",c,b)}catch(d){}ret"..., 4095, 0, NULL, NULL) = 4095
11    epoll_ctl(9, EPOLL_CTL_MOD, 6, {events=EPOLLIN, data={u32=6, u64=6}}) = 0
11    epoll_wait(9, [{events=EPOLLIN, data={u32=6, u64=6}}], 1, 5000) = 1
11    recvfrom(6, "n(a,b,c,d){a=d||a;return(b=b&&b!"..., 4095, 0, NULL, NULL) = 4095
11    epoll_ctl(9, EPOLL_CTL_MOD, 6, {events=EPOLLIN, data={u32=6, u64=6}}) = 0
11    epoll_wait(9, [{events=EPOLLIN, data={u32=6, u64=6}}], 1, 5000) = 1
11    recvfrom(6, "ACEAKCAAAAAAAAAAAAAAABAAAAAAAAAI"..., 4095, 0, NULL, NULL) = 4095
11    epoll_ctl(9, EPOLL_CTL_MOD, 6, {events=EPOLLIN, data={u32=6, u64=6}}) = 0
11    epoll_wait(9, [{events=EPOLLIN, data={u32=6, u64=6}}], 1, 5000) = 1
11    recvfrom(6, "2624,0,291767296,0,536870912,7,2"..., 4095, 0, NULL, NULL) = 884
11    epoll_ctl(9, EPOLL_CTL_MOD, 6, {events=EPOLLIN, data={u32=6, u64=6}}) = 0
11    epoll_wait(9, [{events=EPOLLIN, data={u32=6, u64=6}}], 1, 5000) = 1
11    recvfrom(6, "", 4095, 0, NULL, NULL) = 0
11    madvise(0x7f1098021000, 126976, MADV_DONTNEED) = 0
11    close(9)                          = 0
11    close(6)                          = 0
11    socket(AF_INET, SOCK_STREAM|SOCK_NONBLOCK, IPPROTO_IP) = 6
11    epoll_create1(0)                  = 9
11    epoll_ctl(9, EPOLL_CTL_ADD, 6, {events=EPOLLOUT, data={u32=6, u64=6}}) = 0
11    connect(6, {sa_family=AF_INET, sin_port=htons(80), sin_addr=inet_addr("142.251.152.119")}, 16) = -1 EINPROGRESS (Operation now in progress)
11    epoll_ctl(9, EPOLL_CTL_MOD, 6, {events=EPOLLOUT, data={u32=6, u64=6}}) = 0
11    epoll_wait(9, [{events=EPOLLOUT, data={u32=6, u64=6}}], 1, 5000) = 1
11    getsockopt(6, SOL_SOCKET, SO_ERROR, [0], [4]) = 0
11    epoll_ctl(9, EPOLL_CTL_MOD, 6, {events=EPOLLOUT, data={u32=6, u64=6}}) = 0
11    epoll_wait(9, [{events=EPOLLOUT, data={u32=6, u64=6}}], 1, 5000) = 1
11    sendto(6, "GET / HTTP/1.0\r\nHost: www.google"..., 59, 0, NULL, 0) = 59
11    epoll_ctl(9, EPOLL_CTL_MOD, 6, {events=EPOLLIN, data={u32=6, u64=6}}) = 0
11    epoll_wait(9, [{events=EPOLLIN, data={u32=6, u64=6}}], 1, 5000) = 1
11    recvfrom(6, "HTTP/1.0 200 OK\r\nDate: Thu, 16 A"..., 4095, 0, NULL, NULL) = 4095
11    epoll_ctl(9, EPOLL_CTL_MOD, 6, {events=EPOLLIN, data={u32=6, u64=6}}) = 0
11    epoll_wait(9, [{events=EPOLLIN, data={u32=6, u64=6}}], 1, 5000) = 1
11    recvfrom(6, "){\nvar g=this||self;function k()"..., 4095, 0, NULL, NULL) = 2065
11    epoll_ctl(9, EPOLL_CTL_MOD, 6, {events=EPOLLIN, data={u32=6, u64=6}}) = 0
11    epoll_wait(9, [{events=EPOLLIN, data={u32=6, u64=6}}], 1, 5000) = 1
11    recvfrom(6, " a}a=!1}a&&b.preventDefault()},!"..., 4095, 0, NULL, NULL) = 4095
11    epoll_ctl(9, EPOLL_CTL_MOD, 6, {events=EPOLLIN, data={u32=6, u64=6}}) = 0
11    epoll_wait(9, [{events=EPOLLIN, data={u32=6, u64=6}}], 1, 5000) = 1
11    recvfrom(6, "null,0,\"\",0,0]]],};this.gbar_=th"..., 4095, 0, NULL, NULL) = 4095
11    epoll_ctl(9, EPOLL_CTL_MOD, 6, {events=EPOLLIN, data={u32=6, u64=6}}) = 0
11    epoll_wait(9, [{events=EPOLLIN, data={u32=6, u64=6}}], 1, 5000) = 1
11    recvfrom(6, " 0;((v=b)!=null?v:b={})[u]=r}els"..., 4095, 0, NULL, NULL) = 4095
11    epoll_ctl(9, EPOLL_CTL_MOD, 6, {events=EPOLLIN, data={u32=6, u64=6}}) = 0
11    epoll_wait(9, [{events=EPOLLIN, data={u32=6, u64=6}}], 1, 5000) = 1
11    recvfrom(6, "nction(a,b){if(b)for(var c=0;c<N"..., 4095, 0, NULL, NULL) = 4095
11    epoll_ctl(9, EPOLL_CTL_MOD, 6, {events=EPOLLIN, data={u32=6, u64=6}}) = 0
11    epoll_wait(9, [{events=EPOLLIN, data={u32=6, u64=6}}], 1, 5000) = 1
11    recvfrom(6, "ype,a,{configurable:!0,writable:"..., 4095, 0, NULL, NULL) = 420
11    epoll_ctl(9, EPOLL_CTL_MOD, 6, {events=EPOLLIN, data={u32=6, u64=6}}) = 0
11    epoll_wait(9, [{events=EPOLLIN, data={u32=6, u64=6}}], 1, 5000) = 1
11    recvfrom(6, "out;b.prototype.o=function(g){d("..., 4095, 0, NULL, NULL) = 4095
11    epoll_ctl(9, EPOLL_CTL_MOD, 6, {events=EPOLLIN, data={u32=6, u64=6}}) = 0
11    epoll_wait(9, [{events=EPOLLIN, data={u32=6, u64=6}}], 1, 5000) = 1
11    recvfrom(6, "ction(k){return c(k)&&Xb(k,f)?k["..., 4095, 0, NULL, NULL) = 105
11    epoll_ctl(9, EPOLL_CTL_MOD, 6, {events=EPOLLIN, data={u32=6, u64=6}}) = 0
11    epoll_wait(9, [{events=EPOLLIN, data={u32=6, u64=6}}], 1, 5000) = 1
11    recvfrom(6, "[f],this.i)};h.prototype.delete="..., 4095, 0, NULL, NULL) = 4095
11    epoll_ctl(9, EPOLL_CTL_MOD, 6, {events=EPOLLIN, data={u32=6, u64=6}}) = 0
11    epoll_wait(9, [{events=EPOLLIN, data={u32=6, u64=6}}], 1, 5000) = 1
11    recvfrom(6, ".MAX_SAFE_INTEGER\",function(){re"..., 4095, 0, NULL, NULL) = 4095
11    epoll_ctl(9, EPOLL_CTL_MOD, 6, {events=EPOLLIN, data={u32=6, u64=6}}) = 0
11    epoll_wait(9, [{events=EPOLLIN, data={u32=6, u64=6}}], 1, 5000) = 1
11    recvfrom(6, "n(d,e,f){for(var g=Array(argumen"..., 4095, 0, NULL, NULL) = 4095
11    epoll_ctl(9, EPOLL_CTL_MOD, 6, {events=EPOLLIN, data={u32=6, u64=6}}) = 0
11    epoll_wait(9, [{events=EPOLLIN, data={u32=6, u64=6}}], 1, 5000) = 1
11    recvfrom(6, "Ja)return b};_.Cb=function(a,b,c"..., 4095, 0, NULL, NULL) = 1715
11    epoll_ctl(9, EPOLL_CTL_MOD, 6, {events=EPOLLIN, data={u32=6, u64=6}}) = 0
11    epoll_wait(9, [{events=EPOLLIN, data={u32=6, u64=6}}], 1, 5000) = 1
11    recvfrom(6, "ose=function(){this.oa||(this.oa"..., 4095, 0, NULL, NULL) = 4095
11    epoll_ctl(9, EPOLL_CTL_MOD, 6, {events=EPOLLIN, data={u32=6, u64=6}}) = 0
11    epoll_wait(9, [{events=EPOLLIN, data={u32=6, u64=6}}], 1, 5000) = 1
11    recvfrom(6, ";_.B(_.de,_.T);\n}catch(e){_._Dum"..., 4095, 0, NULL, NULL) = 4095
11    epoll_ctl(9, EPOLL_CTL_MOD, 6, {events=EPOLLIN, data={u32=6, u64=6}}) = 0
11    epoll_wait(9, [{events=EPOLLIN, data={u32=6, u64=6}}], 1, 5000) = 1
11    recvfrom(6, "px;border:1px solid;border-color"..., 4095, 0, NULL, NULL) = 4095
11    epoll_ctl(9, EPOLL_CTL_MOD, 6, {events=EPOLLIN, data={u32=6, u64=6}}) = 0
11    epoll_wait(9, [{events=EPOLLIN, data={u32=6, u64=6}}], 1, 5000) = 1
11    recvfrom(6, "Ia.gb_4a.gb_H.gb_Qd{background:t"..., 4095, 0, NULL, NULL) = 4095
11    epoll_ctl(9, EPOLL_CTL_MOD, 6, {events=EPOLLIN, data={u32=6, u64=6}}) = 0
11    epoll_wait(9, [{events=EPOLLIN, data={u32=6, u64=6}}], 1, 5000) = 1
11    recvfrom(6, "mportant}.gb_kb{visibility:hidde"..., 4095, 0, NULL, NULL) = 4095
11    epoll_ctl(9, EPOLL_CTL_MOD, 6, {events=EPOLLIN, data={u32=6, u64=6}}) = 0
11    epoll_wait(9, [{events=EPOLLIN, data={u32=6, u64=6}}], 1, 5000) = 1
11    recvfrom(6, "px 0;margin-left:13px;font-size:"..., 4095, 0, NULL, NULL) = 4095
11    epoll_ctl(9, EPOLL_CTL_MOD, 6, {events=EPOLLIN, data={u32=6, u64=6}}) = 0
11    epoll_wait(9, [{events=EPOLLIN, data={u32=6, u64=6}}], 1, 5000) = 1
11    recvfrom(6, "g></a></div></div></div><a class"..., 4095, 0, NULL, NULL) = 630
11    epoll_ctl(9, EPOLL_CTL_MOD, 6, {events=EPOLLIN, data={u32=6, u64=6}}) = 0
11    epoll_wait(9, [{events=EPOLLIN, data={u32=6, u64=6}}], 1, 5000) = 1
11    recvfrom(6, "gn=\"center\" nowrap=\"\"><input nam"..., 4095, 0, NULL, NULL) = 2800
11    epoll_ctl(9, EPOLL_CTL_MOD, 6, {events=EPOLLIN, data={u32=6, u64=6}}) = 0
11    epoll_wait(9, [{events=EPOLLIN, data={u32=6, u64=6}}], 1, 5000) = 1
11    recvfrom(6, "BR&amp;prev=http://www.google.co"..., 4095, 0, NULL, NULL) = 4095
11    epoll_ctl(9, EPOLL_CTL_MOD, 6, {events=EPOLLIN, data={u32=6, u64=6}}) = 0
11    epoll_wait(9, [{events=EPOLLIN, data={u32=6, u64=6}}], 1, 5000) = 1
11    recvfrom(6, "l(c,a+\"[nonce]\");return b==null?"..., 4095, 0, NULL, NULL) = 4095
11    epoll_ctl(9, EPOLL_CTL_MOD, 6, {events=EPOLLIN, data={u32=6, u64=6}}) = 0
11    epoll_wait(9, [{events=EPOLLIN, data={u32=6, u64=6}}], 1, 5000) = 1
11    recvfrom(6, "ocument);b&&a.setAttribute(\"nonc"..., 4095, 0, NULL, NULL) = 4095
11    epoll_ctl(9, EPOLL_CTL_MOD, 6, {events=EPOLLIN, data={u32=6, u64=6}}) = 0
11    epoll_wait(9, [{events=EPOLLIN, data={u32=6, u64=6}}], 1, 5000) = 1
11    recvfrom(6, "p;E=C&&document.prerendering||D&"..., 4095, 0, NULL, NULL) = 1826
11    epoll_ctl(9, EPOLL_CTL_MOD, 6, {events=EPOLLIN, data={u32=6, u64=6}}) = 0
11    epoll_wait(9, [{events=EPOLLIN, data={u32=6, u64=6}}], 1, 5000) = 1
11    recvfrom(6, "", 4095, 0, NULL, NULL) = 0
11    madvise(0x7f1098021000, 126976, MADV_DONTNEED) = 0
11    close(9)                          = 0
11    close(6)                          = 0
11    socket(AF_INET, SOCK_STREAM|SOCK_NONBLOCK, IPPROTO_IP) = 6
11    epoll_create1(0)                  = 9
11    epoll_ctl(9, EPOLL_CTL_ADD, 6, {events=EPOLLOUT, data={u32=6, u64=6}}) = 0
11    connect(6, {sa_family=AF_INET, sin_port=htons(80), sin_addr=inet_addr("142.251.152.119")}, 16) = -1 EINPROGRESS (Operation now in progress)
11    epoll_ctl(9, EPOLL_CTL_MOD, 6, {events=EPOLLOUT, data={u32=6, u64=6}}) = 0
11    epoll_wait(9, [{events=EPOLLOUT, data={u32=6, u64=6}}], 1, 5000) = 1
11    getsockopt(6, SOL_SOCKET, SO_ERROR, [0], [4]) = 0
11    epoll_ctl(9, EPOLL_CTL_MOD, 6, {events=EPOLLOUT, data={u32=6, u64=6}}) = 0
11    epoll_wait(9, [{events=EPOLLOUT, data={u32=6, u64=6}}], 1, 5000) = 1
11    sendto(6, "GET / HTTP/1.0\r\nHost: www.google"..., 59, 0, NULL, 0) = 59
11    epoll_ctl(9, EPOLL_CTL_MOD, 6, {events=EPOLLIN, data={u32=6, u64=6}}) = 0
11    epoll_wait(9, [{events=EPOLLIN, data={u32=6, u64=6}}], 1, 5000) = 1
11    recvfrom(6, "HTTP/1.0 200 OK\r\nDate: Thu, 16 A"..., 4095, 0, NULL, NULL) = 4095
11    epoll_ctl(9, EPOLL_CTL_MOD, 6, {events=EPOLLIN, data={u32=6, u64=6}}) = 0
11    epoll_wait(9, [{events=EPOLLIN, data={u32=6, u64=6}}], 1, 5000) = 1
11    recvfrom(6, "nction k(){return window.google&"..., 4095, 0, NULL, NULL) = 2025
11    epoll_ctl(9, EPOLL_CTL_MOD, 6, {events=EPOLLIN, data={u32=6, u64=6}}) = 0
11    epoll_wait(9, [{events=EPOLLIN, data={u32=6, u64=6}}], 1, 5000) = 1
11    recvfrom(6, "href\")===\"1\";break a}a=!1}a&&b.p"..., 4095, 0, NULL, NULL) = 4095
11    epoll_ctl(9, EPOLL_CTL_MOD, 6, {events=EPOLLIN, data={u32=6, u64=6}}) = 0
11    epoll_wait(9, [{events=EPOLLIN, data={u32=6, u64=6}}], 1, 5000) = 1
11    recvfrom(6, "l,null,0,\"\",0,0]]],};this.gbar_="..., 4095, 0, NULL, NULL) = 4095
11    epoll_ctl(9, EPOLL_CTL_MOD, 6, {events=EPOLLIN, data={u32=6, u64=6}}) = 0
11    epoll_wait(9, [{events=EPOLLIN, data={u32=6, u64=6}}], 1, 5000) = 1
11    recvfrom(6, "id 0;((v=b)!=null?v:b={})[u]=r}e"..., 4095, 0, NULL, NULL) = 4095
11    epoll_ctl(9, EPOLL_CTL_MOD, 6, {events=EPOLLIN, data={u32=6, u64=6}}) = 0
11    epoll_wait(9, [{events=EPOLLIN, data={u32=6, u64=6}}], 1, 5000) = 1
11    recvfrom(6, "function(a,b){if(b)for(var c=0;c"..., 4095, 0, NULL, NULL) = 4095
11    epoll_ctl(9, EPOLL_CTL_MOD, 6, {events=EPOLLIN, data={u32=6, u64=6}}) = 0
11    epoll_wait(9, [{events=EPOLLIN, data={u32=6, u64=6}}], 1, 5000) = 1
11    recvfrom(6, "otype,a,{configurable:!0,writabl"..., 4095, 0, NULL, NULL) = 4095
11    epoll_ctl(9, EPOLL_CTL_MOD, 6, {events=EPOLLIN, data={u32=6, u64=6}}) = 0
11    epoll_wait(9, [{events=EPOLLIN, data={u32=6, u64=6}}], 1, 5000) = 1
11    recvfrom(6, "return!n.has(k)&&n.get(m)==4}cat"..., 4095, 0, NULL, NULL) = 525
11    epoll_ctl(9, EPOLL_CTL_MOD, 6, {events=EPOLLIN, data={u32=6, u64=6}}) = 0
11    epoll_wait(9, [{events=EPOLLIN, data={u32=6, u64=6}}], 1, 5000) = 1
11    recvfrom(6, "(k[f],this.i)};h.prototype.delet"..., 4095, 0, NULL, NULL) = 4095
11    epoll_ctl(9, EPOLL_CTL_MOD, 6, {events=EPOLLIN, data={u32=6, u64=6}}) = 0
11    epoll_wait(9, [{events=EPOLLIN, data={u32=6, u64=6}}], 1, 5000) = 1
11    recvfrom(6, "er.MAX_SAFE_INTEGER\",function(){"..., 4095, 0, NULL, NULL) = 4095
11    epoll_ctl(9, EPOLL_CTL_MOD, 6, {events=EPOLLIN, data={u32=6, u64=6}}) = 0
11    epoll_wait(9, [{events=EPOLLIN, data={u32=6, u64=6}}], 1, 5000) = 1
11    recvfrom(6, "ion(d,e,f){for(var g=Array(argum"..., 4095, 0, NULL, NULL) = 4095
11    epoll_ctl(9, EPOLL_CTL_MOD, 6, {events=EPOLLIN, data={u32=6, u64=6}}) = 0
11    epoll_wait(9, [{events=EPOLLIN, data={u32=6, u64=6}}], 1, 5000) = 1
11    recvfrom(6, "==Ja)return b};_.Cb=function(a,b"..., 4095, 0, NULL, NULL) = 4095
11    epoll_ctl(9, EPOLL_CTL_MOD, 6, {events=EPOLLIN, data={u32=6, u64=6}}) = 0
11    epoll_wait(9, [{events=EPOLLIN, data={u32=6, u64=6}}], 1, 5000) = 1
11    recvfrom(6, "on(){return this.i};_.l.Bj=funct"..., 4095, 0, NULL, NULL) = 4095
11    epoll_ctl(9, EPOLL_CTL_MOD, 6, {events=EPOLLIN, data={u32=6, u64=6}}) = 0
11    epoll_wait(9, [{events=EPOLLIN, data={u32=6, u64=6}}], 1, 5000) = 1
11    recvfrom(6, "y:block;height:100%}.gb_pb{curso"..., 4095, 0, NULL, NULL) = 4095
11    epoll_ctl(9, EPOLL_CTL_MOD, 6, {events=EPOLLIN, data={u32=6, u64=6}}) = 0
11    epoll_wait(9, [{events=EPOLLIN, data={u32=6, u64=6}}], 1, 5000) = 1
11    recvfrom(6, "r-on-surface,#1f1f1f))}.gb_Ia.gb"..., 4095, 0, NULL, NULL) = 630
11    epoll_ctl(9, EPOLL_CTL_MOD, 6, {events=EPOLLIN, data={u32=6, u64=6}}) = 0
11    epoll_wait(9, [{events=EPOLLIN, data={u32=6, u64=6}}], 1, 5000) = 1
11    recvfrom(6, "e3e3))}.gb_Ia.gb_H.gb_3a.gb_Qd{b"..., 4095, 0, NULL, NULL) = 4095
11    epoll_ctl(9, EPOLL_CTL_MOD, 6, {events=EPOLLIN, data={u32=6, u64=6}}) = 0
11    epoll_wait(9, [{events=EPOLLIN, data={u32=6, u64=6}}], 1, 5000) = 1
11    recvfrom(6, "lex:0;-webkit-flex:0 0 auto;flex"..., 4095, 0, NULL, NULL) = 4095
11    epoll_ctl(9, EPOLL_CTL_MOD, 6, {events=EPOLLIN, data={u32=6, u64=6}}) = 0
11    epoll_wait(9, [{events=EPOLLIN, data={u32=6, u64=6}}], 1, 5000) = 1
11    recvfrom(6, "f4}.gb_7a .gb_9a{vertical-align:"..., 4095, 0, NULL, NULL) = 1610
11    epoll_ctl(9, EPOLL_CTL_MOD, 6, {events=EPOLLIN, data={u32=6, u64=6}}) = 0
11    epoll_wait(9, [{events=EPOLLIN, data={u32=6, u64=6}}], 1, 5000) = 1
11    recvfrom(6, "erd={jsr:1,bv:2425,de:true,dpf:'"..., 4095, 0, NULL, NULL) = 4095
11    epoll_ctl(9, EPOLL_CTL_MOD, 6, {events=EPOLLIN, data={u32=6, u64=6}}) = 0
11    epoll_wait(9, [{events=EPOLLIN, data={u32=6, u64=6}}], 1, 5000) = 1
11    recvfrom(6, "search\" name=\"f\"><table cellpadd"..., 4095, 0, NULL, NULL) = 4095
11    epoll_ctl(9, EPOLL_CTL_MOD, 6, {events=EPOLLIN, data={u32=6, u64=6}}) = 0
11    epoll_wait(9, [{events=EPOLLIN, data={u32=6, u64=6}}], 1, 5000) = 1
11    recvfrom(6, "a){_.y.call(this);this.B=a;this."..., 4095, 0, NULL, NULL) = 210
11    epoll_ctl(9, EPOLL_CTL_MOD, 6, {events=EPOLLIN, data={u32=6, u64=6}}) = 0
11    epoll_wait(9, [{events=EPOLLIN, data={u32=6, u64=6}}], 1, 5000) = 1
11    recvfrom(6, "ype.A=function(a){this.i[a]&&(_."..., 4095, 0, NULL, NULL) = 4095
11    epoll_ctl(9, EPOLL_CTL_MOD, 6, {events=EPOLLIN, data={u32=6, u64=6}}) = 0
11    epoll_wait(9, [{events=EPOLLIN, data={u32=6, u64=6}}], 1, 5000) = 1
11    recvfrom(6, "height:\"height\",maxlength:\"maxLe"..., 4095, 0, NULL, NULL) = 4095
11    epoll_ctl(9, EPOLL_CTL_MOD, 6, {events=EPOLLIN, data={u32=6, u64=6}}) = 0
11    epoll_wait(9, [{events=EPOLLIN, data={u32=6, u64=6}}], 1, 5000) = 1
11    recvfrom(6, "s5.O/am\\x3dAAAAAAAAAAAAAAAAAAAAA"..., 4095, 0, NULL, NULL) = 4095
11    epoll_ctl(9, EPOLL_CTL_MOD, 6, {events=EPOLLIN, data={u32=6, u64=6}}) = 0
11    epoll_wait(9, [{events=EPOLLIN, data={u32=6, u64=6}}], 1, 5000) = 1
11    recvfrom(6, "l\\x22:\\x22Saiba mais\\x22,\\x22psr"..., 4095, 0, NULL, NULL) = 427
11    epoll_ctl(9, EPOLL_CTL_MOD, 6, {events=EPOLLIN, data={u32=6, u64=6}}) = 0
11    epoll_wait(9, [{events=EPOLLIN, data={u32=6, u64=6}}], 1, 5000) = 1
11    recvfrom(6, "", 4095, 0, NULL, NULL) = 0
11    madvise(0x7f1098021000, 126976, MADV_DONTNEED) = 0
11    close(9)                          = 0
11    close(6)                          = 0
11    socket(AF_INET, SOCK_STREAM|SOCK_NONBLOCK, IPPROTO_IP) = 6
11    epoll_create1(0)                  = 9
11    epoll_ctl(9, EPOLL_CTL_ADD, 6, {events=EPOLLOUT, data={u32=6, u64=6}}) = 0
11    connect(6, {sa_family=AF_INET, sin_port=htons(80), sin_addr=inet_addr("142.251.152.119")}, 16) = -1 EINPROGRESS (Operation now in progress)
11    epoll_ctl(9, EPOLL_CTL_MOD, 6, {events=EPOLLOUT, data={u32=6, u64=6}}) = 0
11    epoll_wait(9, [{events=EPOLLOUT, data={u32=6, u64=6}}], 1, 5000) = 1
11    getsockopt(6, SOL_SOCKET, SO_ERROR, [0], [4]) = 0
11    epoll_ctl(9, EPOLL_CTL_MOD, 6, {events=EPOLLOUT, data={u32=6, u64=6}}) = 0
11    epoll_wait(9, [{events=EPOLLOUT, data={u32=6, u64=6}}], 1, 5000) = 1
11    sendto(6, "GET / HTTP/1.0\r\nHost: www.google"..., 59, 0, NULL, 0) = 59
11    epoll_ctl(9, EPOLL_CTL_MOD, 6, {events=EPOLLIN, data={u32=6, u64=6}}) = 0
11    epoll_wait(9,  <unfinished ...>
10    <... epoll_wait resumed>[{events=EPOLLOUT, data={u32=4, u64=4}}], 1, 5000) = 1
10    getsockopt(4, SOL_SOCKET, SO_ERROR, [0], [4]) = 0
10    epoll_ctl(7, EPOLL_CTL_MOD, 4, {events=EPOLLOUT, data={u32=4, u64=4}}) = 0
10    epoll_wait(7, [{events=EPOLLOUT, data={u32=4, u64=4}}], 1, 5000) = 1
10    sendto(4, "GET / HTTP/1.0\r\nHost: www.google"..., 59, 0, NULL, 0) = 59
10    epoll_ctl(7, EPOLL_CTL_MOD, 4, {events=EPOLLIN, data={u32=4, u64=4}}) = 0
10    epoll_wait(7, [{events=EPOLLIN, data={u32=4, u64=4}}], 1, 5000) = 1
10    recvfrom(4, "HTTP/1.0 200 OK\r\nDate: Thu, 16 A"..., 4095, 0, NULL, NULL) = 4095
10    mmap(NULL, 134217728, PROT_NONE, MAP_PRIVATE|MAP_ANONYMOUS|MAP_NORESERVE, -1, 0) = 0x7f1090000000
10    munmap(0x7f1094000000, 67108864)  = 0
10    mprotect(0x7f1090000000, 135168, PROT_READ|PROT_WRITE) = 0
10    epoll_ctl(7, EPOLL_CTL_MOD, 4, {events=EPOLLIN, data={u32=4, u64=4}}) = 0
10    epoll_wait(7, [{events=EPOLLIN, data={u32=4, u64=4}}], 1, 5000) = 1
10    recvfrom(4, "[];function p(a){for(var b;a&&(!"..., 4095, 0, NULL, NULL) = 3512
10    epoll_ctl(7, EPOLL_CTL_MOD, 4, {events=EPOLLIN, data={u32=4, u64=4}}) = 0
10    epoll_wait(7, [{events=EPOLLIN, data={u32=4, u64=4}}], 1, 5000) = 1
10    recvfrom(4, "6249040,116249043\",null,null,nul"..., 4095, 0, NULL, NULL) = 4095
10    epoll_ctl(7, EPOLL_CTL_MOD, 4, {events=EPOLLIN, data={u32=4, u64=4}}) = 0
10    epoll_wait(7, [{events=EPOLLIN, data={u32=4, u64=4}}], 1, 5000) = 1
10    recvfrom(4, "ident\")||_.pa(\"MSIE\")};\n_.ta=fun"..., 4095, 0, NULL, NULL) = 4095
10    epoll_ctl(7, EPOLL_CTL_MOD, 4, {events=EPOLLIN, data={u32=4, u64=4}}) = 0
10    epoll_wait(7, [{events=EPOLLIN, data={u32=4, u64=4}}], 1, 5000) = 1
10    recvfrom(4, "64|d);return a};rb=function(){if"..., 4095, 0, NULL, NULL) = 4095
10    epoll_ctl(7, EPOLL_CTL_MOD, 4, {events=EPOLLIN, data={u32=4, u64=4}}) = 0
10    epoll_wait(7, [{events=EPOLLIN, data={u32=4, u64=4}}], 1, 5000) = 1
10    recvfrom(4, "this.F=null;this.o=void 0;this.j"..., 4095, 0, NULL, NULL) = 4095
10    epoll_ctl(7, EPOLL_CTL_MOD, 4, {events=EPOLLIN, data={u32=4, u64=4}}) = 0
10    epoll_wait(7, [{events=EPOLLIN, data={u32=4, u64=4}}], 1, 5000) = 1
10    recvfrom(4, "ction(){if(g.G()){var h=Mb.conso"..., 4095, 0, NULL, NULL) = 4095
10    epoll_ctl(7, EPOLL_CTL_MOD, 4, {events=EPOLLIN, data={u32=4, u64=4}}) = 0
10    epoll_wait(7, [{events=EPOLLIN, data={u32=4, u64=4}}], 1, 5000) = 1
10    recvfrom(4, "h){h=d(this,h);return h.entry&&h"..., 4095, 0, NULL, NULL) = 1925
10    epoll_ctl(7, EPOLL_CTL_MOD, 4, {events=EPOLLIN, data={u32=4, u64=4}}) = 0
10    epoll_wait(7, [{events=EPOLLIN, data={u32=4, u64=4}}], 1, 5000) = 1
10    recvfrom(4, "unction(c){c=c===0?0:c;this.i.se"..., 4095, 0, NULL, NULL) = 4095
10    epoll_ctl(7, EPOLL_CTL_MOD, 4, {events=EPOLLIN, data={u32=4, u64=4}}) = 0
10    epoll_wait(7, [{events=EPOLLIN, data={u32=4, u64=4}}], 1, 5000) = 1
10    recvfrom(4, ".Qa=function(a){var b=typeof a;r"..., 4095, 0, NULL, NULL) = 4095
10    epoll_ctl(7, EPOLL_CTL_MOD, 4, {events=EPOLLIN, data={u32=4, u64=4}}) = 0
10    epoll_wait(7, [{events=EPOLLIN, data={u32=4, u64=4}}], 1, 5000) = 1
10    recvfrom(4, "(\\S+)/.exec(a);if(_.Jc)return/(?"..., 4095, 0, NULL, NULL) = 4095
10    epoll_ctl(7, EPOLL_CTL_MOD, 4, {events=EPOLLIN, data={u32=4, u64=4}}) = 0
10    epoll_wait(7, [{events=EPOLLIN, data={u32=4, u64=4}}], 1, 5000) = 1
10    recvfrom(4, "b,c,d){c=c===void 0?98:c;d=d===v"..., 4095, 0, NULL, NULL) = 1715
10    epoll_ctl(7, EPOLL_CTL_MOD, 4, {events=EPOLLIN, data={u32=4, u64=4}}) = 0
10    epoll_wait(7, [{events=EPOLLIN, data={u32=4, u64=4}}], 1, 5000) = 1
10    recvfrom(4, "g(a):console.error(a)});_.Vd=new"..., 4095, 0, NULL, NULL) = 4095
10    epoll_ctl(7, EPOLL_CTL_MOD, 4, {events=EPOLLIN, data={u32=4, u64=4}}) = 0
10    epoll_wait(7, [{events=EPOLLIN, data={u32=4, u64=4}}], 1, 5000) = 1
10    recvfrom(4, "b.gb_kb{color:#fff}.gb_3 .gb_pb,"..., 4095, 0, NULL, NULL) = 4095
10    epoll_ctl(7, EPOLL_CTL_MOD, 4, {events=EPOLLIN, data={u32=4, u64=4}}) = 0
10    epoll_wait(7, [{events=EPOLLIN, data={u32=4, u64=4}}], 1, 5000) = 1
10    recvfrom(4, "e3e3e3;color:var(--og-bar-color,"..., 4095, 0, NULL, NULL) = 4095
10    epoll_ctl(7, EPOLL_CTL_MOD, 4, {events=EPOLLIN, data={u32=4, u64=4}}) = 0
10    epoll_wait(7, [{events=EPOLLIN, data={u32=4, u64=4}}], 1, 5000) = 1
10    recvfrom(4, "order-box;height:48px;padding:0 "..., 4095, 0, NULL, NULL) = 1715
10    epoll_ctl(7, EPOLL_CTL_MOD, 4, {events=EPOLLIN, data={u32=4, u64=4}}) = 0
10    epoll_wait(7, [{events=EPOLLIN, data={u32=4, u64=4}}], 1, 5000) = 1
10    recvfrom(4, "der-bottom-color:#ccc}.gb_na{bac"..., 4095, 0, NULL, NULL) = 4095
10    epoll_ctl(7, EPOLL_CTL_MOD, 4, {events=EPOLLIN, data={u32=4, u64=4}}) = 0
10    epoll_wait(7, [{events=EPOLLIN, data={u32=4, u64=4}}], 1, 5000) = 1
10    recvfrom(4, "px327cvLf8YjVe8eFH7Z-QO_ozg6iELO"..., 4095, 0, NULL, NULL) = 4095
10    mprotect(0x7f1090021000, 126976, PROT_READ|PROT_WRITE) = 0
10    epoll_ctl(7, EPOLL_CTL_MOD, 4, {events=EPOLLIN, data={u32=4, u64=4}}) = 0
10    epoll_wait(7, [{events=EPOLLIN, data={u32=4, u64=4}}], 1, 5000) = 1
10    recvfrom(4, " cellspacing=\"0\"><tr valign=\"top"..., 4095, 0, NULL, NULL) = 4095
10    epoll_ctl(7, EPOLL_CTL_MOD, 4, {events=EPOLLIN, data={u32=4, u64=4}}) = 0
10    epoll_wait(7, [{events=EPOLLIN, data={u32=4, u64=4}}], 1, 5000) = 1
10    recvfrom(4, "this.o={};this.C={};this.i={};th"..., 4095, 0, NULL, NULL) = 4095
10    epoll_ctl(7, EPOLL_CTL_MOD, 4, {events=EPOLLIN, data={u32=4, u64=4}}) = 0
10    epoll_wait(7, [{events=EPOLLIN, data={u32=4, u64=4}}], 1, 5000) = 1
10    recvfrom(4, "f[d],c):_.Me(d,\"aria-\")||_.Me(d,"..., 4095, 0, NULL, NULL) = 420
10    epoll_ctl(7, EPOLL_CTL_MOD, 4, {events=EPOLLIN, data={u32=4, u64=4}}) = 0
10    epoll_wait(7, [{events=EPOLLIN, data={u32=4, u64=4}}], 1, 5000) = 1
10    recvfrom(4, "peof c===\"string\"?d.className=c:"..., 4095, 0, NULL, NULL) = 4095
10    epoll_ctl(7, EPOLL_CTL_MOD, 4, {events=EPOLLIN, data={u32=4, u64=4}}) = 0
10    epoll_wait(7, [{events=EPOLLIN, data={u32=4, u64=4}}], 1, 5000) = 1
10    recvfrom(4, "/xjs/_/js/k\\x3dxjs.hp.en.yLnI6iS"..., 4095, 0, NULL, NULL) = 4095
10    epoll_ctl(7, EPOLL_CTL_MOD, 4, {events=EPOLLIN, data={u32=4, u64=4}}) = 0
10    epoll_wait(7, [{events=EPOLLIN, data={u32=4, u64=4}}], 1, 5000) = 1
10    recvfrom(4, "x22:\\x22Pesquisa Google\\x22},\\x2"..., 4095, 0, NULL, NULL) = 186
10    epoll_ctl(7, EPOLL_CTL_MOD, 4, {events=EPOLLIN, data={u32=4, u64=4}}) = 0
10    epoll_wait(7, [{events=EPOLLIN, data={u32=4, u64=4}}], 1, 5000) = 1
10    recvfrom(4, "", 4095, 0, NULL, NULL) = 0
10    madvise(0x7f1090021000, 126976, MADV_DONTNEED) = 0
10    close(7)                          = 0
10    close(4)                          = 0
10    rt_sigprocmask(SIG_BLOCK, ~[RT_1], NULL, 8) = 0
10    madvise(0x7f109dd2c000, 8368128, MADV_DONTNEED) = 0
10    exit(0)                           = ?
9     <... futex resumed>)              = 0
10    +++ exited with 0 +++
9     futex(0x7f109dd2b990, FUTEX_WAIT_BITSET|FUTEX_CLOCK_REALTIME, 11, NULL, FUTEX_BITSET_MATCH_ANY <unfinished ...>
11    <... epoll_wait resumed>[{events=EPOLLIN, data={u32=6, u64=6}}], 1, 5000) = 1
11    recvfrom(6, "HTTP/1.0 200 OK\r\nDate: Thu, 16 A"..., 4095, 0, NULL, NULL) = 4095
11    epoll_ctl(9, EPOLL_CTL_MOD, 6, {events=EPOLLIN, data={u32=6, u64=6}}) = 0
11    epoll_wait(9, [{events=EPOLLIN, data={u32=6, u64=6}}], 1, 5000) = 1
11    recvfrom(6, "etAttribute||!(b=a.getAttribute("..., 4095, 0, NULL, NULL) = 2817
11    epoll_ctl(9, EPOLL_CTL_MOD, 6, {events=EPOLLIN, data={u32=6, u64=6}}) = 0
11    epoll_wait(9, [{events=EPOLLIN, data={u32=6, u64=6}}], 1, 5000) = 1
11    recvfrom(6, "0,\"\",\"AN2NJM6dSQC3L6L0ZUEjnvFBjs"..., 4095, 0, NULL, NULL) = 4095
11    epoll_ctl(9, EPOLL_CTL_MOD, 6, {events=EPOLLIN, data={u32=6, u64=6}}) = 0
11    epoll_wait(9, [{events=EPOLLIN, data={u32=6, u64=6}}], 1, 5000) = 1
11    recvfrom(6, ">b.length)return!1;if(a.length<b"..., 4095, 0, NULL, NULL) = 4095
11    epoll_ctl(9, EPOLL_CTL_MOD, 6, {events=EPOLLIN, data={u32=6, u64=6}}) = 0
11    epoll_wait(9, [{events=EPOLLIN, data={u32=6, u64=6}}], 1, 5000) = 1
11    recvfrom(6, "(a,b,c,d){d=d===void 0?0:d;if(a="..., 4095, 0, NULL, NULL) = 4095
11    epoll_ctl(9, EPOLL_CTL_MOD, 6, {events=EPOLLIN, data={u32=6, u64=6}}) = 0
11    epoll_wait(9, [{events=EPOLLIN, data={u32=6, u64=6}}], 1, 5000) = 1
11    recvfrom(6, "?{done:!1,value:a[b++]}:{done:!0"..., 4095, 0, NULL, NULL) = 4095
11    epoll_ctl(9, EPOLL_CTL_MOD, 6, {events=EPOLLIN, data={u32=6, u64=6}}) = 0
11    epoll_wait(9, [{events=EPOLLIN, data={u32=6, u64=6}}], 1, 5000) = 1
11    recvfrom(6, "var h=this,k=!1;return{resolve:g"..., 4095, 0, NULL, NULL) = 4095
11    epoll_ctl(9, EPOLL_CTL_MOD, 6, {events=EPOLLIN, data={u32=6, u64=6}}) = 0
11    epoll_wait(9, [{events=EPOLLIN, data={u32=6, u64=6}}], 1, 5000) = 1
11    recvfrom(6, "size!=2)return!1;var m=k.entries"..., 4095, 0, NULL, NULL) = 525
11    epoll_ctl(9, EPOLL_CTL_MOD, 6, {events=EPOLLIN, data={u32=6, u64=6}}) = 0
11    epoll_wait(9, [{events=EPOLLIN, data={u32=6, u64=6}}], 1, 5000) = 1
11    recvfrom(6, ",value:k},m.list.push(m.entry),t"..., 4095, 0, NULL, NULL) = 4095
11    epoll_ctl(9, EPOLL_CTL_MOD, 6, {events=EPOLLIN, data={u32=6, u64=6}}) = 0
11    epoll_wait(9, [{events=EPOLLIN, data={u32=6, u64=6}}], 1, 5000) = 1
11    recvfrom(6, "){if(!d&&c<a.length){var f=c++;r"..., 4095, 0, NULL, NULL) = 2905
11    epoll_ctl(9, EPOLL_CTL_MOD, 6, {events=EPOLLIN, data={u32=6, u64=6}}) = 0
11    epoll_wait(9, [{events=EPOLLIN, data={u32=6, u64=6}}], 1, 5000) = 1
11    recvfrom(6, "tion(a,b){a=a.split(\".\");for(var"..., 4095, 0, NULL, NULL) = 2800
11    epoll_ctl(9, EPOLL_CTL_MOD, 6, {events=EPOLLIN, data={u32=6, u64=6}}) = 0
11    epoll_wait(9, [{events=EPOLLIN, data={u32=6, u64=6}}], 1, 5000) = 1
11    recvfrom(6, "(\"Trident\")||_.pa(\"MSIE\"))&&!_.p"..., 4095, 0, NULL, NULL) = 2800
11    epoll_ctl(9, EPOLL_CTL_MOD, 6, {events=EPOLLIN, data={u32=6, u64=6}}) = 0
11    epoll_wait(9, [{events=EPOLLIN, data={u32=6, u64=6}}], 1, 5000) = 1
11    recvfrom(6, "SON=function(){return ob(this)};"..., 4095, 0, NULL, NULL) = 4095
11    epoll_ctl(9, EPOLL_CTL_MOD, 6, {events=EPOLLIN, data={u32=6, u64=6}}) = 0
11    epoll_wait(9, [{events=EPOLLIN, data={u32=6, u64=6}}], 1, 5000) = 1
11    recvfrom(6, "otype.bd=_.Pd.prototype.zj;_.Pd."..., 4095, 0, NULL, NULL) = 2905
11    epoll_ctl(9, EPOLL_CTL_MOD, 6, {events=EPOLLIN, data={u32=6, u64=6}}) = 0
11    epoll_wait(9, [{events=EPOLLIN, data={u32=6, u64=6}}], 1, 5000) = 1
11    recvfrom(6, "00%}.gb_pb{cursor:pointer;line-h"..., 4095, 0, NULL, NULL) = 4095
11    epoll_ctl(9, EPOLL_CTL_MOD, 6, {events=EPOLLIN, data={u32=6, u64=6}}) = 0
11    epoll_wait(9, [{events=EPOLLIN, data={u32=6, u64=6}}], 1, 5000) = 1
11    recvfrom(6, "1f1f))}.gb_Ia.gb_3a.gb_Qd{backgr"..., 4095, 0, NULL, NULL) = 4095
11    epoll_ctl(9, EPOLL_CTL_MOD, 6, {events=EPOLLIN, data={u32=6, u64=6}}) = 0
11    epoll_wait(9, [{events=EPOLLIN, data={u32=6, u64=6}}], 1, 5000) = 1
11    recvfrom(6, ";-webkit-flex:1 0 auto;flex:1 0 "..., 4095, 0, NULL, NULL) = 1919
11    epoll_ctl(9, EPOLL_CTL_MOD, 6, {events=EPOLLIN, data={u32=6, u64=6}}) = 0
11    epoll_wait(9, [{events=EPOLLIN, data={u32=6, u64=6}}], 1, 5000) = 1
11    recvfrom(6, "RTL_LANG){.gb_xd .gb_U{left:-5px"..., 4095, 0, NULL, NULL) = 4095
11    epoll_ctl(9, EPOLL_CTL_MOD, 6, {events=EPOLLIN, data={u32=6, u64=6}}) = 0
11    epoll_wait(9, [{events=EPOLLIN, data={u32=6, u64=6}}], 1, 5000) = 1
11    recvfrom(6, "rl(/images/nav_logo229.png) 0 -2"..., 4095, 0, NULL, NULL) = 4095
11    epoll_ctl(9, EPOLL_CTL_MOD, 6, {events=EPOLLIN, data={u32=6, u64=6}}) = 0
11    epoll_wait(9, [{events=EPOLLIN, data={u32=6, u64=6}}], 1, 5000) = 1
11    recvfrom(6, "top\"><span class=\"gb_de\">Fazer l"..., 4095, 0, NULL, NULL) = 4095
11    epoll_ctl(9, EPOLL_CTL_MOD, 6, {events=EPOLLIN, data={u32=6, u64=6}}) = 0
11    epoll_wait(9, [{events=EPOLLIN, data={u32=6, u64=6}}], 1, 5000) = 1
11    recvfrom(6, "tion(){};_.t.addEventListener(\"t"..., 4095, 0, NULL, NULL) = 4095
11    epoll_ctl(9, EPOLL_CTL_MOD, 6, {events=EPOLLIN, data={u32=6, u64=6}}) = 0
11    epoll_wait(9, [{events=EPOLLIN, data={u32=6, u64=6}}], 1, 5000) = 1
11    recvfrom(6, ":\"\"):_.hf(c,\"*\",a,b)[0]||null);r"..., 4095, 0, NULL, NULL) = 4095
11    epoll_ctl(9, EPOLL_CTL_MOD, 6, {events=EPOLLIN, data={u32=6, u64=6}}) = 0
11    epoll_wait(9, [{events=EPOLLIN, data={u32=6, u64=6}}], 1, 5000) = 1
11    recvfrom(6, "-wAr4_njfrM.L.X.O/am\\x3dgAAAAAIA"..., 4095, 0, NULL, NULL) = 4095
11    epoll_ctl(9, EPOLL_CTL_MOD, 6, {events=EPOLLIN, data={u32=6, u64=6}}) = 0
11    epoll_wait(9, [{events=EPOLLIN, data={u32=6, u64=6}}], 1, 5000) = 1
11    recvfrom(6, "8208,18918408,34603072,94371840,"..., 4095, 0, NULL, NULL) = 942
11    epoll_ctl(9, EPOLL_CTL_MOD, 6, {events=EPOLLIN, data={u32=6, u64=6}}) = 0
11    epoll_wait(9, [{events=EPOLLIN, data={u32=6, u64=6}}], 1, 5000) = 1
11    recvfrom(6, "", 4095, 0, NULL, NULL) = 0
11    madvise(0x7f1098021000, 126976, MADV_DONTNEED) = 0
11    close(9)                          = 0
11    close(6)                          = 0
11    rt_sigprocmask(SIG_BLOCK, ~[RT_1], NULL, 8) = 0
11    madvise(0x7f109d52b000, 8368128, MADV_DONTNEED) = 0
11    exit(0)                           = ?
9     <... futex resumed>)              = 0
11    +++ exited with 0 +++
9     futex(0x7f109d52a990, FUTEX_WAIT_BITSET|FUTEX_CLOCK_REALTIME, 12, NULL, FUTEX_BITSET_MATCH_ANY <unfinished ...>
12    <... epoll_wait resumed>[{events=EPOLLOUT, data={u32=8, u64=8}}], 1, 5000) = 1
12    getsockopt(8, SOL_SOCKET, SO_ERROR, [0], [4]) = 0
12    epoll_ctl(10, EPOLL_CTL_MOD, 8, {events=EPOLLOUT, data={u32=8, u64=8}}) = 0
12    epoll_wait(10, [{events=EPOLLOUT, data={u32=8, u64=8}}], 1, 5000) = 1
12    sendto(8, "GET / HTTP/1.0\r\nHost: www.google"..., 59, 0, NULL, 0) = 59
12    epoll_ctl(10, EPOLL_CTL_MOD, 8, {events=EPOLLIN, data={u32=8, u64=8}}) = 0
12    epoll_wait(10, [{events=EPOLLIN, data={u32=8, u64=8}}], 1, 5000) = 1
12    recvfrom(8, "HTTP/1.0 200 OK\r\nDate: Thu, 16 A"..., 4095, 0, NULL, NULL) = 4095
12    epoll_ctl(10, EPOLL_CTL_MOD, 8, {events=EPOLLIN, data={u32=8, u64=8}}) = 0
12    epoll_wait(10, [{events=EPOLLIN, data={u32=8, u64=8}}], 1, 5000) = 1
12    recvfrom(8, "[];function p(a){for(var b;a&&(!"..., 4095, 0, NULL, NULL) = 2672
12    epoll_ctl(10, EPOLL_CTL_MOD, 8, {events=EPOLLIN, data={u32=8, u64=8}}) = 0
12    epoll_wait(10, [{events=EPOLLIN, data={u32=8, u64=8}}], 1, 5000) = 1
12    recvfrom(8, "f30755d6a6b787dcc2a4062e6e9824.j"..., 4095, 0, NULL, NULL) = 4095
12    epoll_ctl(10, EPOLL_CTL_MOD, 8, {events=EPOLLIN, data={u32=8, u64=8}}) = 0
12    epoll_wait(10, [{events=EPOLLIN, data={u32=8, u64=8}}], 1, 5000) = 1
12    recvfrom(8, "ow Error(String(b));}else if(da("..., 4095, 0, NULL, NULL) = 4095
12    epoll_ctl(10, EPOLL_CTL_MOD, 8, {events=EPOLLIN, data={u32=8, u64=8}}) = 0
12    epoll_wait(10, [{events=EPOLLIN, data={u32=8, u64=8}}], 1, 5000) = 1
12    recvfrom(8, "b===La||b[mb]!==nb?La:b;try{retu"..., 4095, 0, NULL, NULL) = 210
12    epoll_ctl(10, EPOLL_CTL_MOD, 8, {events=EPOLLIN, data={u32=8, u64=8}}) = 0
12    epoll_wait(10, [{events=EPOLLIN, data={u32=8, u64=8}}], 1, 5000) = 1
12    recvfrom(8, "(a==null){var e=32;c?(a=[c],e|=1"..., 4095, 0, NULL, NULL) = 4095
12    epoll_ctl(10, EPOLL_CTL_MOD, 8, {events=EPOLLIN, data={u32=8, u64=8}}) = 0
12    epoll_wait(10, [{events=EPOLLIN, data={u32=8, u64=8}}], 1, 5000) = 1
12    recvfrom(8, ":!0}}};\n_.C=function(a){var b=ty"..., 4095, 0, NULL, NULL) = 4095
12    epoll_ctl(10, EPOLL_CTL_MOD, 8, {events=EPOLLIN, data={u32=8, u64=8}}) = 0
12    epoll_wait(10, [{events=EPOLLIN, data={u32=8, u64=8}}], 1, 5000) = 1
12    recvfrom(8, "e:g(this.X),reject:g(this.A)}};e"..., 4095, 0, NULL, NULL) = 210
12    epoll_ctl(10, EPOLL_CTL_MOD, 8, {events=EPOLLIN, data={u32=8, u64=8}}) = 0
12    epoll_wait(10, [{events=EPOLLIN, data={u32=8, u64=8}}], 1, 5000) = 1
12    recvfrom(8, "break a;default:h=!1}h?this.K(g)"..., 4095, 0, NULL, NULL) = 2800
12    epoll_ctl(10, EPOLL_CTL_MOD, 8, {events=EPOLLIN, data={u32=8, u64=8}}) = 0
12    epoll_wait(10, [{events=EPOLLIN, data={u32=8, u64=8}}], 1, 5000) = 1
12    recvfrom(8, "nction(){if(!a||!Object.seal)ret"..., 4095, 0, NULL, NULL) = 1400
12    epoll_ctl(10, EPOLL_CTL_MOD, 8, {events=EPOLLIN, data={u32=8, u64=8}}) = 0
12    epoll_wait(10, [{events=EPOLLIN, data={u32=8, u64=8}}], 1, 5000) = 1
12    recvfrom(8, "],k[1])}};c.prototype.set=functi"..., 4095, 0, NULL, NULL) = 4095
12    epoll_ctl(10, EPOLL_CTL_MOD, 8, {events=EPOLLIN, data={u32=8, u64=8}}) = 0
12    epoll_wait(10, [{events=EPOLLIN, data={u32=8, u64=8}}], 1, 5000) = 1
12    recvfrom(8, ".includes\",function(a){return a?"..., 4095, 0, NULL, NULL) = 4095
12    epoll_ctl(10, EPOLL_CTL_MOD, 8, {events=EPOLLIN, data={u32=8, u64=8}}) = 0
12    epoll_wait(10, [{events=EPOLLIN, data={u32=8, u64=8}}], 1, 5000) = 1
12    recvfrom(8, ".toString();tc=ea?BigInt(Number."..., 4095, 0, NULL, NULL) = 4095
12    epoll_ctl(10, EPOLL_CTL_MOD, 8, {events=EPOLLIN, data={u32=8, u64=8}}) = 0
12    epoll_wait(10, [{events=EPOLLIN, data={u32=8, u64=8}}], 1, 5000) = 1
12    recvfrom(8, "tion(a,b,c,d){c=c===void 0?!1:c;"..., 4095, 0, NULL, NULL) = 4095
12    epoll_ctl(10, EPOLL_CTL_MOD, 8, {events=EPOLLIN, data={u32=8, u64=8}}) = 0
12    epoll_wait(10, [{events=EPOLLIN, data={u32=8, u64=8}}], 1, 5000) = 1
12    recvfrom(8, "ew Xd(a);}else{c.i[a]=b;if(b=c.j"..., 4095, 0, NULL, NULL) = 420
12    epoll_ctl(10, EPOLL_CTL_MOD, 8, {events=EPOLLIN, data={u32=8, u64=8}}) = 0
12    epoll_wait(10, [{events=EPOLLIN, data={u32=8, u64=8}}], 1, 5000) = 1
12    recvfrom(8, "prototype.ba=_.Pd.prototype.tj;_"..., 4095, 0, NULL, NULL) = 2800
12    epoll_ctl(10, EPOLL_CTL_MOD, 8, {events=EPOLLIN, data={u32=8, u64=8}}) = 0
12    epoll_wait(10, [{events=EPOLLIN, data={u32=8, u64=8}}], 1, 5000) = 1
12    recvfrom(8, "it-box-shadow:inset 0 2px 0 rgba"..., 4095, 0, NULL, NULL) = 4095
12    epoll_ctl(10, EPOLL_CTL_MOD, 8, {events=EPOLLIN, data={u32=8, u64=8}}) = 0
12    epoll_wait(10, [{events=EPOLLIN, data={u32=8, u64=8}}], 1, 5000) = 1
12    recvfrom(8, "background:#1f1f1f;background:va"..., 4095, 0, NULL, NULL) = 4095
12    epoll_ctl(10, EPOLL_CTL_MOD, 8, {events=EPOLLIN, data={u32=8, u64=8}}) = 0
12    epoll_wait(10, [{events=EPOLLIN, data={u32=8, u64=8}}], 1, 5000) = 1
12    recvfrom(8, "ne;-ms-user-select:none;user-sel"..., 4095, 0, NULL, NULL) = 210
12    epoll_ctl(10, EPOLL_CTL_MOD, 8, {events=EPOLLIN, data={u32=8, u64=8}}) = 0
12    epoll_wait(10, [{events=EPOLLIN, data={u32=8, u64=8}}], 1, 5000) = 1
12    recvfrom(8, " 0 auto}.gb_Ia.gb_ab .gb_sd{padd"..., 4095, 0, NULL, NULL) = 4095
12    epoll_ctl(10, EPOLL_CTL_MOD, 8, {events=EPOLLIN, data={u32=8, u64=8}}) = 0
12    epoll_wait(10, [{events=EPOLLIN, data={u32=8, u64=8}}], 1, 5000) = 1
12    recvfrom(8, "color:var(--og-dasher-chip-outli"..., 4095, 0, NULL, NULL) = 4095
12    epoll_ctl(10, EPOLL_CTL_MOD, 8, {events=EPOLLIN, data={u32=8, u64=8}}) = 0
12    epoll_wait(10, [{events=EPOLLIN, data={u32=8, u64=8}}], 1, 5000) = 1
12    recvfrom(8, "ages){new Image().src=src;}\nif ("..., 4095, 0, NULL, NULL) = 427
12    epoll_ctl(10, EPOLL_CTL_MOD, 8, {events=EPOLLIN, data={u32=8, u64=8}}) = 0
12    epoll_wait(10, [{events=EPOLLIN, data={u32=8, u64=8}}], 1, 5000) = 1
12    recvfrom(8, "et=\"_top\">Gmail</a></div><div cl"..., 4095, 0, NULL, NULL) = 4095
12    epoll_ctl(10, EPOLL_CTL_MOD, 8, {events=EPOLLIN, data={u32=8, u64=8}}) = 0
12    epoll_wait(10, [{events=EPOLLIN, data={u32=8, u64=8}}], 1, 5000) = 1
12    recvfrom(8, "ject(d),b=\"2\"}catch(h){}}a=b;if("..., 4095, 0, NULL, NULL) = 105
12    epoll_ctl(10, EPOLL_CTL_MOD, 8, {events=EPOLLIN, data={u32=8, u64=8}}) = 0
12    epoll_wait(10, [{events=EPOLLIN, data={u32=8, u64=8}}], 1, 5000) = 1
12    recvfrom(8, "nt.getElementById(\"gbv\");g&&(g.v"..., 4095, 0, NULL, NULL) = 4095
12    epoll_ctl(10, EPOLL_CTL_MOD, 8, {events=EPOLLIN, data={u32=8, u64=8}}) = 0
12    epoll_wait(10, [{events=EPOLLIN, data={u32=8, u64=8}}], 1, 5000) = 1
12    recvfrom(8, "ptURL:b})}catch(c){}return a};\n_"..., 4095, 0, NULL, NULL) = 4095
12    epoll_ctl(10, EPOLL_CTL_MOD, 8, {events=EPOLLIN, data={u32=8, u64=8}}) = 0
12    epoll_wait(10, [{events=EPOLLIN, data={u32=8, u64=8}}], 1, 5000) = 1
12    recvfrom(8, "n(a,b){if(Nj){var c=_.pf(\"SCRIPT"..., 4095, 0, NULL, NULL) = 4095
12    epoll_ctl(10, EPOLL_CTL_MOD, 8, {events=EPOLLIN, data={u32=8, u64=8}}) = 0
12    epoll_wait(10, [{events=EPOLLIN, data={u32=8, u64=8}}], 1, 5000) = 1
12    recvfrom(8, " a=l.match(/\\/cb=(loaded_h_\\d+)/"..., 4095, 0, NULL, NULL) = 2300
12    epoll_ctl(10, EPOLL_CTL_MOD, 8, {events=EPOLLIN, data={u32=8, u64=8}}) = 0
12    epoll_wait(10, [{events=EPOLLIN, data={u32=8, u64=8}}], 1, 5000) = 1
12    recvfrom(8, "", 4095, 0, NULL, NULL) = 0
12    madvise(0x7f1098021000, 126976, MADV_DONTNEED) = 0
12    close(10)                         = 0
12    close(8)                          = 0
12    rt_sigprocmask(SIG_BLOCK, ~[RT_1], NULL, 8) = 0
12    madvise(0x7f109cd2a000, 8368128, MADV_DONTNEED) = 0
12    exit(0)                           = ?
9     <... futex resumed>)              = 0
12    +++ exited with 0 +++
9     futex(0x7f109cd29990, FUTEX_WAIT_BITSET|FUTEX_CLOCK_REALTIME, 13, NULL, FUTEX_BITSET_MATCH_ANY <unfinished ...>
13    <... epoll_wait resumed>[{events=EPOLLOUT, data={u32=3, u64=3}}], 1, 5000) = 1
13    getsockopt(3, SOL_SOCKET, SO_ERROR, [0], [4]) = 0
13    epoll_ctl(5, EPOLL_CTL_MOD, 3, {events=EPOLLOUT, data={u32=3, u64=3}}) = 0
13    epoll_wait(5, [{events=EPOLLOUT, data={u32=3, u64=3}}], 1, 5000) = 1
13    sendto(3, "GET / HTTP/1.0\r\nHost: www.google"..., 59, 0, NULL, 0) = 59
13    epoll_ctl(5, EPOLL_CTL_MOD, 3, {events=EPOLLIN, data={u32=3, u64=3}}) = 0
13    epoll_wait(5, [{events=EPOLLIN, data={u32=3, u64=3}}], 1, 5000) = 1
13    recvfrom(3, "HTTP/1.0 200 OK\r\nDate: Thu, 16 A"..., 4095, 0, NULL, NULL) = 4095
13    epoll_ctl(5, EPOLL_CTL_MOD, 3, {events=EPOLLIN, data={u32=3, u64=3}}) = 0
13    epoll_wait(5, [{events=EPOLLIN, data={u32=3, u64=3}}], 1, 5000) = 1
13    recvfrom(3, "te(\"eid\")));)a=a.parentNode;retu"..., 4095, 0, NULL, NULL) = 4007
13    epoll_ctl(5, EPOLL_CTL_MOD, 3, {events=EPOLLIN, data={u32=3, u64=3}}) = 0
13    epoll_wait(5, [{events=EPOLLIN, data={u32=3, u64=3}}], 1, 5000) = 1
13    recvfrom(3, "]],null,null,null,[[[null,null,["..., 4095, 0, NULL, NULL) = 4095
13    epoll_ctl(5, EPOLL_CTL_MOD, 3, {events=EPOLLIN, data={u32=3, u64=3}}) = 0
13    epoll_wait(5, [{events=EPOLLIN, data={u32=3, u64=3}}], 1, 5000) = 1
13    recvfrom(3, "_.pa(\"iPod\")};_.za=function(){re"..., 4095, 0, NULL, NULL) = 4095
13    epoll_ctl(5, EPOLL_CTL_MOD, 3, {events=EPOLLIN, data={u32=3, u64=3}}) = 0
13    epoll_wait(5, [{events=EPOLLIN, data={u32=3, u64=3}}], 1, 5000) = 1
13    recvfrom(3, "d|=2);b=b&16769217|d;_.Ia(a,b);r"..., 4095, 0, NULL, NULL) = 4095
13    epoll_ctl(5, EPOLL_CTL_MOD, 3, {events=EPOLLIN, data={u32=3, u64=3}}) = 0
13    epoll_wait(5, [{events=EPOLLIN, data={u32=3, u64=3}}], 1, 5000) = 1
13    recvfrom(3, "(a,b){a=_.C(a);var c=a.next();_."..., 4095, 0, NULL, NULL) = 4095
13    epoll_ctl(5, EPOLL_CTL_MOD, 3, {events=EPOLLIN, data={u32=3, u64=3}}) = 0
13    epoll_wait(5, [{events=EPOLLIN, data={u32=3, u64=3}}], 1, 5000) = 1
13    recvfrom(3, "]);this.j=null}};var f=new b;e.p"..., 4095, 0, NULL, NULL) = 4095
13    epoll_ctl(5, EPOLL_CTL_MOD, 3, {events=EPOLLIN, data={u32=3, u64=3}}) = 0
13    epoll_wait(5, [{events=EPOLLIN, data={u32=3, u64=3}}], 1, 5000) = 1
13    recvfrom(3, "n(){return e(this,function(h){re"..., 4095, 0, NULL, NULL) = 1925
13    epoll_ctl(5, EPOLL_CTL_MOD, 3, {events=EPOLLIN, data={u32=3, u64=3}}) = 0
13    epoll_wait(5, [{events=EPOLLIN, data={u32=3, u64=3}}], 1, 5000) = 1
13    recvfrom(3, ";Qb(\"Array.from\",function(a){ret"..., 4095, 0, NULL, NULL) = 4095
13    epoll_ctl(5, EPOLL_CTL_MOD, 3, {events=EPOLLIN, data={u32=3, u64=3}}) = 0
13    epoll_wait(5, [{events=EPOLLIN, data={u32=3, u64=3}}], 1, 5000) = 1
13    recvfrom(3, "Function.prototype.bind&&Functio"..., 4095, 0, NULL, NULL) = 4095
13    epoll_ctl(5, EPOLL_CTL_MOD, 3, {events=EPOLLIN, data={u32=3, u64=3}}) = 0
13    epoll_wait(5, [{events=EPOLLIN, data={u32=3, u64=3}}], 1, 5000) = 1
13    recvfrom(3, "d=_.Ca(void 0,\"0ub\");db=_.Ca(voi"..., 4095, 0, NULL, NULL) = 4095
13    epoll_ctl(5, EPOLL_CTL_MOD, 3, {events=EPOLLIN, data={u32=3, u64=3}}) = 0
13    epoll_wait(5, [{events=EPOLLIN, data={u32=3, u64=3}}], 1, 5000) = 1
13    recvfrom(3, "void 0;if(b||c){b=b?a.v:a.A;c=a."..., 4095, 0, NULL, NULL) = 1715
13    epoll_ctl(5, EPOLL_CTL_MOD, 3, {events=EPOLLIN, data={u32=3, u64=3}}) = 0
13    epoll_wait(5, [{events=EPOLLIN, data={u32=3, u64=3}}], 1, 5000) = 1
13    recvfrom(3, "prototype.ba=_.Pd.prototype.tj;_"..., 4095, 0, NULL, NULL) = 4095
13    epoll_ctl(5, EPOLL_CTL_MOD, 3, {events=EPOLLIN, data={u32=3, u64=3}}) = 0
13    epoll_wait(5, [{events=EPOLLIN, data={u32=3, u64=3}}], 1, 5000) = 1
13    recvfrom(3, "b_Q{height:40px;position:absolut"..., 4095, 0, NULL, NULL) = 4095
13    epoll_ctl(5, EPOLL_CTL_MOD, 3, {events=EPOLLIN, data={u32=3, u64=3}}) = 0
13    epoll_wait(5, [{events=EPOLLIN, data={u32=3, u64=3}}], 1, 5000) = 1
13    recvfrom(3, "vg-color,var(--gm3-sys-color-on-"..., 4095, 0, NULL, NULL) = 3010
13    epoll_ctl(5, EPOLL_CTL_MOD, 3, {events=EPOLLIN, data={u32=3, u64=3}}) = 0
13    epoll_wait(5, [{events=EPOLLIN, data={u32=3, u64=3}}], 1, 5000) = 1
13    recvfrom(3, " 0 auto}.gb_Ia.gb_ab .gb_sd{padd"..., 4095, 0, NULL, NULL) = 4095
13    epoll_ctl(5, EPOLL_CTL_MOD, 3, {events=EPOLLIN, data={u32=3, u64=3}}) = 0
13    epoll_wait(5, [{events=EPOLLIN, data={u32=3, u64=3}}], 1, 5000) = 1
13    recvfrom(3, "color:var(--og-dasher-chip-outli"..., 4095, 0, NULL, NULL) = 1505
13    epoll_ctl(5, EPOLL_CTL_MOD, 3, {events=EPOLLIN, data={u32=3, u64=3}}) = 0
13    epoll_wait(5, [{events=EPOLLIN, data={u32=3, u64=3}}], 1, 5000) = 1
13    recvfrom(3, "681da8;text-decoration:none}a:ho"..., 4095, 0, NULL, NULL) = 4095
13    epoll_ctl(5, EPOLL_CTL_MOD, 3, {events=EPOLLIN, data={u32=3, u64=3}}) = 0
13    epoll_wait(5, [{events=EPOLLIN, data={u32=3, u64=3}}], 1, 5000) = 1
13    recvfrom(3, "9 -2,2 0.9,2 2,2z\"></path><image"..., 4095, 0, NULL, NULL) = 1505
13    epoll_ctl(5, EPOLL_CTL_MOD, 3, {events=EPOLLIN, data={u32=3, u64=3}}) = 0
13    epoll_wait(5, [{events=EPOLLIN, data={u32=3, u64=3}}], 1, 5000) = 1
13    recvfrom(3, "hqvQwA8_1\" alt=\"\" height=\"23\" wi"..., 4095, 0, NULL, NULL) = 4095
13    epoll_ctl(5, EPOLL_CTL_MOD, 3, {events=EPOLLIN, data={u32=3, u64=3}}) = 0
13    epoll_wait(5, [{events=EPOLLIN, data={u32=3, u64=3}}], 1, 5000) = 1
13    recvfrom(3, "v><div><div class=\"gb_L\">Google "..., 4095, 0, NULL, NULL) = 4095
13    epoll_ctl(5, EPOLL_CTL_MOD, 3, {events=EPOLLIN, data={u32=3, u64=3}}) = 0
13    epoll_wait(5, [{events=EPOLLIN, data={u32=3, u64=3}}], 1, 5000) = 1
13    recvfrom(3, ".item==\"function\"||typeof f.item"..., 4095, 0, NULL, NULL) = 210
13    epoll_ctl(5, EPOLL_CTL_MOD, 3, {events=EPOLLIN, data={u32=3, u64=3}}) = 0
13    epoll_wait(5, [{events=EPOLLIN, data={u32=3, u64=3}}], 1, 5000) = 1
13    recvfrom(3, "ng(b);a.contentType===\"applicati"..., 4095, 0, NULL, NULL) = 4095
13    epoll_ctl(5, EPOLL_CTL_MOD, 3, {events=EPOLLIN, data={u32=3, u64=3}}) = 0
13    epoll_wait(5, [{events=EPOLLIN, data={u32=3, u64=3}}], 1, 5000) = 1
13    recvfrom(3, "nt.createElement(\"link\");b.as=\"s"..., 4095, 0, NULL, NULL) = 2905
13    epoll_ctl(5, EPOLL_CTL_MOD, 3, {events=EPOLLIN, data={u32=3, u64=3}}) = 0
13    epoll_wait(5, [{events=EPOLLIN, data={u32=3, u64=3}}], 1, 5000) = 1
13    recvfrom(3, "();window._F_installCss = window"..., 4095, 0, NULL, NULL) = 802
13    epoll_ctl(5, EPOLL_CTL_MOD, 3, {events=EPOLLIN, data={u32=3, u64=3}}) = 0
13    epoll_wait(5, [{events=EPOLLIN, data={u32=3, u64=3}}], 1, 5000) = 1
13    recvfrom(3, "", 4095, 0, NULL, NULL) = 0
13    madvise(0x7f1098021000, 126976, MADV_DONTNEED) = 0
13    close(5)                          = 0
13    close(3)                          = 0
13    rt_sigprocmask(SIG_BLOCK, ~[RT_1], NULL, 8) = 0
13    madvise(0x7f109c529000, 8368128, MADV_DONTNEED) = 0
13    exit(0)                           = ?
9     <... futex resumed>)              = 0
13    +++ exited with 0 +++
9     write(1, "Pool de 4 threads, 8 requests\n\n["..., 807) = 807
9     exit_group(0)                     = ?
9     +++ exited with 0 +++
