strace -f -e trace=io_uring_setup,io_uring_enter,io_uring_register \
          ./build/Debug/src/uring/kernel-io-uring 2>&1 | grep io_uring

[pid 33475] io_uring_setup(32, {flags=IORING_SETUP_NO_SQARRAY, sq_thread_cpu=0, sq_thread_idle=0 <unfinished ...>
[pid 33472] io_uring_setup(32, {flags=IORING_SETUP_NO_SQARRAY, sq_thread_cpu=0, sq_thread_idle=0 <unfinished ...>
[pid 33475] <... io_uring_setup resumed>, sq_entries=32, cq_entries=64, features=IORING_FEAT_SINGLE_MMAP|IORING_FEAT_NODROP|IORING_FEAT_SUBMIT_STABLE|IORING_FEAT_RW_CUR_POS|IORING_FEAT_CUR_PERSONALITY|IORING_FEAT_FAST_POLL|IORING_FEAT_POLL_32BITS|IORING_FEAT_SQPOLL_NONFIXED|IORING_FEAT_EXT_ARG|IORING_FEAT_NATIVE_WORKERS|IORING_FEAT_RSRC_TAGS|IORING_FEAT_CQE_SKIP|IORING_FEAT_LINKED_FILE|IORING_FEAT_REG_REG_RING|IORING_FEAT_RECVSEND_BUNDLE|IORING_FEAT_MIN_TIMEOUT|IORING_FEAT_RW_ATTR|IORING_FEAT_NO_IOWAIT, sq_off={head=0, tail=4, ring_mask=16, ring_entries=24, flags=36, dropped=32, array=0, user_addr=0}, cq_off={head=8, tail=12, ring_mask=20, ring_entries=28, overflow=44, cqes=64, flags=40, user_addr=0}}) = 7
[pid 33474] io_uring_setup(32, {flags=IORING_SETUP_NO_SQARRAY, sq_thread_cpu=0, sq_thread_idle=0 <unfinished ...>
[pid 33472] <... io_uring_setup resumed>, sq_entries=32, cq_entries=64, features=IORING_FEAT_SINGLE_MMAP|IORING_FEAT_NODROP|IORING_FEAT_SUBMIT_STABLE|IORING_FEAT_RW_CUR_POS|IORING_FEAT_CUR_PERSONALITY|IORING_FEAT_FAST_POLL|IORING_FEAT_POLL_32BITS|IORING_FEAT_SQPOLL_NONFIXED|IORING_FEAT_EXT_ARG|IORING_FEAT_NATIVE_WORKERS|IORING_FEAT_RSRC_TAGS|IORING_FEAT_CQE_SKIP|IORING_FEAT_LINKED_FILE|IORING_FEAT_REG_REG_RING|IORING_FEAT_RECVSEND_BUNDLE|IORING_FEAT_MIN_TIMEOUT|IORING_FEAT_RW_ATTR|IORING_FEAT_NO_IOWAIT, sq_off={head=0, tail=4, ring_mask=16, ring_entries=24, flags=36, dropped=32, array=0, user_addr=0}, cq_off={head=8, tail=12, ring_mask=20, ring_entries=28, overflow=44, cqes=64, flags=40, user_addr=0}}) = 8
[pid 33473] io_uring_setup(32, {flags=IORING_SETUP_NO_SQARRAY, sq_thread_cpu=0, sq_thread_idle=0 <unfinished ...>
[pid 33474] <... io_uring_setup resumed>, sq_entries=32, cq_entries=64, features=IORING_FEAT_SINGLE_MMAP|IORING_FEAT_NODROP|IORING_FEAT_SUBMIT_STABLE|IORING_FEAT_RW_CUR_POS|IORING_FEAT_CUR_PERSONALITY|IORING_FEAT_FAST_POLL|IORING_FEAT_POLL_32BITS|IORING_FEAT_SQPOLL_NONFIXED|IORING_FEAT_EXT_ARG|IORING_FEAT_NATIVE_WORKERS|IORING_FEAT_RSRC_TAGS|IORING_FEAT_CQE_SKIP|IORING_FEAT_LINKED_FILE|IORING_FEAT_REG_REG_RING|IORING_FEAT_RECVSEND_BUNDLE|IORING_FEAT_MIN_TIMEOUT|IORING_FEAT_RW_ATTR|IORING_FEAT_NO_IOWAIT, sq_off={head=0, tail=4, ring_mask=16, ring_entries=24, flags=36, dropped=32, array=0, user_addr=0}, cq_off={head=8, tail=12, ring_mask=20, ring_entries=28, overflow=44, cqes=64, flags=40, user_addr=0}}) = 9
[pid 33473] <... io_uring_setup resumed>, sq_entries=32, cq_entries=64, features=IORING_FEAT_SINGLE_MMAP|IORING_FEAT_NODROP|IORING_FEAT_SUBMIT_STABLE|IORING_FEAT_RW_CUR_POS|IORING_FEAT_CUR_PERSONALITY|IORING_FEAT_FAST_POLL|IORING_FEAT_POLL_32BITS|IORING_FEAT_SQPOLL_NONFIXED|IORING_FEAT_EXT_ARG|IORING_FEAT_NATIVE_WORKERS|IORING_FEAT_RSRC_TAGS|IORING_FEAT_CQE_SKIP|IORING_FEAT_LINKED_FILE|IORING_FEAT_REG_REG_RING|IORING_FEAT_RECVSEND_BUNDLE|IORING_FEAT_MIN_TIMEOUT|IORING_FEAT_RW_ATTR|IORING_FEAT_NO_IOWAIT, sq_off={head=0, tail=4, ring_mask=16, ring_entries=24, flags=36, dropped=32, array=0, user_addr=0}, cq_off={head=8, tail=12, ring_mask=20, ring_entries=28, overflow=44, cqes=64, flags=40, user_addr=0}}) = 10
[pid 33475] io_uring_enter(7, 1, 0, 0, NULL, 8 <unfinished ...>
[pid 33472] io_uring_enter(8, 1, 0, 0, NULL, 8 <unfinished ...>
[pid 33474] io_uring_enter(9, 1, 0, 0, NULL, 8 <unfinished ...>
[pid 33473] io_uring_enter(10, 1, 0, 0, NULL, 8 <unfinished ...>
[pid 33475] <... io_uring_enter resumed>) = 1
[pid 33473] <... io_uring_enter resumed>) = 1
[pid 33472] <... io_uring_enter resumed>) = 1
[pid 33474] <... io_uring_enter resumed>) = 1
[pid 33475] io_uring_enter(7, 0, 1, IORING_ENTER_GETEVENTS, NULL, 8 <unfinished ...>
[pid 33474] io_uring_enter(9, 0, 1, IORING_ENTER_GETEVENTS, NULL, 8 <unfinished ...>
[pid 33473] io_uring_enter(10, 0, 1, IORING_ENTER_GETEVENTS, NULL, 8 <unfinished ...>
[pid 33472] io_uring_enter(8, 0, 1, IORING_ENTER_GETEVENTS, NULL, 8) = 0
[pid 33472] io_uring_enter(8, 1, 0, 0, NULL, 8) = 1
[pid 33472] io_uring_enter(8, 1, 0, 0, NULL, 8) = 1
[pid 33472] io_uring_enter(8, 0, 1, IORING_ENTER_GETEVENTS, NULL, 8 <unfinished ...>
[pid 33474] <... io_uring_enter resumed>) = 0
[pid 33474] io_uring_enter(9, 1, 0, 0, NULL, 8) = 1
[pid 33474] io_uring_enter(9, 1, 0, 0, NULL, 8) = 1
[pid 33474] io_uring_enter(9, 0, 1, IORING_ENTER_GETEVENTS, NULL, 8 <unfinished ...>
[pid 33472] <... io_uring_enter resumed>) = 0
[pid 33472] io_uring_enter(8, 1, 0, 0, NULL, 8) = 1
[pid 33472] io_uring_enter(8, 1, 0, 0, NULL, 8) = 1
[pid 33472] io_uring_enter(8, 0, 1, IORING_ENTER_GETEVENTS, NULL, 8) = 0
[pid 33472] io_uring_enter(8, 1, 0, 0, NULL, 8) = 1
[pid 33472] io_uring_enter(8, 1, 0, 0, NULL, 8) = 1
[pid 33472] io_uring_enter(8, 0, 1, IORING_ENTER_GETEVENTS, NULL, 8) = 0
[pid 33472] io_uring_enter(8, 1, 0, 0, NULL, 8) = 1
[pid 33472] io_uring_enter(8, 1, 0, 0, NULL, 8) = 1
[pid 33472] io_uring_enter(8, 0, 1, IORING_ENTER_GETEVENTS, NULL, 8) = 0
[pid 33472] io_uring_enter(8, 1, 0, 0, NULL, 8) = 1
[pid 33472] io_uring_enter(8, 1, 0, 0, NULL, 8) = 1
[pid 33472] io_uring_enter(8, 1, 0, 0, NULL, 8) = 1
[pid 33472] io_uring_enter(8, 0, 1, IORING_ENTER_GETEVENTS, NULL, 8) = 0
[pid 33472] io_uring_enter(8, 1, 0, 0, NULL, 8) = 1
[pid 33472] io_uring_enter(8, 1, 0, 0, NULL, 8) = 1
[pid 33472] io_uring_enter(8, 1, 0, 0, NULL, 8) = 1
[pid 33472] io_uring_enter(8, 0, 1, IORING_ENTER_GETEVENTS, NULL, 8) = 0
[pid 33472] io_uring_enter(8, 1, 0, 0, NULL, 8) = 1
[pid 33472] io_uring_enter(8, 0, 1, IORING_ENTER_GETEVENTS, NULL, 8) = 0
[pid 33472] io_uring_enter(8, 1, 0, 0, NULL, 8) = 1
[pid 33472] io_uring_enter(8, 1, 0, 0, NULL, 8) = 1
[pid 33472] io_uring_enter(8, 1, 0, 0, NULL, 8) = 1
[pid 33472] io_uring_enter(8, 1, 0, 0, NULL, 8) = 1
[pid 33472] io_uring_enter(8, 0, 1, IORING_ENTER_GETEVENTS, NULL, 8) = 0
[pid 33472] io_uring_enter(8, 1, 0, 0, NULL, 8) = 1
[pid 33472] io_uring_enter(8, 1, 0, 0, NULL, 8) = 1
[pid 33472] io_uring_enter(8, 1, 0, 0, NULL, 8) = 1
[pid 33472] io_uring_enter(8, 0, 1, IORING_ENTER_GETEVENTS, NULL, 8) = 0
[pid 33472] io_uring_enter(8, 1, 0, 0, NULL, 8) = 1
[pid 33472] io_uring_enter(8, 0, 1, IORING_ENTER_GETEVENTS, NULL, 8) = 0
[pid 33472] io_uring_enter(8, 1, 0, 0, NULL, 8) = 1
[pid 33472] io_uring_enter(8, 1, 0, 0, NULL, 8) = 1
[pid 33472] io_uring_enter(8, 1, 0, 0, NULL, 8) = 1
[pid 33472] io_uring_enter(8, 1, 0, 0, NULL, 8) = 1
[pid 33472] io_uring_enter(8, 0, 1, IORING_ENTER_GETEVENTS, NULL, 8) = 0
[pid 33472] io_uring_enter(8, 1, 0, 0, NULL, 8) = 1
[pid 33472] io_uring_enter(8, 1, 0, 0, NULL, 8) = 1
[pid 33472] io_uring_enter(8, 1, 0, 0, NULL, 8) = 1
[pid 33472] io_uring_setup(32, {flags=IORING_SETUP_NO_SQARRAY, sq_thread_cpu=0, sq_thread_idle=0, sq_entries=32, cq_entries=64, features=IORING_FEAT_SINGLE_MMAP|IORING_FEAT_NODROP|IORING_FEAT_SUBMIT_STABLE|IORING_FEAT_RW_CUR_POS|IORING_FEAT_CUR_PERSONALITY|IORING_FEAT_FAST_POLL|IORING_FEAT_POLL_32BITS|IORING_FEAT_SQPOLL_NONFIXED|IORING_FEAT_EXT_ARG|IORING_FEAT_NATIVE_WORKERS|IORING_FEAT_RSRC_TAGS|IORING_FEAT_CQE_SKIP|IORING_FEAT_LINKED_FILE|IORING_FEAT_REG_REG_RING|IORING_FEAT_RECVSEND_BUNDLE|IORING_FEAT_MIN_TIMEOUT|IORING_FEAT_RW_ATTR|IORING_FEAT_NO_IOWAIT, sq_off={head=0, tail=4, ring_mask=16, ring_entries=24, flags=36, dropped=32, array=0, user_addr=0}, cq_off={head=8, tail=12, ring_mask=20, ring_entries=28, overflow=44, cqes=64, flags=40, user_addr=0}}) = 8
[pid 33472] io_uring_enter(8, 1, 0, 0, NULL, 8) = 1
[pid 33472] io_uring_enter(8, 0, 1, IORING_ENTER_GETEVENTS, NULL, 8 <unfinished ...>
[pid 33474] <... io_uring_enter resumed>) = 0
[pid 33474] io_uring_enter(9, 1, 0, 0, NULL, 8) = 1
[pid 33474] io_uring_enter(9, 1, 0, 0, NULL, 8) = 1
[pid 33474] io_uring_enter(9, 0, 1, IORING_ENTER_GETEVENTS, NULL, 8) = 0
[pid 33472] <... io_uring_enter resumed>) = 0
[pid 33474] io_uring_enter(9, 1, 0, 0, NULL, 8) = 1
[pid 33472] io_uring_enter(8, 1, 0, 0, NULL, 8 <unfinished ...>
[pid 33474] io_uring_enter(9, 1, 0, 0, NULL, 8) = 1
[pid 33474] io_uring_enter(9, 0, 1, IORING_ENTER_GETEVENTS, NULL, 8 <unfinished ...>
[pid 33472] <... io_uring_enter resumed>) = 1
[pid 33472] io_uring_enter(8, 1, 0, 0, NULL, 8) = 1
[pid 33472] io_uring_enter(8, 0, 1, IORING_ENTER_GETEVENTS, NULL, 8 <unfinished ...>
[pid 33474] <... io_uring_enter resumed>) = 0
[pid 33474] io_uring_enter(9, 1, 0, 0, NULL, 8) = 1
[pid 33474] io_uring_enter(9, 1, 0, 0, NULL, 8) = 1
[pid 33474] io_uring_enter(9, 0, 1, IORING_ENTER_GETEVENTS, NULL, 8) = 0
[pid 33474] io_uring_enter(9, 1, 0, 0, NULL, 8) = 1
[pid 33474] io_uring_enter(9, 1, 0, 0, NULL, 8) = 1
[pid 33474] io_uring_enter(9, 0, 1, IORING_ENTER_GETEVENTS, NULL, 8) = 0
[pid 33474] io_uring_enter(9, 1, 0, 0, NULL, 8) = 1
[pid 33474] io_uring_enter(9, 1, 0, 0, NULL, 8) = 1
[pid 33474] io_uring_enter(9, 1, 0, 0, NULL, 8) = 1
[pid 33474] io_uring_enter(9, 0, 1, IORING_ENTER_GETEVENTS, NULL, 8) = 0
[pid 33474] io_uring_enter(9, 1, 0, 0, NULL, 8) = 1
[pid 33474] io_uring_enter(9, 1, 0, 0, NULL, 8) = 1
[pid 33474] io_uring_enter(9, 1, 0, 0, NULL, 8) = 1
[pid 33474] io_uring_enter(9, 1, 0, 0, NULL, 8) = 1
[pid 33474] io_uring_enter(9, 0, 1, IORING_ENTER_GETEVENTS, NULL, 8) = 0
[pid 33474] io_uring_enter(9, 1, 0, 0, NULL, 8) = 1
[pid 33474] io_uring_enter(9, 0, 1, IORING_ENTER_GETEVENTS, NULL, 8) = 0
[pid 33474] io_uring_enter(9, 1, 0, 0, NULL, 8) = 1
[pid 33474] io_uring_enter(9, 1, 0, 0, NULL, 8) = 1
[pid 33474] io_uring_enter(9, 1, 0, 0, NULL, 8) = 1
[pid 33474] io_uring_enter(9, 0, 1, IORING_ENTER_GETEVENTS, NULL, 8) = 0
[pid 33474] io_uring_enter(9, 1, 0, 0, NULL, 8) = 1
[pid 33474] io_uring_enter(9, 0, 1, IORING_ENTER_GETEVENTS, NULL, 8) = 0
[pid 33474] io_uring_enter(9, 1, 0, 0, NULL, 8) = 1
[pid 33474] io_uring_enter(9, 1, 0, 0, NULL, 8) = 1
[pid 33474] io_uring_enter(9, 0, 1, IORING_ENTER_GETEVENTS, NULL, 8) = 0
[pid 33474] io_uring_enter(9, 1, 0, 0, NULL, 8) = 1
[pid 33474] io_uring_enter(9, 0, 1, IORING_ENTER_GETEVENTS, NULL, 8) = 0
[pid 33474] io_uring_enter(9, 1, 0, 0, NULL, 8) = 1
[pid 33474] io_uring_enter(9, 0, 1, IORING_ENTER_GETEVENTS, NULL, 8) = 0
[pid 33474] io_uring_enter(9, 1, 0, 0, NULL, 8) = 1
[pid 33474] io_uring_enter(9, 1, 0, 0, NULL, 8) = 1
[pid 33474] io_uring_enter(9, 1, 0, 0, NULL, 8) = 1
[pid 33474] io_uring_enter(9, 0, 1, IORING_ENTER_GETEVENTS, NULL, 8) = 0
[pid 33474] io_uring_enter(9, 1, 0, 0, NULL, 8) = 1
[pid 33474] io_uring_enter(9, 0, 1, IORING_ENTER_GETEVENTS, NULL, 8) = 0
[pid 33474] io_uring_setup(32, {flags=IORING_SETUP_NO_SQARRAY, sq_thread_cpu=0, sq_thread_idle=0, sq_entries=32, cq_entries=64, features=IORING_FEAT_SINGLE_MMAP|IORING_FEAT_NODROP|IORING_FEAT_SUBMIT_STABLE|IORING_FEAT_RW_CUR_POS|IORING_FEAT_CUR_PERSONALITY|IORING_FEAT_FAST_POLL|IORING_FEAT_POLL_32BITS|IORING_FEAT_SQPOLL_NONFIXED|IORING_FEAT_EXT_ARG|IORING_FEAT_NATIVE_WORKERS|IORING_FEAT_RSRC_TAGS|IORING_FEAT_CQE_SKIP|IORING_FEAT_LINKED_FILE|IORING_FEAT_REG_REG_RING|IORING_FEAT_RECVSEND_BUNDLE|IORING_FEAT_MIN_TIMEOUT|IORING_FEAT_RW_ATTR|IORING_FEAT_NO_IOWAIT, sq_off={head=0, tail=4, ring_mask=16, ring_entries=24, flags=36, dropped=32, array=0, user_addr=0}, cq_off={head=8, tail=12, ring_mask=20, ring_entries=28, overflow=44, cqes=64, flags=40, user_addr=0}}) = 9
[pid 33474] io_uring_enter(9, 1, 0, 0, NULL, 8) = 1
[pid 33474] io_uring_enter(9, 0, 1, IORING_ENTER_GETEVENTS, NULL, 8) = 0
[pid 33474] io_uring_enter(9, 1, 0, 0, NULL, 8) = 1
[pid 33474] io_uring_enter(9, 1, 0, 0, NULL, 8) = 1
[pid 33474] io_uring_enter(9, 0, 1, IORING_ENTER_GETEVENTS, NULL, 8 <unfinished ...>
[pid 33472] <... io_uring_enter resumed>) = 0
[pid 33472] io_uring_enter(8, 1, 0, 0, NULL, 8) = 1
[pid 33472] io_uring_enter(8, 1, 0, 0, NULL, 8) = 1
[pid 33472] io_uring_enter(8, 0, 1, IORING_ENTER_GETEVENTS, NULL, 8) = 0
[pid 33472] io_uring_enter(8, 1, 0, 0, NULL, 8) = 1
[pid 33472] io_uring_enter(8, 1, 0, 0, NULL, 8) = 1
[pid 33472] io_uring_enter(8, 1, 0, 0, NULL, 8) = 1
[pid 33472] io_uring_enter(8, 1, 0, 0, NULL, 8) = 1
[pid 33472] io_uring_enter(8, 1, 0, 0, NULL, 8) = 1
[pid 33472] io_uring_enter(8, 0, 1, IORING_ENTER_GETEVENTS, NULL, 8) = 0
[pid 33472] io_uring_enter(8, 1, 0, 0, NULL, 8) = 1
[pid 33472] io_uring_enter(8, 0, 1, IORING_ENTER_GETEVENTS, NULL, 8) = 0
[pid 33472] io_uring_enter(8, 1, 0, 0, NULL, 8) = 1
[pid 33472] io_uring_enter(8, 0, 1, IORING_ENTER_GETEVENTS, NULL, 8) = 0
[pid 33472] io_uring_enter(8, 1, 0, 0, NULL, 8) = 1
[pid 33472] io_uring_enter(8, 1, 0, 0, NULL, 8) = 1
[pid 33474] <... io_uring_enter resumed>) = 0
[pid 33472] io_uring_enter(8, 1, 0, 0, NULL, 8 <unfinished ...>
[pid 33474] io_uring_enter(9, 1, 0, 0, NULL, 8 <unfinished ...>
[pid 33472] <... io_uring_enter resumed>) = 1
[pid 33474] <... io_uring_enter resumed>) = 1
[pid 33472] io_uring_enter(8, 0, 1, IORING_ENTER_GETEVENTS, NULL, 8 <unfinished ...>
[pid 33474] io_uring_enter(9, 1, 0, 0, NULL, 8) = 1
[pid 33472] <... io_uring_enter resumed>) = 0
[pid 33474] io_uring_enter(9, 0, 1, IORING_ENTER_GETEVENTS, NULL, 8 <unfinished ...>
[pid 33472] io_uring_enter(8, 1, 0, 0, NULL, 8) = 1
[pid 33472] io_uring_enter(8, 1, 0, 0, NULL, 8) = 1
[pid 33472] io_uring_enter(8, 1, 0, 0, NULL, 8) = 1
[pid 33472] io_uring_enter(8, 0, 1, IORING_ENTER_GETEVENTS, NULL, 8 <unfinished ...>
[pid 33474] <... io_uring_enter resumed>) = 0
[pid 33474] io_uring_enter(9, 1, 0, 0, NULL, 8) = 1
[pid 33474] io_uring_enter(9, 0, 1, IORING_ENTER_GETEVENTS, NULL, 8) = 0
[pid 33474] io_uring_enter(9, 1, 0, 0, NULL, 8) = 1
[pid 33474] io_uring_enter(9, 0, 1, IORING_ENTER_GETEVENTS, NULL, 8) = 0
[pid 33472] <... io_uring_enter resumed>) = 0
[pid 33474] io_uring_enter(9, 1, 0, 0, NULL, 8 <unfinished ...>
[pid 33472] io_uring_enter(8, 1, 0, 0, NULL, 8 <unfinished ...>
[pid 33474] <... io_uring_enter resumed>) = 1
[pid 33472] <... io_uring_enter resumed>) = 1
[pid 33474] io_uring_enter(9, 0, 1, IORING_ENTER_GETEVENTS, NULL, 8 <unfinished ...>
[pid 33472] io_uring_enter(8, 1, 0, 0, NULL, 8) = 1
[pid 33472] io_uring_enter(8, 1, 0, 0, NULL, 8) = 1
[pid 33472] io_uring_enter(8, 1, 0, 0, NULL, 8) = 1
[pid 33472] io_uring_enter(8, 0, 1, IORING_ENTER_GETEVENTS, NULL, 8) = 0
[pid 33472] io_uring_enter(8, 1, 0, 0, NULL, 8) = 1
[pid 33472] io_uring_enter(8, 0, 1, IORING_ENTER_GETEVENTS, NULL, 8) = 0
[pid 33472] io_uring_enter(8, 1, 0, 0, NULL, 8) = 1
[pid 33472] io_uring_enter(8, 1, 0, 0, NULL, 8) = 1
[pid 33472] io_uring_enter(8, 1, 0, 0, NULL, 8) = 1
[pid 33472] io_uring_enter(8, 1, 0, 0, NULL, 8) = 1
[pid 33472] io_uring_enter(8, 0, 1, IORING_ENTER_GETEVENTS, NULL, 8 <unfinished ...>
[pid 33474] <... io_uring_enter resumed>) = 0
[pid 33474] io_uring_enter(9, 1, 0, 0, NULL, 8) = 1
[pid 33474] io_uring_enter(9, 1, 0, 0, NULL, 8) = 1
[pid 33474] io_uring_enter(9, 0, 1, IORING_ENTER_GETEVENTS, NULL, 8 <unfinished ...>
[pid 33472] <... io_uring_enter resumed>) = 0
[pid 33472] io_uring_enter(8, 1, 0, 0, NULL, 8) = 1
[pid 33472] io_uring_enter(8, 1, 0, 0, NULL, 8) = 1
[pid 33472] io_uring_enter(8, 1, 0, 0, NULL, 8) = 1
[pid 33472] io_uring_enter(8, 1, 0, 0, NULL, 8) = 1
[pid 33472] io_uring_enter(8, 0, 1, IORING_ENTER_GETEVENTS, NULL, 8) = 0
[pid 33472] io_uring_enter(8, 1, 0, 0, NULL, 8) = 1
[pid 33472] io_uring_setup(32, {flags=IORING_SETUP_NO_SQARRAY, sq_thread_cpu=0, sq_thread_idle=0, sq_entries=32, cq_entries=64, features=IORING_FEAT_SINGLE_MMAP|IORING_FEAT_NODROP|IORING_FEAT_SUBMIT_STABLE|IORING_FEAT_RW_CUR_POS|IORING_FEAT_CUR_PERSONALITY|IORING_FEAT_FAST_POLL|IORING_FEAT_POLL_32BITS|IORING_FEAT_SQPOLL_NONFIXED|IORING_FEAT_EXT_ARG|IORING_FEAT_NATIVE_WORKERS|IORING_FEAT_RSRC_TAGS|IORING_FEAT_CQE_SKIP|IORING_FEAT_LINKED_FILE|IORING_FEAT_REG_REG_RING|IORING_FEAT_RECVSEND_BUNDLE|IORING_FEAT_MIN_TIMEOUT|IORING_FEAT_RW_ATTR|IORING_FEAT_NO_IOWAIT, sq_off={head=0, tail=4, ring_mask=16, ring_entries=24, flags=36, dropped=32, array=0, user_addr=0}, cq_off={head=8, tail=12, ring_mask=20, ring_entries=28, overflow=44, cqes=64, flags=40, user_addr=0}}) = 8
[pid 33472] io_uring_enter(8, 1, 0, 0, NULL, 8) = 1
[pid 33472] io_uring_enter(8, 0, 1, IORING_ENTER_GETEVENTS, NULL, 8 <unfinished ...>
[pid 33474] <... io_uring_enter resumed>) = 0
[pid 33474] io_uring_enter(9, 1, 0, 0, NULL, 8) = 1
[pid 33474] io_uring_enter(9, 0, 1, IORING_ENTER_GETEVENTS, NULL, 8) = 0
[pid 33474] io_uring_enter(9, 1, 0, 0, NULL, 8) = 1
[pid 33474] io_uring_enter(9, 0, 1, IORING_ENTER_GETEVENTS, NULL, 8) = 0
[pid 33474] io_uring_enter(9, 1, 0, 0, NULL, 8) = 1
[pid 33474] io_uring_enter(9, 1, 0, 0, NULL, 8) = 1
[pid 33474] io_uring_enter(9, 0, 1, IORING_ENTER_GETEVENTS, NULL, 8) = 0
[pid 33474] io_uring_enter(9, 1, 0, 0, NULL, 8) = 1
[pid 33474] io_uring_enter(9, 0, 1, IORING_ENTER_GETEVENTS, NULL, 8) = 0
[pid 33474] io_uring_enter(9, 1, 0, 0, NULL, 8) = 1
[pid 33474] io_uring_enter(9, 1, 0, 0, NULL, 8) = 1
[pid 33474] io_uring_enter(9, 1, 0, 0, NULL, 8) = 1
[pid 33474] io_uring_enter(9, 0, 1, IORING_ENTER_GETEVENTS, NULL, 8) = 0
[pid 33474] io_uring_enter(9, 1, 0, 0, NULL, 8) = 1
[pid 33474] io_uring_enter(9, 1, 0, 0, NULL, 8) = 1
[pid 33474] io_uring_enter(9, 0, 1, IORING_ENTER_GETEVENTS, NULL, 8) = 0
[pid 33474] io_uring_enter(9, 1, 0, 0, NULL, 8) = 1
[pid 33474] io_uring_enter(9, 0, 1, IORING_ENTER_GETEVENTS, NULL, 8) = 0
[pid 33474] io_uring_enter(9, 1, 0, 0, NULL, 8) = 1
[pid 33474] io_uring_enter(9, 0, 1, IORING_ENTER_GETEVENTS, NULL, 8 <unfinished ...>
[pid 33472] <... io_uring_enter resumed>) = 0
[pid 33472] io_uring_enter(8, 1, 0, 0, NULL, 8 <unfinished ...>
[pid 33474] <... io_uring_enter resumed>) = 0
[pid 33472] <... io_uring_enter resumed>) = 1
[pid 33474] io_uring_enter(9, 1, 0, 0, NULL, 8 <unfinished ...>
[pid 33472] io_uring_enter(8, 1, 0, 0, NULL, 8 <unfinished ...>
[pid 33474] <... io_uring_enter resumed>) = 1
[pid 33472] <... io_uring_enter resumed>) = 1
[pid 33474] io_uring_enter(9, 1, 0, 0, NULL, 8 <unfinished ...>
[pid 33472] io_uring_enter(8, 0, 1, IORING_ENTER_GETEVENTS, NULL, 8 <unfinished ...>
[pid 33474] <... io_uring_enter resumed>) = 1
[pid 33474] io_uring_enter(9, 1, 0, 0, NULL, 8) = 1
[pid 33474] io_uring_enter(9, 0, 1, IORING_ENTER_GETEVENTS, NULL, 8) = 0
[pid 33474] io_uring_enter(9, 1, 0, 0, NULL, 8) = 1
[pid 33474] io_uring_enter(9, 0, 1, IORING_ENTER_GETEVENTS, NULL, 8) = 0
[pid 33474] io_uring_enter(9, 1, 0, 0, NULL, 8) = 1
[pid 33474] io_uring_enter(9, 1, 0, 0, NULL, 8) = 1
[pid 33474] io_uring_enter(9, 1, 0, 0, NULL, 8) = 1
[pid 33474] io_uring_enter(9, 1, 0, 0, NULL, 8) = 1
[pid 33474] io_uring_enter(9, 0, 1, IORING_ENTER_GETEVENTS, NULL, 8) = 0
[pid 33474] io_uring_enter(9, 1, 0, 0, NULL, 8) = 1
[pid 33474] io_uring_enter(9, 1, 0, 0, NULL, 8) = 1
[pid 33474] io_uring_setup(32, {flags=IORING_SETUP_NO_SQARRAY, sq_thread_cpu=0, sq_thread_idle=0, sq_entries=32, cq_entries=64, features=IORING_FEAT_SINGLE_MMAP|IORING_FEAT_NODROP|IORING_FEAT_SUBMIT_STABLE|IORING_FEAT_RW_CUR_POS|IORING_FEAT_CUR_PERSONALITY|IORING_FEAT_FAST_POLL|IORING_FEAT_POLL_32BITS|IORING_FEAT_SQPOLL_NONFIXED|IORING_FEAT_EXT_ARG|IORING_FEAT_NATIVE_WORKERS|IORING_FEAT_RSRC_TAGS|IORING_FEAT_CQE_SKIP|IORING_FEAT_LINKED_FILE|IORING_FEAT_REG_REG_RING|IORING_FEAT_RECVSEND_BUNDLE|IORING_FEAT_MIN_TIMEOUT|IORING_FEAT_RW_ATTR|IORING_FEAT_NO_IOWAIT, sq_off={head=0, tail=4, ring_mask=16, ring_entries=24, flags=36, dropped=32, array=0, user_addr=0}, cq_off={head=8, tail=12, ring_mask=20, ring_entries=28, overflow=44, cqes=64, flags=40, user_addr=0}}) = 9
[pid 33474] io_uring_enter(9, 1, 0, 0, NULL, 8) = 1
[pid 33474] io_uring_enter(9, 0, 1, IORING_ENTER_GETEVENTS, NULL, 8) = 0
[pid 33474] io_uring_enter(9, 1, 0, 0, NULL, 8) = 1
[pid 33474] io_uring_enter(9, 1, 0, 0, NULL, 8) = 1
[pid 33474] io_uring_enter(9, 0, 1, IORING_ENTER_GETEVENTS, NULL, 8 <unfinished ...>
[pid 33472] <... io_uring_enter resumed>) = 0
[pid 33472] io_uring_enter(8, 1, 0, 0, NULL, 8) = 1
[pid 33472] io_uring_enter(8, 1, 0, 0, NULL, 8) = 1
[pid 33472] io_uring_enter(8, 1, 0, 0, NULL, 8) = 1
[pid 33472] io_uring_enter(8, 1, 0, 0, NULL, 8) = 1
[pid 33472] io_uring_enter(8, 0, 1, IORING_ENTER_GETEVENTS, NULL, 8) = 0
[pid 33472] io_uring_enter(8, 1, 0, 0, NULL, 8) = 1
[pid 33472] io_uring_enter(8, 1, 0, 0, NULL, 8) = 1
[pid 33472] io_uring_enter(8, 0, 1, IORING_ENTER_GETEVENTS, NULL, 8) = 0
[pid 33472] io_uring_enter(8, 1, 0, 0, NULL, 8) = 1
[pid 33472] io_uring_enter(8, 1, 0, 0, NULL, 8) = 1
[pid 33472] io_uring_enter(8, 1, 0, 0, NULL, 8) = 1
[pid 33472] io_uring_enter(8, 0, 1, IORING_ENTER_GETEVENTS, NULL, 8) = 0
[pid 33472] io_uring_enter(8, 1, 0, 0, NULL, 8) = 1
[pid 33472] io_uring_enter(8, 1, 0, 0, NULL, 8) = 1
[pid 33472] io_uring_enter(8, 1, 0, 0, NULL, 8) = 1
[pid 33472] io_uring_enter(8, 1, 0, 0, NULL, 8) = 1
[pid 33472] io_uring_enter(8, 0, 1, IORING_ENTER_GETEVENTS, NULL, 8 <unfinished ...>
[pid 33474] <... io_uring_enter resumed>) = 0
[pid 33474] io_uring_enter(9, 1, 0, 0, NULL, 8) = 1
[pid 33474] io_uring_enter(9, 1, 0, 0, NULL, 8) = 1
[pid 33474] io_uring_enter(9, 1, 0, 0, NULL, 8) = 1
[pid 33474] io_uring_enter(9, 0, 1, IORING_ENTER_GETEVENTS, NULL, 8) = 0
[pid 33474] io_uring_enter(9, 1, 0, 0, NULL, 8 <unfinished ...>
[pid 33472] <... io_uring_enter resumed>) = 0
[pid 33474] <... io_uring_enter resumed>) = 1
[pid 33474] io_uring_enter(9, 1, 0, 0, NULL, 8 <unfinished ...>
[pid 33472] io_uring_enter(8, 1, 0, 0, NULL, 8 <unfinished ...>
[pid 33474] <... io_uring_enter resumed>) = 1
[pid 33472] <... io_uring_enter resumed>) = 1
[pid 33474] io_uring_enter(9, 0, 1, IORING_ENTER_GETEVENTS, NULL, 8 <unfinished ...>
[pid 33472] io_uring_enter(8, 1, 0, 0, NULL, 8) = 1
[pid 33472] io_uring_enter(8, 0, 1, IORING_ENTER_GETEVENTS, NULL, 8) = 0
[pid 33472] io_uring_enter(8, 1, 0, 0, NULL, 8) = 1
[pid 33472] io_uring_enter(8, 0, 1, IORING_ENTER_GETEVENTS, NULL, 8) = 0
[pid 33472] io_uring_enter(8, 1, 0, 0, NULL, 8) = 1
[pid 33472] io_uring_enter(8, 1, 0, 0, NULL, 8) = 1
[pid 33472] io_uring_enter(8, 0, 1, IORING_ENTER_GETEVENTS, NULL, 8) = 0
[pid 33472] io_uring_enter(8, 1, 0, 0, NULL, 8) = 1
[pid 33472] io_uring_enter(8, 1, 0, 0, NULL, 8) = 1
[pid 33472] io_uring_enter(8, 1, 0, 0, NULL, 8) = 1
[pid 33472] io_uring_enter(8, 1, 0, 0, NULL, 8) = 1
[pid 33472] io_uring_enter(8, 0, 1, IORING_ENTER_GETEVENTS, NULL, 8) = 0
[pid 33472] io_uring_enter(8, 1, 0, 0, NULL, 8) = 1
[pid 33472] io_uring_enter(8, 0, 1, IORING_ENTER_GETEVENTS, NULL, 8) = 0
[pid 33472] io_uring_enter(8, 1, 0, 0, NULL, 8) = 1
[pid 33472] io_uring_enter(8, 0, 1, IORING_ENTER_GETEVENTS, NULL, 8) = 0
[pid 33472] io_uring_enter(8, 1, 0, 0, NULL, 8) = 1
[pid 33472] io_uring_enter(8, 0, 1, IORING_ENTER_GETEVENTS, NULL, 8 <unfinished ...>
[pid 33474] <... io_uring_enter resumed>) = 0
[pid 33474] io_uring_enter(9, 1, 0, 0, NULL, 8) = 1
[pid 33474] io_uring_enter(9, 0, 1, IORING_ENTER_GETEVENTS, NULL, 8) = 0
[pid 33474] io_uring_enter(9, 1, 0, 0, NULL, 8) = 1
[pid 33474] io_uring_enter(9, 1, 0, 0, NULL, 8) = 1
[pid 33474] io_uring_enter(9, 0, 1, IORING_ENTER_GETEVENTS, NULL, 8) = 0
[pid 33474] io_uring_enter(9, 1, 0, 0, NULL, 8 <unfinished ...>
[pid 33472] <... io_uring_enter resumed>) = 0
[pid 33474] <... io_uring_enter resumed>) = 1
[pid 33474] io_uring_enter(9, 0, 1, IORING_ENTER_GETEVENTS, NULL, 8 <unfinished ...>
[pid 33472] io_uring_enter(8, 1, 0, 0, NULL, 8) = 1
[pid 33472] io_uring_enter(8, 1, 0, 0, NULL, 8) = 1
[pid 33472] io_uring_enter(8, 1, 0, 0, NULL, 8) = 1
[pid 33472] io_uring_enter(8, 0, 1, IORING_ENTER_GETEVENTS, NULL, 8 <unfinished ...>
[pid 33474] <... io_uring_enter resumed>) = 0
[pid 33474] io_uring_enter(9, 1, 0, 0, NULL, 8) = 1
[pid 33474] io_uring_enter(9, 1, 0, 0, NULL, 8) = 1
[pid 33474] io_uring_enter(9, 1, 0, 0, NULL, 8) = 1
[pid 33474] io_uring_enter(9, 0, 1, IORING_ENTER_GETEVENTS, NULL, 8) = 0
[pid 33474] io_uring_enter(9, 1, 0, 0, NULL, 8) = 1
[pid 33474] io_uring_enter(9, 0, 1, IORING_ENTER_GETEVENTS, NULL, 8) = 0
[pid 33474] io_uring_enter(9, 1, 0, 0, NULL, 8) = 1
[pid 33474] io_uring_enter(9, 1, 0, 0, NULL, 8) = 1
[pid 33472] <... io_uring_enter resumed>) = 0
[pid 33474] io_uring_enter(9, 1, 0, 0, NULL, 8 <unfinished ...>
[pid 33472] io_uring_enter(8, 1, 0, 0, NULL, 8 <unfinished ...>
[pid 33474] <... io_uring_enter resumed>) = 1
[pid 33472] <... io_uring_enter resumed>) = 1
[pid 33474] io_uring_enter(9, 0, 1, IORING_ENTER_GETEVENTS, NULL, 8 <unfinished ...>
[pid 33474] <... io_uring_enter resumed>) = 0
[pid 33474] io_uring_enter(9, 1, 0, 0, NULL, 8) = 1
[pid 33474] io_uring_enter(9, 1, 0, 0, NULL, 8) = 1
[pid 33474] io_uring_enter(9, 1, 0, 0, NULL, 8) = 1
[pid 33474] io_uring_enter(9, 1, 0, 0, NULL, 8) = 1
[pid 33474] io_uring_enter(9, 1, 0, 0, NULL, 8) = 1
[pid 33474] io_uring_enter(9, 0, 1, IORING_ENTER_GETEVENTS, NULL, 8) = 0
[pid 33474] io_uring_enter(9, 1, 0, 0, NULL, 8) = 1
[pid 33474] io_uring_enter(9, 1, 0, 0, NULL, 8) = 1
[pid 33474] io_uring_enter(9, 1, 0, 0, NULL, 8) = 1
[pid 33474] io_uring_enter(9, 0, 1, IORING_ENTER_GETEVENTS, NULL, 8) = 0
[pid 33474] io_uring_enter(9, 1, 0, 0, NULL, 8) = 1
[pid 33474] io_uring_enter(9, 0, 1, IORING_ENTER_GETEVENTS, NULL, 8) = 0
[pid 33474] io_uring_enter(9, 1, 0, 0, NULL, 8) = 1
[pid 33474] io_uring_enter(9, 1, 0, 0, NULL, 8) = 1
[pid 33474] io_uring_enter(9, 1, 0, 0, NULL, 8) = 1
[pid 33474] io_uring_enter(9, 0, 1, IORING_ENTER_GETEVENTS, NULL, 8) = 0
[pid 33474] io_uring_enter(9, 1, 0, 0, NULL, 8) = 1
[pid 33474] io_uring_enter(9, 1, 0, 0, NULL, 8) = 1
[pid 33475] <... io_uring_enter resumed>) = 0
[pid 33475] io_uring_enter(7, 1, 0, 0, NULL, 8) = 1
[pid 33475] io_uring_enter(7, 1, 0, 0, NULL, 8) = 1
[pid 33475] io_uring_enter(7, 0, 1, IORING_ENTER_GETEVENTS, NULL, 8) = 0
[pid 33475] io_uring_enter(7, 1, 0, 0, NULL, 8) = 1
[pid 33475] io_uring_enter(7, 1, 0, 0, NULL, 8) = 1
[pid 33475] io_uring_enter(7, 0, 1, IORING_ENTER_GETEVENTS, NULL, 8) = 0
[pid 33475] io_uring_enter(7, 1, 0, 0, NULL, 8) = 1
[pid 33475] io_uring_enter(7, 1, 0, 0, NULL, 8) = 1
[pid 33475] io_uring_enter(7, 1, 0, 0, NULL, 8) = 1
[pid 33475] io_uring_enter(7, 1, 0, 0, NULL, 8) = 1
[pid 33475] io_uring_enter(7, 1, 0, 0, NULL, 8) = 1
[pid 33475] io_uring_enter(7, 0, 1, IORING_ENTER_GETEVENTS, NULL, 8) = 0
[pid 33475] io_uring_enter(7, 1, 0, 0, NULL, 8) = 1
[pid 33475] io_uring_enter(7, 0, 1, IORING_ENTER_GETEVENTS, NULL, 8) = 0
[pid 33475] io_uring_enter(7, 1, 0, 0, NULL, 8) = 1
[pid 33475] io_uring_enter(7, 1, 0, 0, NULL, 8) = 1
[pid 33475] io_uring_enter(7, 1, 0, 0, NULL, 8) = 1
[pid 33475] io_uring_enter(7, 1, 0, 0, NULL, 8) = 1
[pid 33475] io_uring_enter(7, 1, 0, 0, NULL, 8) = 1
[pid 33475] io_uring_enter(7, 0, 1, IORING_ENTER_GETEVENTS, NULL, 8) = 0
[pid 33475] io_uring_enter(7, 1, 0, 0, NULL, 8) = 1
[pid 33475] io_uring_enter(7, 0, 1, IORING_ENTER_GETEVENTS, NULL, 8) = 0
[pid 33475] io_uring_enter(7, 1, 0, 0, NULL, 8) = 1
[pid 33475] io_uring_enter(7, 1, 0, 0, NULL, 8) = 1
[pid 33475] io_uring_enter(7, 1, 0, 0, NULL, 8) = 1
[pid 33475] io_uring_enter(7, 0, 1, IORING_ENTER_GETEVENTS, NULL, 8) = 0
[pid 33475] io_uring_enter(7, 1, 0, 0, NULL, 8) = 1
[pid 33475] io_uring_enter(7, 1, 0, 0, NULL, 8) = 1
[pid 33475] io_uring_enter(7, 0, 1, IORING_ENTER_GETEVENTS, NULL, 8) = 0
[pid 33475] io_uring_enter(7, 1, 0, 0, NULL, 8) = 1
[pid 33475] io_uring_enter(7, 0, 1, IORING_ENTER_GETEVENTS, NULL, 8) = 0
[pid 33475] io_uring_enter(7, 1, 0, 0, NULL, 8) = 1
[pid 33475] io_uring_enter(7, 1, 0, 0, NULL, 8) = 1
[pid 33475] io_uring_enter(7, 1, 0, 0, NULL, 8) = 1
[pid 33475] io_uring_enter(7, 1, 0, 0, NULL, 8) = 1
[pid 33475] io_uring_enter(7, 1, 0, 0, NULL, 8) = 1
[pid 33473] <... io_uring_enter resumed>) = 0
[pid 33473] io_uring_enter(10, 1, 0, 0, NULL, 8) = 1
[pid 33473] io_uring_enter(10, 1, 0, 0, NULL, 8) = 1
[pid 33473] io_uring_enter(10, 0, 1, IORING_ENTER_GETEVENTS, NULL, 8) = 0
[pid 33473] io_uring_enter(10, 1, 0, 0, NULL, 8) = 1
[pid 33473] io_uring_enter(10, 1, 0, 0, NULL, 8) = 1
[pid 33473] io_uring_enter(10, 0, 1, IORING_ENTER_GETEVENTS, NULL, 8) = 0
[pid 33473] io_uring_enter(10, 1, 0, 0, NULL, 8) = 1
[pid 33473] io_uring_enter(10, 1, 0, 0, NULL, 8) = 1
[pid 33473] io_uring_enter(10, 1, 0, 0, NULL, 8) = 1
[pid 33473] io_uring_enter(10, 1, 0, 0, NULL, 8) = 1
[pid 33473] io_uring_enter(10, 1, 0, 0, NULL, 8) = 1
[pid 33473] io_uring_enter(10, 1, 0, 0, NULL, 8) = 1
[pid 33473] io_uring_enter(10, 1, 0, 0, NULL, 8) = 1
[pid 33473] io_uring_enter(10, 0, 1, IORING_ENTER_GETEVENTS, NULL, 8) = 0
[pid 33473] io_uring_enter(10, 1, 0, 0, NULL, 8) = 1
[pid 33473] io_uring_enter(10, 0, 1, IORING_ENTER_GETEVENTS, NULL, 8) = 0
[pid 33473] io_uring_enter(10, 1, 0, 0, NULL, 8) = 1
[pid 33473] io_uring_enter(10, 1, 0, 0, NULL, 8) = 1
[pid 33473] io_uring_enter(10, 1, 0, 0, NULL, 8) = 1
[pid 33473] io_uring_enter(10, 0, 1, IORING_ENTER_GETEVENTS, NULL, 8) = 0
[pid 33473] io_uring_enter(10, 1, 0, 0, NULL, 8) = 1
[pid 33473] io_uring_enter(10, 0, 1, IORING_ENTER_GETEVENTS, NULL, 8) = 0
[pid 33473] io_uring_enter(10, 1, 0, 0, NULL, 8) = 1
[pid 33473] io_uring_enter(10, 0, 1, IORING_ENTER_GETEVENTS, NULL, 8) = 0
[pid 33473] io_uring_enter(10, 1, 0, 0, NULL, 8) = 1
[pid 33473] io_uring_enter(10, 0, 1, IORING_ENTER_GETEVENTS, NULL, 8) = 0
[pid 33473] io_uring_enter(10, 1, 0, 0, NULL, 8) = 1
[pid 33473] io_uring_enter(10, 1, 0, 0, NULL, 8) = 1
[pid 33473] io_uring_enter(10, 1, 0, 0, NULL, 8) = 1
[pid 33473] io_uring_enter(10, 0, 1, IORING_ENTER_GETEVENTS, NULL, 8) = 0
[pid 33473] io_uring_enter(10, 1, 0, 0, NULL, 8) = 1
[pid 33473] io_uring_enter(10, 1, 0, 0, NULL, 8) = 1
[pid 33473] io_uring_enter(10, 0, 1, IORING_ENTER_GETEVENTS, NULL, 8) = 0
[pid 33473] io_uring_enter(10, 1, 0, 0, NULL, 8) = 1
[pid 33473] io_uring_enter(10, 1, 0, 0, NULL, 8) = 1
[pid 33473] io_uring_enter(10, 1, 0, 0, NULL, 8) = 1
[pid 33473] io_uring_enter(10, 1, 0, 0, NULL, 8) = 1
[pid 33473] io_uring_enter(10, 1, 0, 0, NULL, 8) = 1
[pid 33473] io_uring_enter(10, 1, 0, 0, NULL, 8) = 1
[pid 33473] io_uring_enter(10, 1, 0, 0, NULL, 8) = 1
