9     execve("/usr/local/bin/kernel-io", ["/usr/local/bin/kernel-io"], 0x7fff0a0791a8 /* 3 vars */) = 0
9     brk(NULL)                         = 0x561c53c8f000
9     mmap(NULL, 8192, PROT_READ|PROT_WRITE, MAP_PRIVATE|MAP_ANONYMOUS, -1, 0) = 0x7f1dff44f000
9     access("/etc/ld.so.preload", R_OK) = -1 ENOENT (No such file or directory)
9     openat(AT_FDCWD, "/root/.conan2/p/b/spdlo2e9a5c0565d34/p/lib/glibc-hwcaps/x86-64-v4/libstdc++.so.6", O_RDONLY|O_CLOEXEC) = -1 ENOENT (No such file or directory)
9     newfstatat(AT_FDCWD, "/root/.conan2/p/b/spdlo2e9a5c0565d34/p/lib/glibc-hwcaps/x86-64-v4", 0x7ffe5eb94fb0, 0) = -1 ENOENT (No such file or directory)
9     openat(AT_FDCWD, "/root/.conan2/p/b/spdlo2e9a5c0565d34/p/lib/glibc-hwcaps/x86-64-v3/libstdc++.so.6", O_RDONLY|O_CLOEXEC) = -1 ENOENT (No such file or directory)
9     newfstatat(AT_FDCWD, "/root/.conan2/p/b/spdlo2e9a5c0565d34/p/lib/glibc-hwcaps/x86-64-v3", 0x7ffe5eb94fb0, 0) = -1 ENOENT (No such file or directory)
9     openat(AT_FDCWD, "/root/.conan2/p/b/spdlo2e9a5c0565d34/p/lib/glibc-hwcaps/x86-64-v2/libstdc++.so.6", O_RDONLY|O_CLOEXEC) = -1 ENOENT (No such file or directory)
9     newfstatat(AT_FDCWD, "/root/.conan2/p/b/spdlo2e9a5c0565d34/p/lib/glibc-hwcaps/x86-64-v2", 0x7ffe5eb94fb0, 0) = -1 ENOENT (No such file or directory)
9     openat(AT_FDCWD, "/root/.conan2/p/b/spdlo2e9a5c0565d34/p/lib/tls/x86_64/x86_64/libstdc++.so.6", O_RDONLY|O_CLOEXEC) = -1 ENOENT (No such file or directory)
9     newfstatat(AT_FDCWD, "/root/.conan2/p/b/spdlo2e9a5c0565d34/p/lib/tls/x86_64/x86_64", 0x7ffe5eb94fb0, 0) = -1 ENOENT (No such file or directory)
9     openat(AT_FDCWD, "/root/.conan2/p/b/spdlo2e9a5c0565d34/p/lib/tls/x86_64/libstdc++.so.6", O_RDONLY|O_CLOEXEC) = -1 ENOENT (No such file or directory)
9     newfstatat(AT_FDCWD, "/root/.conan2/p/b/spdlo2e9a5c0565d34/p/lib/tls/x86_64", 0x7ffe5eb94fb0, 0) = -1 ENOENT (No such file or directory)
9     openat(AT_FDCWD, "/root/.conan2/p/b/spdlo2e9a5c0565d34/p/lib/tls/x86_64/libstdc++.so.6", O_RDONLY|O_CLOEXEC) = -1 ENOENT (No such file or directory)
9     newfstatat(AT_FDCWD, "/root/.conan2/p/b/spdlo2e9a5c0565d34/p/lib/tls/x86_64", 0x7ffe5eb94fb0, 0) = -1 ENOENT (No such file or directory)
9     openat(AT_FDCWD, "/root/.conan2/p/b/spdlo2e9a5c0565d34/p/lib/tls/libstdc++.so.6", O_RDONLY|O_CLOEXEC) = -1 ENOENT (No such file or directory)
9     newfstatat(AT_FDCWD, "/root/.conan2/p/b/spdlo2e9a5c0565d34/p/lib/tls", 0x7ffe5eb94fb0, 0) = -1 ENOENT (No such file or directory)
9     openat(AT_FDCWD, "/root/.conan2/p/b/spdlo2e9a5c0565d34/p/lib/x86_64/x86_64/libstdc++.so.6", O_RDONLY|O_CLOEXEC) = -1 ENOENT (No such file or directory)
9     newfstatat(AT_FDCWD, "/root/.conan2/p/b/spdlo2e9a5c0565d34/p/lib/x86_64/x86_64", 0x7ffe5eb94fb0, 0) = -1 ENOENT (No such file or directory)
9     openat(AT_FDCWD, "/root/.conan2/p/b/spdlo2e9a5c0565d34/p/lib/x86_64/libstdc++.so.6", O_RDONLY|O_CLOEXEC) = -1 ENOENT (No such file or directory)
9     newfstatat(AT_FDCWD, "/root/.conan2/p/b/spdlo2e9a5c0565d34/p/lib/x86_64", 0x7ffe5eb94fb0, 0) = -1 ENOENT (No such file or directory)
9     openat(AT_FDCWD, "/root/.conan2/p/b/spdlo2e9a5c0565d34/p/lib/x86_64/libstdc++.so.6", O_RDONLY|O_CLOEXEC) = -1 ENOENT (No such file or directory)
9     newfstatat(AT_FDCWD, "/root/.conan2/p/b/spdlo2e9a5c0565d34/p/lib/x86_64", 0x7ffe5eb94fb0, 0) = -1 ENOENT (No such file or directory)
9     openat(AT_FDCWD, "/root/.conan2/p/b/spdlo2e9a5c0565d34/p/lib/libstdc++.so.6", O_RDONLY|O_CLOEXEC) = -1 ENOENT (No such file or directory)
9     newfstatat(AT_FDCWD, "/root/.conan2/p/b/spdlo2e9a5c0565d34/p/lib", 0x7ffe5eb94fb0, 0) = -1 ENOENT (No such file or directory)
9     openat(AT_FDCWD, "/root/.conan2/p/b/fmt6b56acf098718/p/lib/glibc-hwcaps/x86-64-v4/libstdc++.so.6", O_RDONLY|O_CLOEXEC) = -1 ENOENT (No such file or directory)
9     newfstatat(AT_FDCWD, "/root/.conan2/p/b/fmt6b56acf098718/p/lib/glibc-hwcaps/x86-64-v4", 0x7ffe5eb94fb0, 0) = -1 ENOENT (No such file or directory)
9     openat(AT_FDCWD, "/root/.conan2/p/b/fmt6b56acf098718/p/lib/glibc-hwcaps/x86-64-v3/libstdc++.so.6", O_RDONLY|O_CLOEXEC) = -1 ENOENT (No such file or directory)
9     newfstatat(AT_FDCWD, "/root/.conan2/p/b/fmt6b56acf098718/p/lib/glibc-hwcaps/x86-64-v3", 0x7ffe5eb94fb0, 0) = -1 ENOENT (No such file or directory)
9     openat(AT_FDCWD, "/root/.conan2/p/b/fmt6b56acf098718/p/lib/glibc-hwcaps/x86-64-v2/libstdc++.so.6", O_RDONLY|O_CLOEXEC) = -1 ENOENT (No such file or directory)
9     newfstatat(AT_FDCWD, "/root/.conan2/p/b/fmt6b56acf098718/p/lib/glibc-hwcaps/x86-64-v2", 0x7ffe5eb94fb0, 0) = -1 ENOENT (No such file or directory)
9     openat(AT_FDCWD, "/root/.conan2/p/b/fmt6b56acf098718/p/lib/tls/x86_64/x86_64/libstdc++.so.6", O_RDONLY|O_CLOEXEC) = -1 ENOENT (No such file or directory)
9     newfstatat(AT_FDCWD, "/root/.conan2/p/b/fmt6b56acf098718/p/lib/tls/x86_64/x86_64", 0x7ffe5eb94fb0, 0) = -1 ENOENT (No such file or directory)
9     openat(AT_FDCWD, "/root/.conan2/p/b/fmt6b56acf098718/p/lib/tls/x86_64/libstdc++.so.6", O_RDONLY|O_CLOEXEC) = -1 ENOENT (No such file or directory)
9     newfstatat(AT_FDCWD, "/root/.conan2/p/b/fmt6b56acf098718/p/lib/tls/x86_64", 0x7ffe5eb94fb0, 0) = -1 ENOENT (No such file or directory)
9     openat(AT_FDCWD, "/root/.conan2/p/b/fmt6b56acf098718/p/lib/tls/x86_64/libstdc++.so.6", O_RDONLY|O_CLOEXEC) = -1 ENOENT (No such file or directory)
9     newfstatat(AT_FDCWD, "/root/.conan2/p/b/fmt6b56acf098718/p/lib/tls/x86_64", 0x7ffe5eb94fb0, 0) = -1 ENOENT (No such file or directory)
9     openat(AT_FDCWD, "/root/.conan2/p/b/fmt6b56acf098718/p/lib/tls/libstdc++.so.6", O_RDONLY|O_CLOEXEC) = -1 ENOENT (No such file or directory)
9     newfstatat(AT_FDCWD, "/root/.conan2/p/b/fmt6b56acf098718/p/lib/tls", 0x7ffe5eb94fb0, 0) = -1 ENOENT (No such file or directory)
9     openat(AT_FDCWD, "/root/.conan2/p/b/fmt6b56acf098718/p/lib/x86_64/x86_64/libstdc++.so.6", O_RDONLY|O_CLOEXEC) = -1 ENOENT (No such file or directory)
9     newfstatat(AT_FDCWD, "/root/.conan2/p/b/fmt6b56acf098718/p/lib/x86_64/x86_64", 0x7ffe5eb94fb0, 0) = -1 ENOENT (No such file or directory)
9     openat(AT_FDCWD, "/root/.conan2/p/b/fmt6b56acf098718/p/lib/x86_64/libstdc++.so.6", O_RDONLY|O_CLOEXEC) = -1 ENOENT (No such file or directory)
9     newfstatat(AT_FDCWD, "/root/.conan2/p/b/fmt6b56acf098718/p/lib/x86_64", 0x7ffe5eb94fb0, 0) = -1 ENOENT (No such file or directory)
9     openat(AT_FDCWD, "/root/.conan2/p/b/fmt6b56acf098718/p/lib/x86_64/libstdc++.so.6", O_RDONLY|O_CLOEXEC) = -1 ENOENT (No such file or directory)
9     newfstatat(AT_FDCWD, "/root/.conan2/p/b/fmt6b56acf098718/p/lib/x86_64", 0x7ffe5eb94fb0, 0) = -1 ENOENT (No such file or directory)
9     openat(AT_FDCWD, "/root/.conan2/p/b/fmt6b56acf098718/p/lib/libstdc++.so.6", O_RDONLY|O_CLOEXEC) = -1 ENOENT (No such file or directory)
9     newfstatat(AT_FDCWD, "/root/.conan2/p/b/fmt6b56acf098718/p/lib", 0x7ffe5eb94fb0, 0) = -1 ENOENT (No such file or directory)
9     openat(AT_FDCWD, "/etc/ld.so.cache", O_RDONLY|O_CLOEXEC) = 3
9     newfstatat(3, "", {st_mode=S_IFREG|0644, st_size=4851, ...}, AT_EMPTY_PATH) = 0
9     mmap(NULL, 4851, PROT_READ, MAP_PRIVATE, 3, 0) = 0x7f1dff44d000
9     close(3)                          = 0
9     openat(AT_FDCWD, "/lib/x86_64-linux-gnu/libstdc++.so.6", O_RDONLY|O_CLOEXEC) = 3
9     read(3, "\177ELF\2\1\1\3\0\0\0\0\0\0\0\0\3\0>\0\1\0\0\0\0\0\0\0\0\0\0\0"..., 832) = 832
9     newfstatat(3, "", {st_mode=S_IFREG|0644, st_size=2190440, ...}, AT_EMPTY_PATH) = 0
9     mmap(NULL, 2201728, PROT_READ, MAP_PRIVATE|MAP_DENYWRITE, 3, 0) = 0x7f1dff233000
9     mmap(0x7f1dff2cc000, 1052672, PROT_READ|PROT_EXEC, MAP_PRIVATE|MAP_FIXED|MAP_DENYWRITE, 3, 0x99000) = 0x7f1dff2cc000
9     mmap(0x7f1dff3cd000, 454656, PROT_READ, MAP_PRIVATE|MAP_FIXED|MAP_DENYWRITE, 3, 0x19a000) = 0x7f1dff3cd000
9     mmap(0x7f1dff43c000, 57344, PROT_READ|PROT_WRITE, MAP_PRIVATE|MAP_FIXED|MAP_DENYWRITE, 3, 0x209000) = 0x7f1dff43c000
9     mmap(0x7f1dff44a000, 10368, PROT_READ|PROT_WRITE, MAP_PRIVATE|MAP_FIXED|MAP_ANONYMOUS, -1, 0) = 0x7f1dff44a000
9     close(3)                          = 0
9     openat(AT_FDCWD, "/lib/x86_64-linux-gnu/libgcc_s.so.1", O_RDONLY|O_CLOEXEC) = 3
9     read(3, "\177ELF\2\1\1\0\0\0\0\0\0\0\0\0\3\0>\0\1\0\0\0\0\0\0\0\0\0\0\0"..., 832) = 832
9     newfstatat(3, "", {st_mode=S_IFREG|0644, st_size=125312, ...}, AT_EMPTY_PATH) = 0
9     mmap(NULL, 127688, PROT_READ, MAP_PRIVATE|MAP_DENYWRITE, 3, 0) = 0x7f1dff213000
9     mmap(0x7f1dff216000, 94208, PROT_READ|PROT_EXEC, MAP_PRIVATE|MAP_FIXED|MAP_DENYWRITE, 3, 0x3000) = 0x7f1dff216000
9     mmap(0x7f1dff22d000, 16384, PROT_READ, MAP_PRIVATE|MAP_FIXED|MAP_DENYWRITE, 3, 0x1a000) = 0x7f1dff22d000
9     mmap(0x7f1dff231000, 8192, PROT_READ|PROT_WRITE, MAP_PRIVATE|MAP_FIXED|MAP_DENYWRITE, 3, 0x1d000) = 0x7f1dff231000
9     close(3)                          = 0
9     openat(AT_FDCWD, "/lib/x86_64-linux-gnu/libc.so.6", O_RDONLY|O_CLOEXEC) = 3
9     read(3, "\177ELF\2\1\1\3\0\0\0\0\0\0\0\0\3\0>\0\1\0\0\0\20t\2\0\0\0\0\0"..., 832) = 832
9     pread64(3, "\6\0\0\0\4\0\0\0@\0\0\0\0\0\0\0@\0\0\0\0\0\0\0@\0\0\0\0\0\0\0"..., 784, 64) = 784
9     newfstatat(3, "", {st_mode=S_IFREG|0755, st_size=1926232, ...}, AT_EMPTY_PATH) = 0
9     pread64(3, "\6\0\0\0\4\0\0\0@\0\0\0\0\0\0\0@\0\0\0\0\0\0\0@\0\0\0\0\0\0\0"..., 784, 64) = 784
9     mmap(NULL, 1974096, PROT_READ, MAP_PRIVATE|MAP_DENYWRITE, 3, 0) = 0x7f1dff031000
9     mmap(0x7f1dff057000, 1400832, PROT_READ|PROT_EXEC, MAP_PRIVATE|MAP_FIXED|MAP_DENYWRITE, 3, 0x26000) = 0x7f1dff057000
9     mmap(0x7f1dff1ad000, 339968, PROT_READ, MAP_PRIVATE|MAP_FIXED|MAP_DENYWRITE, 3, 0x17c000) = 0x7f1dff1ad000
9     mmap(0x7f1dff200000, 24576, PROT_READ|PROT_WRITE, MAP_PRIVATE|MAP_FIXED|MAP_DENYWRITE, 3, 0x1cf000) = 0x7f1dff200000
9     mmap(0x7f1dff206000, 53072, PROT_READ|PROT_WRITE, MAP_PRIVATE|MAP_FIXED|MAP_ANONYMOUS, -1, 0) = 0x7f1dff206000
9     close(3)                          = 0
9     openat(AT_FDCWD, "/lib/x86_64-linux-gnu/libm.so.6", O_RDONLY|O_CLOEXEC) = 3
9     read(3, "\177ELF\2\1\1\3\0\0\0\0\0\0\0\0\3\0>\0\1\0\0\0\0\0\0\0\0\0\0\0"..., 832) = 832
9     newfstatat(3, "", {st_mode=S_IFREG|0644, st_size=911904, ...}, AT_EMPTY_PATH) = 0
9     mmap(NULL, 913680, PROT_READ, MAP_PRIVATE|MAP_DENYWRITE, 3, 0) = 0x7f1dfef51000
9     mmap(0x7f1dfef61000, 475136, PROT_READ|PROT_EXEC, MAP_PRIVATE|MAP_FIXED|MAP_DENYWRITE, 3, 0x10000) = 0x7f1dfef61000
9     mmap(0x7f1dfefd5000, 368640, PROT_READ, MAP_PRIVATE|MAP_FIXED|MAP_DENYWRITE, 3, 0x84000) = 0x7f1dfefd5000
9     mmap(0x7f1dff02f000, 8192, PROT_READ|PROT_WRITE, MAP_PRIVATE|MAP_FIXED|MAP_DENYWRITE, 3, 0xdd000) = 0x7f1dff02f000
9     close(3)                          = 0
9     mmap(NULL, 8192, PROT_READ|PROT_WRITE, MAP_PRIVATE|MAP_ANONYMOUS, -1, 0) = 0x7f1dfef4f000
9     mmap(NULL, 12288, PROT_READ|PROT_WRITE, MAP_PRIVATE|MAP_ANONYMOUS, -1, 0) = 0x7f1dfef4c000
9     arch_prctl(ARCH_SET_FS, 0x7f1dfef4c740) = 0
9     set_tid_address(0x7f1dfef4ca10)   = 9
9     set_robust_list(0x7f1dfef4ca20, 24) = 0
9     rseq(0x7f1dfef4d060, 0x20, 0, 0x53053053) = 0
9     mprotect(0x7f1dff200000, 16384, PROT_READ) = 0
9     mprotect(0x7f1dff02f000, 4096, PROT_READ) = 0
9     mprotect(0x7f1dff231000, 4096, PROT_READ) = 0
9     mprotect(0x7f1dff43c000, 45056, PROT_READ) = 0
9     mprotect(0x561c24b97000, 4096, PROT_READ) = 0
9     mprotect(0x7f1dff48a000, 8192, PROT_READ) = 0
9     prlimit64(0, RLIMIT_STACK, NULL, {rlim_cur=8192*1024, rlim_max=RLIM64_INFINITY}) = 0
9     munmap(0x7f1dff44d000, 4851)      = 0
9     getrandom("\xcc\xe3\x20\x02\xef\xd4\x36\x32", 8, GRND_NONBLOCK) = 8
9     brk(NULL)                         = 0x561c53c8f000
9     brk(0x561c53cb0000)               = 0x561c53cb0000
9     futex(0x7f1dff44a73c, FUTEX_WAKE_PRIVATE, 2147483647) = 0
9     newfstatat(1, "", {st_mode=S_IFIFO|0600, st_size=0, ...}, AT_EMPTY_PATH) = 0
9     rt_sigaction(SIGRT_1, {sa_handler=0x7f1dff0b7720, sa_mask=[], sa_flags=SA_RESTORER|SA_ONSTACK|SA_RESTART|SA_SIGINFO, sa_restorer=0x7f1dff06d050}, NULL, 8) = 0
9     rt_sigprocmask(SIG_UNBLOCK, [RTMIN RT_1], NULL, 8) = 0
9     mmap(NULL, 8392704, PROT_NONE, MAP_PRIVATE|MAP_ANONYMOUS|MAP_STACK, -1, 0) = 0x7f1dfe74b000
9     mprotect(0x7f1dfe74c000, 8388608, PROT_READ|PROT_WRITE) = 0
9     rt_sigprocmask(SIG_BLOCK, ~[], [], 8) = 0
9     clone3({flags=CLONE_VM|CLONE_FS|CLONE_FILES|CLONE_SIGHAND|CLONE_THREAD|CLONE_SYSVSEM|CLONE_SETTLS|CLONE_PARENT_SETTID|CLONE_CHILD_CLEARTID, child_tid=0x7f1dfef4b990, parent_tid=0x7f1dfef4b990, exit_signal=0, stack=0x7f1dfe74b000, stack_size=0x7fff80, tls=0x7f1dfef4b6c0}, 88) = -1 ENOSYS (Function not implemented)
9     clone(child_stack=0x7f1dfef4af70, flags=CLONE_VM|CLONE_FS|CLONE_FILES|CLONE_SIGHAND|CLONE_THREAD|CLONE_SYSVSEM|CLONE_SETTLS|CLONE_PARENT_SETTID|CLONE_CHILD_CLEARTID, parent_tid=[10], tls=0x7f1dfef4b6c0, child_tidptr=0x7f1dfef4b990) = 10
10    rseq(0x7f1dfef4bfe0, 0x20, 0, 0x53053053 <unfinished ...>
9     rt_sigprocmask(SIG_SETMASK, [],  <unfinished ...>
10    <... rseq resumed>)               = 0
9     <... rt_sigprocmask resumed>NULL, 8) = 0
10    set_robust_list(0x7f1dfef4b9a0, 24 <unfinished ...>
9     mmap(NULL, 8392704, PROT_NONE, MAP_PRIVATE|MAP_ANONYMOUS|MAP_STACK, -1, 0 <unfinished ...>
10    <... set_robust_list resumed>)    = 0
9     <... mmap resumed>)               = 0x7f1dfdf4a000
10    rt_sigprocmask(SIG_SETMASK, [],  <unfinished ...>
9     mprotect(0x7f1dfdf4b000, 8388608, PROT_READ|PROT_WRITE <unfinished ...>
10    <... rt_sigprocmask resumed>NULL, 8) = 0
9     <... mprotect resumed>)           = 0
10    futex(0x7ffe5eb95d78, FUTEX_WAIT_BITSET_PRIVATE|FUTEX_CLOCK_REALTIME, 0, NULL, FUTEX_BITSET_MATCH_ANY <unfinished ...>
9     rt_sigprocmask(SIG_BLOCK, ~[], [], 8) = 0
9     clone3({flags=CLONE_VM|CLONE_FS|CLONE_FILES|CLONE_SIGHAND|CLONE_THREAD|CLONE_SYSVSEM|CLONE_SETTLS|CLONE_PARENT_SETTID|CLONE_CHILD_CLEARTID, child_tid=0x7f1dfe74a990, parent_tid=0x7f1dfe74a990, exit_signal=0, stack=0x7f1dfdf4a000, stack_size=0x7fff80, tls=0x7f1dfe74a6c0}, 88) = -1 ENOSYS (Function not implemented)
9     clone(child_stack=0x7f1dfe749f70, flags=CLONE_VM|CLONE_FS|CLONE_FILES|CLONE_SIGHAND|CLONE_THREAD|CLONE_SYSVSEM|CLONE_SETTLS|CLONE_PARENT_SETTID|CLONE_CHILD_CLEARTID, parent_tid=[11], tls=0x7f1dfe74a6c0, child_tidptr=0x7f1dfe74a990) = 11
11    rseq(0x7f1dfe74afe0, 0x20, 0, 0x53053053 <unfinished ...>
9     rt_sigprocmask(SIG_SETMASK, [],  <unfinished ...>
11    <... rseq resumed>)               = 0
9     <... rt_sigprocmask resumed>NULL, 8) = 0
11    set_robust_list(0x7f1dfe74a9a0, 24 <unfinished ...>
9     mmap(NULL, 8392704, PROT_NONE, MAP_PRIVATE|MAP_ANONYMOUS|MAP_STACK, -1, 0 <unfinished ...>
11    <... set_robust_list resumed>)    = 0
9     <... mmap resumed>)               = 0x7f1dfd749000
11    rt_sigprocmask(SIG_SETMASK, [],  <unfinished ...>
9     mprotect(0x7f1dfd74a000, 8388608, PROT_READ|PROT_WRITE <unfinished ...>
11    <... rt_sigprocmask resumed>NULL, 8) = 0
9     <... mprotect resumed>)           = 0
11    futex(0x7ffe5eb95d78, FUTEX_WAIT_BITSET_PRIVATE|FUTEX_CLOCK_REALTIME, 0, NULL, FUTEX_BITSET_MATCH_ANY <unfinished ...>
9     rt_sigprocmask(SIG_BLOCK, ~[], [], 8) = 0
9     clone3({flags=CLONE_VM|CLONE_FS|CLONE_FILES|CLONE_SIGHAND|CLONE_THREAD|CLONE_SYSVSEM|CLONE_SETTLS|CLONE_PARENT_SETTID|CLONE_CHILD_CLEARTID, child_tid=0x7f1dfdf49990, parent_tid=0x7f1dfdf49990, exit_signal=0, stack=0x7f1dfd749000, stack_size=0x7fff80, tls=0x7f1dfdf496c0}, 88) = -1 ENOSYS (Function not implemented)
9     clone(child_stack=0x7f1dfdf48f70, flags=CLONE_VM|CLONE_FS|CLONE_FILES|CLONE_SIGHAND|CLONE_THREAD|CLONE_SYSVSEM|CLONE_SETTLS|CLONE_PARENT_SETTID|CLONE_CHILD_CLEARTID, parent_tid=[12], tls=0x7f1dfdf496c0, child_tidptr=0x7f1dfdf49990) = 12
12    rseq(0x7f1dfdf49fe0, 0x20, 0, 0x53053053 <unfinished ...>
9     rt_sigprocmask(SIG_SETMASK, [],  <unfinished ...>
12    <... rseq resumed>)               = 0
9     <... rt_sigprocmask resumed>NULL, 8) = 0
12    set_robust_list(0x7f1dfdf499a0, 24 <unfinished ...>
9     mmap(NULL, 8392704, PROT_NONE, MAP_PRIVATE|MAP_ANONYMOUS|MAP_STACK, -1, 0 <unfinished ...>
12    <... set_robust_list resumed>)    = 0
9     <... mmap resumed>)               = 0x7f1dfcf48000
12    rt_sigprocmask(SIG_SETMASK, [],  <unfinished ...>
9     mprotect(0x7f1dfcf49000, 8388608, PROT_READ|PROT_WRITE <unfinished ...>
12    <... rt_sigprocmask resumed>NULL, 8) = 0
9     <... mprotect resumed>)           = 0
12    futex(0x7ffe5eb95d78, FUTEX_WAIT_BITSET_PRIVATE|FUTEX_CLOCK_REALTIME, 0, NULL, FUTEX_BITSET_MATCH_ANY <unfinished ...>
9     rt_sigprocmask(SIG_BLOCK, ~[], [], 8) = 0
9     clone3({flags=CLONE_VM|CLONE_FS|CLONE_FILES|CLONE_SIGHAND|CLONE_THREAD|CLONE_SYSVSEM|CLONE_SETTLS|CLONE_PARENT_SETTID|CLONE_CHILD_CLEARTID, child_tid=0x7f1dfd748990, parent_tid=0x7f1dfd748990, exit_signal=0, stack=0x7f1dfcf48000, stack_size=0x7fff80, tls=0x7f1dfd7486c0}, 88) = -1 ENOSYS (Function not implemented)
9     clone(child_stack=0x7f1dfd747f70, flags=CLONE_VM|CLONE_FS|CLONE_FILES|CLONE_SIGHAND|CLONE_THREAD|CLONE_SYSVSEM|CLONE_SETTLS|CLONE_PARENT_SETTID|CLONE_CHILD_CLEARTID, parent_tid=[13], tls=0x7f1dfd7486c0, child_tidptr=0x7f1dfd748990) = 13
13    rseq(0x7f1dfd748fe0, 0x20, 0, 0x53053053 <unfinished ...>
9     rt_sigprocmask(SIG_SETMASK, [],  <unfinished ...>
13    <... rseq resumed>)               = 0
9     <... rt_sigprocmask resumed>NULL, 8) = 0
13    set_robust_list(0x7f1dfd7489a0, 24 <unfinished ...>
9     futex(0x7ffe5eb95d78, FUTEX_WAKE_PRIVATE, 1 <unfinished ...>
13    <... set_robust_list resumed>)    = 0
9     <... futex resumed>)              = 1
10    <... futex resumed>)              = 0
9     futex(0x7ffe5eb95d78, FUTEX_WAKE_PRIVATE, 1 <unfinished ...>
13    rt_sigprocmask(SIG_SETMASK, [],  <unfinished ...>
9     <... futex resumed>)              = 1
11    <... futex resumed>)              = 0
10    futex(0x7ffe5eb95d28, FUTEX_WAKE_PRIVATE, 1 <unfinished ...>
13    <... rt_sigprocmask resumed>NULL, 8) = 0
9     futex(0x7ffe5eb95d78, FUTEX_WAKE_PRIVATE, 1 <unfinished ...>
11    futex(0x7ffe5eb95d28, FUTEX_WAKE_PRIVATE, 1 <unfinished ...>
10    <... futex resumed>)              = 0
9     <... futex resumed>)              = 1
13    socket(AF_INET, SOCK_STREAM|SOCK_NONBLOCK, IPPROTO_IP <unfinished ...>
12    <... futex resumed>)              = 0
11    <... futex resumed>)              = 0
9     futex(0x7f1dfef4b990, FUTEX_WAIT_BITSET|FUTEX_CLOCK_REALTIME, 10, NULL, FUTEX_BITSET_MATCH_ANY <unfinished ...>
12    futex(0x7ffe5eb95d28, FUTEX_WAKE_PRIVATE, 1 <unfinished ...>
10    socket(AF_INET, SOCK_STREAM|SOCK_NONBLOCK, IPPROTO_IP <unfinished ...>
13    <... socket resumed>)             = 3
12    <... futex resumed>)              = 0
11    socket(AF_INET, SOCK_STREAM|SOCK_NONBLOCK, IPPROTO_IP <unfinished ...>
13    epoll_create1(0 <unfinished ...>
12    socket(AF_INET, SOCK_STREAM|SOCK_NONBLOCK, IPPROTO_IP <unfinished ...>
10    <... socket resumed>)             = 4
13    <... epoll_create1 resumed>)      = 6
12    <... socket resumed>)             = 7
11    <... socket resumed>)             = 5
13    epoll_ctl(6, EPOLL_CTL_ADD, 3, {events=EPOLLOUT, data={u32=3, u64=3}} <unfinished ...>
12    epoll_create1(0 <unfinished ...>
10    epoll_create1(0 <unfinished ...>
13    <... epoll_ctl resumed>)          = 0
12    <... epoll_create1 resumed>)      = 8
11    epoll_create1(0 <unfinished ...>
13    connect(3, {sa_family=AF_INET, sin_port=htons(80), sin_addr=inet_addr("142.251.152.119")}, 16 <unfinished ...>
12    epoll_ctl(8, EPOLL_CTL_ADD, 7, {events=EPOLLOUT, data={u32=7, u64=7}} <unfinished ...>
10    <... epoll_create1 resumed>)      = 9
11    <... epoll_create1 resumed>)      = 10
12    <... epoll_ctl resumed>)          = 0
10    epoll_ctl(9, EPOLL_CTL_ADD, 4, {events=EPOLLOUT, data={u32=4, u64=4}} <unfinished ...>
12    connect(7, {sa_family=AF_INET, sin_port=htons(80), sin_addr=inet_addr("142.251.152.119")}, 16 <unfinished ...>
11    epoll_ctl(10, EPOLL_CTL_ADD, 5, {events=EPOLLOUT, data={u32=5, u64=5}} <unfinished ...>
10    <... epoll_ctl resumed>)          = 0
11    <... epoll_ctl resumed>)          = 0
10    connect(4, {sa_family=AF_INET, sin_port=htons(80), sin_addr=inet_addr("142.251.152.119")}, 16 <unfinished ...>
11    connect(5, {sa_family=AF_INET, sin_port=htons(80), sin_addr=inet_addr("142.251.152.119")}, 16 <unfinished ...>
12    <... connect resumed>)            = -1 EINPROGRESS (Operation now in progress)
12    epoll_ctl(8, EPOLL_CTL_MOD, 7, {events=EPOLLOUT, data={u32=7, u64=7}} <unfinished ...>
10    <... connect resumed>)            = -1 EINPROGRESS (Operation now in progress)
12    <... epoll_ctl resumed>)          = 0
11    <... connect resumed>)            = -1 EINPROGRESS (Operation now in progress)
10    epoll_ctl(9, EPOLL_CTL_MOD, 4, {events=EPOLLOUT, data={u32=4, u64=4}} <unfinished ...>
12    epoll_wait(8,  <unfinished ...>
11    epoll_ctl(10, EPOLL_CTL_MOD, 5, {events=EPOLLOUT, data={u32=5, u64=5}} <unfinished ...>
10    <... epoll_ctl resumed>)          = 0
11    <... epoll_ctl resumed>)          = 0
10    epoll_wait(9,  <unfinished ...>
11    epoll_wait(10,  <unfinished ...>
13    <... connect resumed>)            = -1 EINPROGRESS (Operation now in progress)
13    epoll_ctl(6, EPOLL_CTL_MOD, 3, {events=EPOLLOUT, data={u32=3, u64=3}}) = 0
13    epoll_wait(6,  <unfinished ...>
12    <... epoll_wait resumed>[{events=EPOLLOUT, data={u32=7, u64=7}}], 1, 5000) = 1
11    <... epoll_wait resumed>[{events=EPOLLOUT, data={u32=5, u64=5}}], 1, 5000) = 1
12    getsockopt(7, SOL_SOCKET, SO_ERROR,  <unfinished ...>
11    getsockopt(5, SOL_SOCKET, SO_ERROR,  <unfinished ...>
12    <... getsockopt resumed>[0], [4]) = 0
11    <... getsockopt resumed>[0], [4]) = 0
12    epoll_ctl(8, EPOLL_CTL_MOD, 7, {events=EPOLLOUT, data={u32=7, u64=7}} <unfinished ...>
11    epoll_ctl(10, EPOLL_CTL_MOD, 5, {events=EPOLLOUT, data={u32=5, u64=5}} <unfinished ...>
12    <... epoll_ctl resumed>)          = 0
11    <... epoll_ctl resumed>)          = 0
12    epoll_wait(8,  <unfinished ...>
11    epoll_wait(10,  <unfinished ...>
12    <... epoll_wait resumed>[{events=EPOLLOUT, data={u32=7, u64=7}}], 1, 5000) = 1
11    <... epoll_wait resumed>[{events=EPOLLOUT, data={u32=5, u64=5}}], 1, 5000) = 1
12    sendto(7, "GET / HTTP/1.0\r\nHost: www.google"..., 59, 0, NULL, 0 <unfinished ...>
11    sendto(5, "GET / HTTP/1.0\r\nHost: www.google"..., 59, 0, NULL, 0 <unfinished ...>
12    <... sendto resumed>)             = 59
12    epoll_ctl(8, EPOLL_CTL_MOD, 7, {events=EPOLLIN, data={u32=7, u64=7}} <unfinished ...>
11    <... sendto resumed>)             = 59
12    <... epoll_ctl resumed>)          = 0
11    epoll_ctl(10, EPOLL_CTL_MOD, 5, {events=EPOLLIN, data={u32=5, u64=5}} <unfinished ...>
12    epoll_wait(8,  <unfinished ...>
11    <... epoll_ctl resumed>)          = 0
11    epoll_wait(10,  <unfinished ...>
12    <... epoll_wait resumed>[{events=EPOLLIN, data={u32=7, u64=7}}], 1, 5000) = 1
12    recvfrom(7, "HTTP/1.0 200 OK\r\nDate: Thu, 16 A"..., 4095, 0, NULL, NULL) = 4095
12    mmap(NULL, 134217728, PROT_NONE, MAP_PRIVATE|MAP_ANONYMOUS|MAP_NORESERVE, -1, 0) = 0x7f1df4e00000
12    munmap(0x7f1df4e00000, 52428800)  = 0
12    munmap(0x7f1dfc000000, 14680064)  = 0
12    mprotect(0x7f1df8000000, 135168, PROT_READ|PROT_WRITE) = 0
12    epoll_ctl(8, EPOLL_CTL_MOD, 7, {events=EPOLLIN, data={u32=7, u64=7}}) = 0
12    epoll_wait(8, [{events=EPOLLIN, data={u32=7, u64=7}}], 1, 5000) = 1
12    recvfrom(7, "var l,m=!1,n=[];function p(a){fo"..., 4095, 0, NULL, NULL) = 2493
12    epoll_ctl(8, EPOLL_CTL_MOD, 7, {events=EPOLLIN, data={u32=7, u64=7}}) = 0
12    epoll_wait(8, [{events=EPOLLIN, data={u32=7, u64=7}}], 1, 5000) = 1
12    recvfrom(7, ",[0,0,\"\",1,0,0,0,0,0,0,null,0,0,"..., 4095, 0, NULL, NULL) = 4095
12    epoll_ctl(8, EPOLL_CTL_MOD, 7, {events=EPOLLIN, data={u32=7, u64=7}}) = 0
12    epoll_wait(8, [{events=EPOLLIN, data={u32=7, u64=7}}], 1, 5000) = 1
12    recvfrom(7, "ck;c&&(this.stack=c)}a&&(this.me"..., 4095, 0, NULL, NULL) = 4095
12    epoll_ctl(8, EPOLL_CTL_MOD, 7, {events=EPOLLIN, data={u32=7, u64=7}}) = 0
12    epoll_wait(8, [{events=EPOLLIN, data={u32=7, u64=7}}], 1, 5000) = 1
12    recvfrom(7, "urn a.length===0&&b&1?void 0:hb("..., 4095, 0, NULL, NULL) = 4095
12    epoll_ctl(8, EPOLL_CTL_MOD, 7, {events=EPOLLIN, data={u32=7, u64=7}}) = 0
12    epoll_wait(8, [{events=EPOLLIN, data={u32=7, u64=7}}], 1, 5000) = 1
12    recvfrom(7, "!==b)throw new TypeError(\"b`\"+a)"..., 4095, 0, NULL, NULL) = 4095
12    epoll_ctl(8, EPOLL_CTL_MOD, 7, {events=EPOLLIN, data={u32=7, u64=7}}) = 0
12    epoll_wait(8, [{events=EPOLLIN, data={u32=7, u64=7}}], 1, 5000) = 1
12    recvfrom(7, "=this.i;this.i=[];for(var h=0;h<"..., 4095, 0, NULL, NULL) = 3220
12    epoll_ctl(8, EPOLL_CTL_MOD, 7, {events=EPOLLIN, data={u32=7, u64=7}}) = 0
12    epoll_wait(8, [{events=EPOLLIN, data={u32=7, u64=7}}], 1, 5000) = 1
12    recvfrom(7, "\"}function d(k){if(!Xb(k,f)){var"..., 4095, 0, NULL, NULL) = 1400
12    epoll_ctl(8, EPOLL_CTL_MOD, 7, {events=EPOLLIN, data={u32=7, u64=7}}) = 0
12    epoll_wait(8, [{events=EPOLLIN, data={u32=7, u64=7}}], 1, 5000) = 1
12    recvfrom(7, "t\"||!m.next().done?!1:!0}catch(p"..., 4095, 0, NULL, NULL) = 4095
12    epoll_ctl(8, EPOLL_CTL_MOD, 7, {events=EPOLLIN, data={u32=7, u64=7}}) = 0
12    epoll_wait(8, [{events=EPOLLIN, data={u32=7, u64=7}}], 1, 5000) = 1
12    recvfrom(7, "n(b,c){var d=this;d instanceof S"..., 4095, 0, NULL, NULL) = 4095
12    epoll_ctl(8, EPOLL_CTL_MOD, 7, {events=EPOLLIN, data={u32=7, u64=7}}) = 0
12    epoll_wait(8, [{events=EPOLLIN, data={u32=7, u64=7}}], 1, 5000) = 1
12    recvfrom(7, ");var ea=typeof _.t.BigInt===\"fu"..., 4095, 0, NULL, NULL) = 1610
12    epoll_ctl(8, EPOLL_CTL_MOD, 7, {events=EPOLLIN, data={u32=7, u64=7}}) = 0
12    epoll_wait(8, [{events=EPOLLIN, data={u32=7, u64=7}}], 1, 5000) = 1
12    recvfrom(7, "ototype.some?function(a,b){retur"..., 4095, 0, NULL, NULL) = 4095
12    epoll_ctl(8, EPOLL_CTL_MOD, 7, {events=EPOLLIN, data={u32=7, u64=7}}) = 0
12    epoll_wait(8, [{events=EPOLLIN, data={u32=7, u64=7}}], 1, 5000) = 1
12    recvfrom(7, "n?b:null};Ed.prototype.ub=functi"..., 4095, 0, NULL, NULL) = 4095
12    epoll_ctl(8, EPOLL_CTL_MOD, 7, {events=EPOLLIN, data={u32=7, u64=7}}) = 0
12    epoll_wait(8, [{events=EPOLLIN, data={u32=7, u64=7}}], 1, 5000) = 1
12    recvfrom(7, "a,3));d.l=[];_.N(b,1)&&(a=_.O(b,"..., 4095, 0, NULL, NULL) = 1610
12    epoll_ctl(8, EPOLL_CTL_MOD, 7, {events=EPOLLIN, data={u32=7, u64=7}}) = 0
12    epoll_wait(8, [{events=EPOLLIN, data={u32=7, u64=7}}], 1, 5000) = 1
12    recvfrom(7, "transform:scale(scale(.416666667"..., 4095, 0, NULL, NULL) = 4095
12    epoll_ctl(8, EPOLL_CTL_MOD, 7, {events=EPOLLIN, data={u32=7, u64=7}}) = 0
12    epoll_wait(8, [{events=EPOLLIN, data={u32=7, u64=7}}], 1, 5000) = 1
12    recvfrom(7, "--og-logo-color,var(--gm3-sys-co"..., 4095, 0, NULL, NULL) = 4095
12    epoll_ctl(8, EPOLL_CTL_MOD, 7, {events=EPOLLIN, data={u32=7, u64=7}}) = 0
12    epoll_wait(8, [{events=EPOLLIN, data={u32=7, u64=7}}], 1, 5000) = 1
12    recvfrom(7, "le;white-space:nowrap;-webkit-bo"..., 4095, 0, NULL, NULL) = 210
12    epoll_ctl(8, EPOLL_CTL_MOD, 7, {events=EPOLLIN, data={u32=7, u64=7}}) = 0
12    epoll_wait(8, [{events=EPOLLIN, data={u32=7, u64=7}}], 1, 5000) = 1
12    recvfrom(7, "none;user-select:none}.gb_1d>.gb"..., 4095, 0, NULL, NULL) = 1789
12    epoll_ctl(8, EPOLL_CTL_MOD, 7, {events=EPOLLIN, data={u32=7, u64=7}}) = 0
12    epoll_wait(8, [{events=EPOLLIN, data={u32=7, u64=7}}], 1, 5000) = 1
12    recvfrom(7, ":focus,.gb_I .gb_C:hover{opacity"..., 4095, 0, NULL, NULL) = 2800
12    epoll_ctl(8, EPOLL_CTL_MOD, 7, {events=EPOLLIN, data={u32=7, u64=7}}) = 0
12    epoll_wait(8, [{events=EPOLLIN, data={u32=7, u64=7}}], 1, 5000) = 1
12    recvfrom(7, "3e3e3))}.gb_5a{display:inherit}."..., 4095, 0, NULL, NULL) = 4095
12    epoll_ctl(8, EPOLL_CTL_MOD, 7, {events=EPOLLIN, data={u32=7, u64=7}}) = 0
12    epoll_wait(8, [{events=EPOLLIN, data={u32=7, u64=7}}], 1, 5000) = 1
12    recvfrom(7, "><div class=\"gb_1 gb_2\"><a class"..., 4095, 0, NULL, NULL) = 1505
12    mprotect(0x7f1df8021000, 126976, PROT_READ|PROT_WRITE) = 0
12    epoll_ctl(8, EPOLL_CTL_MOD, 7, {events=EPOLLIN, data={u32=7, u64=7}}) = 0
12    epoll_wait(8, [{events=EPOLLIN, data={u32=7, u64=7}}], 1, 5000) = 1
12    recvfrom(7, "-BR&amp;passive=true&amp;continu"..., 4095, 0, NULL, NULL) = 2800
12    epoll_ctl(8, EPOLL_CTL_MOD, 7, {events=EPOLLIN, data={u32=7, u64=7}}) = 0
12    epoll_wait(8, [{events=EPOLLIN, data={u32=7, u64=7}}], 1, 5000) = 1
12    recvfrom(7, "oogle.gbvu,g=document.getElement"..., 4095, 0, NULL, NULL) = 4095
12    epoll_ctl(8, EPOLL_CTL_MOD, 7, {events=EPOLLIN, data={u32=7, u64=7}}) = 0
12    epoll_wait(8, [{events=EPOLLIN, data={u32=7, u64=7}}], 1, 5000) = 1
12    recvfrom(7, "Script:b,createScriptURL:b})}cat"..., 4095, 0, NULL, NULL) = 4095
12    epoll_ctl(8, EPOLL_CTL_MOD, 7, {events=EPOLLIN, data={u32=7, u64=7}}) = 0
12    epoll_wait(8, [{events=EPOLLIN, data={u32=7, u64=7}}], 1, 5000) = 1
12    recvfrom(7, "url:c})},Lj=function(a,b){if(Nj)"..., 4095, 0, NULL, NULL) = 4095
12    epoll_ctl(8, EPOLL_CTL_MOD, 7, {events=EPOLLIN, data={u32=7, u64=7}}) = 0
12    epoll_wait(8, [{events=EPOLLIN, data={u32=7, u64=7}}], 1, 5000) = 1
12    recvfrom(7, "google.xjsup||u;var a=l.match(/\\"..., 4095, 0, NULL, NULL) = 2319
12    epoll_ctl(8, EPOLL_CTL_MOD, 7, {events=EPOLLIN, data={u32=7, u64=7}}) = 0
12    epoll_wait(8, [{events=EPOLLIN, data={u32=7, u64=7}}], 1, 5000) = 1
12    recvfrom(7, "", 4095, 0, NULL, NULL) = 0
12    openat(AT_FDCWD, "/proc/sys/vm/overcommit_memory", O_RDONLY|O_CLOEXEC) = 11
12    read(11, "0", 1)                  = 1
12    close(11)                         = 0
12    madvise(0x7f1df8021000, 126976, MADV_DONTNEED) = 0
12    close(8)                          = 0
12    close(7)                          = 0
12    socket(AF_INET, SOCK_STREAM|SOCK_NONBLOCK, IPPROTO_IP) = 7
12    epoll_create1(0)                  = 8
12    epoll_ctl(8, EPOLL_CTL_ADD, 7, {events=EPOLLOUT, data={u32=7, u64=7}}) = 0
12    connect(7, {sa_family=AF_INET, sin_port=htons(80), sin_addr=inet_addr("142.251.152.119")}, 16) = -1 EINPROGRESS (Operation now in progress)
12    epoll_ctl(8, EPOLL_CTL_MOD, 7, {events=EPOLLOUT, data={u32=7, u64=7}}) = 0
12    epoll_wait(8, [{events=EPOLLOUT, data={u32=7, u64=7}}], 1, 5000) = 1
12    getsockopt(7, SOL_SOCKET, SO_ERROR, [0], [4]) = 0
12    epoll_ctl(8, EPOLL_CTL_MOD, 7, {events=EPOLLOUT, data={u32=7, u64=7}}) = 0
12    epoll_wait(8, [{events=EPOLLOUT, data={u32=7, u64=7}}], 1, 5000) = 1
12    sendto(7, "GET / HTTP/1.0\r\nHost: www.google"..., 59, 0, NULL, 0) = 59
12    epoll_ctl(8, EPOLL_CTL_MOD, 7, {events=EPOLLIN, data={u32=7, u64=7}}) = 0
12    epoll_wait(8,  <unfinished ...>
11    <... epoll_wait resumed>[{events=EPOLLIN, data={u32=5, u64=5}}], 1, 5000) = 1
11    recvfrom(5, "HTTP/1.0 200 OK\r\nDate: Thu, 16 A"..., 4095, 0, NULL, NULL) = 4095
11    mmap(NULL, 134217728, PROT_NONE, MAP_PRIVATE|MAP_ANONYMOUS|MAP_NORESERVE, -1, 0) = 0x7f1df0000000
11    munmap(0x7f1df4000000, 67108864)  = 0
11    mprotect(0x7f1df0000000, 135168, PROT_READ|PROT_WRITE) = 0
11    epoll_ctl(10, EPOLL_CTL_MOD, 5, {events=EPOLLIN, data={u32=5, u64=5}}) = 0
11    epoll_wait(10, [{events=EPOLLIN, data={u32=5, u64=5}}], 1, 5000) = 1
11    recvfrom(5, "e&&window.google.kOPI||null};var"..., 4095, 0, NULL, NULL) = 2336
11    epoll_ctl(10, EPOLL_CTL_MOD, 5, {events=EPOLLIN, data={u32=5, u64=5}}) = 0
11    epoll_wait(10, [{events=EPOLLIN, data={u32=5, u64=5}}], 1, 5000) = 1
11    recvfrom(5, "KNG1zQ\",\"AA2YrTuIBEvLxY_dxP5hImT"..., 4095, 0, NULL, NULL) = 4095
11    epoll_ctl(10, EPOLL_CTL_MOD, 5, {events=EPOLLIN, data={u32=5, u64=5}}) = 0
11    epoll_wait(10, [{events=EPOLLIN, data={u32=5, u64=5}}], 1, 5000) = 1
11    recvfrom(5, "-2.0\n*/\nvar ia,oa,qa,ua,wa,xa,La"..., 4095, 0, NULL, NULL) = 4095
11    epoll_ctl(10, EPOLL_CTL_MOD, 5, {events=EPOLLIN, data={u32=5, u64=5}}) = 0
11    epoll_wait(10, [{events=EPOLLIN, data={u32=5, u64=5}}], 1, 5000) = 1
11    recvfrom(5, "h(typeof a){case \"number\":return"..., 4095, 0, NULL, NULL) = 4095
11    epoll_ctl(10, EPOLL_CTL_MOD, 5, {events=EPOLLIN, data={u32=5, u64=5}}) = 0
11    epoll_wait(10, [{events=EPOLLIN, data={u32=5, u64=5}}], 1, 5000) = 1
11    recvfrom(5, "setPrototypeOf==\"function\")Rb=Ob"..., 4095, 0, NULL, NULL) = 4095
11    epoll_ctl(10, EPOLL_CTL_MOD, 5, {events=EPOLLIN, data={u32=5, u64=5}}) = 0
11    epoll_wait(10, [{events=EPOLLIN, data={u32=5, u64=5}}], 1, 5000) = 1
11    recvfrom(5, "s.i==null){this.i=[];var h=this;"..., 4095, 0, NULL, NULL) = 3220
11    epoll_ctl(10, EPOLL_CTL_MOD, 5, {events=EPOLLIN, data={u32=5, u64=5}}) = 0
11    epoll_wait(10, [{events=EPOLLIN, data={u32=5, u64=5}}], 1, 5000) = 1
11    recvfrom(5, "){return a||Vb});Qb(\"Symbol.disp"..., 4095, 0, NULL, NULL) = 1400
11    epoll_ctl(10, EPOLL_CTL_MOD, 5, {events=EPOLLIN, data={u32=5, u64=5}}) = 0
11    epoll_wait(10, [{events=EPOLLIN, data={u32=5, u64=5}}], 1, 5000) = 1
11    recvfrom(5, "et({x:4})||k.set({x:4},\"t\")!=k||"..., 4095, 0, NULL, NULL) = 4095
11    epoll_ctl(10, EPOLL_CTL_MOD, 5, {events=EPOLLIN, data={u32=5, u64=5}}) = 0
11    epoll_wait(10, [{events=EPOLLIN, data={u32=5, u64=5}}], 1, 5000) = 1
11    recvfrom(5, "<=Number.MAX_SAFE_INTEGER}});Qb("..., 4095, 0, NULL, NULL) = 4095
11    epoll_ctl(10, EPOLL_CTL_MOD, 5, {events=EPOLLIN, data={u32=5, u64=5}}) = 0
11    epoll_wait(10, [{events=EPOLLIN, data={u32=5, u64=5}}], 1, 5000) = 1
11    recvfrom(5, "ion(a){return a!==null&&a!==void"..., 4095, 0, NULL, NULL) = 1610
11    epoll_ctl(10, EPOLL_CTL_MOD, 5, {events=EPOLLIN, data={u32=5, u64=5}}) = 0
11    epoll_wait(10, [{events=EPOLLIN, data={u32=5, u64=5}}], 1, 5000) = 1
11    recvfrom(5, "n Array.prototype.map.call(a,b,c"..., 4095, 0, NULL, NULL) = 4095
11    epoll_ctl(10, EPOLL_CTL_MOD, 5, {events=EPOLLIN, data={u32=5, u64=5}}) = 0
11    epoll_wait(10, [{events=EPOLLIN, data={u32=5, u64=5}}], 1, 5000) = 1
11    recvfrom(5, "s.i=[];this.j={}};_.B(Ed,_.y);Ed"..., 4095, 0, NULL, NULL) = 2905
11    epoll_ctl(10, EPOLL_CTL_MOD, 5, {events=EPOLLIN, data={u32=5, u64=5}}) = 0
11    epoll_wait(10, [{events=EPOLLIN, data={u32=5, u64=5}}], 1, 5000) = 1
11    recvfrom(5, "r d=0,e=b.length;d<e;d++){var f="..., 4095, 0, NULL, NULL) = 2800
11    epoll_ctl(10, EPOLL_CTL_MOD, 5, {events=EPOLLIN, data={u32=5, u64=5}}) = 0
11    epoll_wait(10, [{events=EPOLLIN, data={u32=5, u64=5}}], 1, 5000) = 1
11    recvfrom(5, "sform:scale(.5);transform:scale("..., 4095, 0, NULL, NULL) = 2800
11    epoll_ctl(10, EPOLL_CTL_MOD, 5, {events=EPOLLIN, data={u32=5, u64=5}}) = 0
11    epoll_wait(10, [{events=EPOLLIN, data={u32=5, u64=5}}], 1, 5000) = 1
11    recvfrom(5, "f);color:#001d35;color:var(--gm3"..., 4095, 0, NULL, NULL) = 4095
11    epoll_ctl(10, EPOLL_CTL_MOD, 5, {events=EPOLLIN, data={u32=5, u64=5}}) = 0
11    epoll_wait(10, [{events=EPOLLIN, data={u32=5, u64=5}}], 1, 5000) = 1
11    recvfrom(5, "gin-bottom:2px;opacity:1;overflo"..., 4095, 0, NULL, NULL) = 3390
11    epoll_ctl(10, EPOLL_CTL_MOD, 5, {events=EPOLLIN, data={u32=5, u64=5}}) = 0
11    epoll_wait(10, [{events=EPOLLIN, data={u32=5, u64=5}}], 1, 5000) = 1
11    recvfrom(5, " and (max-width:319px){.gb_Ld .g"..., 4095, 0, NULL, NULL) = 4095
11    epoll_ctl(10, EPOLL_CTL_MOD, 5, {events=EPOLLIN, data={u32=5, u64=5}}) = 0
11    epoll_wait(10, [{events=EPOLLIN, data={u32=5, u64=5}}], 1, 5000) = 1
11    recvfrom(5, "1da8;text-decoration:none}a:hove"..., 4095, 0, NULL, NULL) = 4095
11    epoll_ctl(10, EPOLL_CTL_MOD, 5, {events=EPOLLIN, data={u32=5, u64=5}}) = 0
11    epoll_wait(10, [{events=EPOLLIN, data={u32=5, u64=5}}], 1, 5000) = 1
11    recvfrom(5, "-2,2 0.9,2 2,2z\"></path><image s"..., 4095, 0, NULL, NULL) = 4095
11    mprotect(0x7f1df0021000, 126976, PROT_READ|PROT_WRITE) = 0
11    epoll_ctl(10, EPOLL_CTL_MOD, 5, {events=EPOLLIN, data={u32=5, u64=5}}) = 0
11    epoll_wait(10, [{events=EPOLLIN, data={u32=5, u64=5}}], 1, 5000) = 1
11    recvfrom(5, "lue)}else{d=(0,_.E)(a.C,a,b);var"..., 4095, 0, NULL, NULL) = 4095
11    epoll_ctl(10, EPOLL_CTL_MOD, 5, {events=EPOLLIN, data={u32=5, u64=5}}) = 0
11    epoll_wait(10, [{events=EPOLLIN, data={u32=5, u64=5}}], 1, 5000) = 1
11    recvfrom(5, "pe.toString=function(){return th"..., 4095, 0, NULL, NULL) = 4095
11    epoll_ctl(10, EPOLL_CTL_MOD, 5, {events=EPOLLIN, data={u32=5, u64=5}}) = 0
11    epoll_wait(10, [{events=EPOLLIN, data={u32=5, u64=5}}], 1, 5000) = 1
11    recvfrom(5, "cumentElement:c.body;a=d.clientW"..., 4095, 0, NULL, NULL) = 4095
11    epoll_ctl(10, EPOLL_CTL_MOD, 5, {events=EPOLLIN, data={u32=5, u64=5}}) = 0
11    epoll_wait(10, [{events=EPOLLIN, data={u32=5, u64=5}}], 1, 5000) = 1
11    recvfrom(5, "k()}else B()},0);})();window._ ="..., 4095, 0, NULL, NULL) = 1325
11    epoll_ctl(10, EPOLL_CTL_MOD, 5, {events=EPOLLIN, data={u32=5, u64=5}}) = 0
11    epoll_wait(10, [{events=EPOLLIN, data={u32=5, u64=5}}], 1, 5000) = 1
11    recvfrom(5, "", 4095, 0, NULL, NULL) = 0
11    madvise(0x7f1df0021000, 126976, MADV_DONTNEED) = 0
11    close(10)                         = 0
11    close(5)                          = 0
11    socket(AF_INET, SOCK_STREAM|SOCK_NONBLOCK, IPPROTO_IP) = 5
11    epoll_create1(0)                  = 10
11    epoll_ctl(10, EPOLL_CTL_ADD, 5, {events=EPOLLOUT, data={u32=5, u64=5}}) = 0
11    connect(5, {sa_family=AF_INET, sin_port=htons(80), sin_addr=inet_addr("142.251.152.119")}, 16) = -1 EINPROGRESS (Operation now in progress)
11    epoll_ctl(10, EPOLL_CTL_MOD, 5, {events=EPOLLOUT, data={u32=5, u64=5}}) = 0
11    epoll_wait(10, [{events=EPOLLOUT, data={u32=5, u64=5}}], 1, 5000) = 1
11    getsockopt(5, SOL_SOCKET, SO_ERROR, [0], [4]) = 0
11    epoll_ctl(10, EPOLL_CTL_MOD, 5, {events=EPOLLOUT, data={u32=5, u64=5}}) = 0
11    epoll_wait(10, [{events=EPOLLOUT, data={u32=5, u64=5}}], 1, 5000) = 1
11    sendto(5, "GET / HTTP/1.0\r\nHost: www.google"..., 59, 0, NULL, 0) = 59
11    epoll_ctl(10, EPOLL_CTL_MOD, 5, {events=EPOLLIN, data={u32=5, u64=5}}) = 0
11    epoll_wait(10,  <unfinished ...>
12    <... epoll_wait resumed>[{events=EPOLLIN, data={u32=7, u64=7}}], 1, 5000) = 1
12    recvfrom(7, "HTTP/1.0 200 OK\r\nDate: Thu, 16 A"..., 4095, 0, NULL, NULL) = 4095
12    epoll_ctl(8, EPOLL_CTL_MOD, 7, {events=EPOLLIN, data={u32=7, u64=7}}) = 0
12    epoll_wait(8, [{events=EPOLLIN, data={u32=7, u64=7}}], 1, 5000) = 1
12    recvfrom(7, "r b=null;a&&(!a.getAttribute||!("..., 4095, 0, NULL, NULL) = 4095
12    epoll_ctl(8, EPOLL_CTL_MOD, 7, {events=EPOLLIN, data={u32=7, u64=7}}) = 0
12    epoll_wait(8, [{events=EPOLLIN, data={u32=7, u64=7}}], 1, 5000) = 1
12    recvfrom(7, "26eom=1\\u0026cce=1\\u0026dc=1\"],0"..., 4095, 0, NULL, NULL) = 852
12    epoll_ctl(8, EPOLL_CTL_MOD, 7, {events=EPOLLIN, data={u32=7, u64=7}}) = 0
12    epoll_wait(8, [{events=EPOLLIN, data={u32=7, u64=7}}], 1, 5000) = 1
12    recvfrom(7, ",64,8000,\"https://www.google.com"..., 4095, 0, NULL, NULL) = 4095
12    epoll_ctl(8, EPOLL_CTL_MOD, 7, {events=EPOLLIN, data={u32=7, u64=7}}) = 0
12    epoll_wait(8, [{events=EPOLLIN, data={u32=7, u64=7}}], 1, 5000) = 1
12    recvfrom(7, "n!!a};_.Ua=function(a){if(!(0,_."..., 4095, 0, NULL, NULL) = 4095
12    epoll_ctl(8, EPOLL_CTL_MOD, 7, {events=EPOLLIN, data={u32=7, u64=7}}) = 0
12    epoll_wait(8, [{events=EPOLLIN, data={u32=7, u64=7}}], 1, 5000) = 1
12    recvfrom(7, "ow Error();};Object.setPrototype"..., 4095, 0, NULL, NULL) = 4095
12    epoll_ctl(8, EPOLL_CTL_MOD, 7, {events=EPOLLIN, data={u32=7, u64=7}}) = 0
12    epoll_wait(8, [{events=EPOLLIN, data={u32=7, u64=7}}], 1, 5000) = 1
12    recvfrom(7, ".na?(this.j=b.na,this.A=null):th"..., 4095, 0, NULL, NULL) = 4095
12    epoll_ctl(8, EPOLL_CTL_MOD, 7, {events=EPOLLIN, data={u32=7, u64=7}}) = 0
12    epoll_wait(8, [{events=EPOLLIN, data={u32=7, u64=7}}], 1, 5000) = 1
12    recvfrom(7, ".length-1),n),k=h.next();while(!"..., 4095, 0, NULL, NULL) = 420
12    epoll_ctl(8, EPOLL_CTL_MOD, 7, {events=EPOLLIN, data={u32=7, u64=7}}) = 0
12    epoll_wait(8, [{events=EPOLLIN, data={u32=7, u64=7}}], 1, 5000) = 1
12    recvfrom(7, "ototypeOf\",function(a){return a|"..., 4095, 0, NULL, NULL) = 4095
12    epoll_ctl(8, EPOLL_CTL_MOD, 7, {events=EPOLLIN, data={u32=7, u64=7}}) = 0
12    epoll_wait(8, [{events=EPOLLIN, data={u32=7, u64=7}}], 1, 5000) = 1
12    recvfrom(7, "eturn this};b.prototype.delete=f"..., 4095, 0, NULL, NULL) = 2905
12    epoll_ctl(8, EPOLL_CTL_MOD, 7, {events=EPOLLIN, data={u32=7, u64=7}}) = 0
12    epoll_wait(8, [{events=EPOLLIN, data={u32=7, u64=7}}], 1, 5000) = 1
12    recvfrom(7, "b){return b})}});Qb(\"Array.proto"..., 4095, 0, NULL, NULL) = 4095
12    epoll_ctl(8, EPOLL_CTL_MOD, 7, {events=EPOLLIN, data={u32=7, u64=7}}) = 0
12    epoll_wait(8, [{events=EPOLLIN, data={u32=7, u64=7}}], 1, 5000) = 1
12    recvfrom(7, "t(\"\"):a,h=0;h<d;h++)if(h in g){v"..., 4095, 0, NULL, NULL) = 4095
12    epoll_ctl(8, EPOLL_CTL_MOD, 7, {events=EPOLLIN, data={u32=7, u64=7}}) = 0
12    epoll_wait(8, [{events=EPOLLIN, data={u32=7, u64=7}}], 1, 5000) = 1
12    recvfrom(7, "e()};_.y.prototype.P=function(){"..., 4095, 0, NULL, NULL) = 1610
12    epoll_ctl(8, EPOLL_CTL_MOD, 7, {events=EPOLLIN, data={u32=7, u64=7}}) = 0
12    epoll_wait(8, [{events=EPOLLIN, data={u32=7, u64=7}}], 1, 5000) = 1
12    recvfrom(7, ");this.j=a;Nd(this)};var Nd=func"..., 4095, 0, NULL, NULL) = 4095
12    epoll_ctl(8, EPOLL_CTL_MOD, 7, {events=EPOLLIN, data={u32=7, u64=7}}) = 0
12    epoll_wait(8, [{events=EPOLLIN, data={u32=7, u64=7}}], 1, 5000) = 1
12    recvfrom(7, "xel-ratio:1.25),(min-resolution:"..., 4095, 0, NULL, NULL) = 2905
12    epoll_ctl(8, EPOLL_CTL_MOD, 7, {events=EPOLLIN, data={u32=7, u64=7}}) = 0
12    epoll_wait(8, [{events=EPOLLIN, data={u32=7, u64=7}}], 1, 5000) = 1
12    recvfrom(7, "econdary-fixed,#c2e7ff);color:#0"..., 4095, 0, NULL, NULL) = 4095
12    epoll_ctl(8, EPOLL_CTL_MOD, 7, {events=EPOLLIN, data={u32=7, u64=7}}) = 0
12    epoll_wait(8, [{events=EPOLLIN, data={u32=7, u64=7}}], 1, 5000) = 1
12    recvfrom(7, ";line-height:48px;margin-bottom:"..., 4095, 0, NULL, NULL) = 4095
12    epoll_ctl(8, EPOLL_CTL_MOD, 7, {events=EPOLLIN, data={u32=7, u64=7}}) = 0
12    epoll_wait(8, [{events=EPOLLIN, data={u32=7, u64=7}}], 1, 5000) = 1
12    recvfrom(7, "e}.gb_C,a.gb_C{color:#000}x:-o-p"..., 4095, 0, NULL, NULL) = 4095
12    epoll_ctl(8, EPOLL_CTL_MOD, 7, {events=EPOLLIN, data={u32=7, u64=7}}) = 0
12    epoll_wait(8, [{events=EPOLLIN, data={u32=7, u64=7}}], 1, 5000) = 1
12    recvfrom(7, "gle.erd={jsr:1,bv:2426,de:true,c"..., 4095, 0, NULL, NULL) = 3115
12    epoll_ctl(8, EPOLL_CTL_MOD, 7, {events=EPOLLIN, data={u32=7, u64=7}}) = 0
12    epoll_wait(8, [{events=EPOLLIN, data={u32=7, u64=7}}], 1, 5000) = 1
12    recvfrom(7, "0.9 -2,2 0.9,2 2,2zM16,6c0,1.1 0"..., 4095, 0, NULL, NULL) = 4095
12    epoll_ctl(8, EPOLL_CTL_MOD, 7, {events=EPOLLIN, data={u32=7, u64=7}}) = 0
12    epoll_wait(8, [{events=EPOLLIN, data={u32=7, u64=7}}], 1, 5000) = 1
12    recvfrom(7, "s/\">Termos</a></p></span></cente"..., 4095, 0, NULL, NULL) = 4095
12    epoll_ctl(8, EPOLL_CTL_MOD, 7, {events=EPOLLIN, data={u32=7, u64=7}}) = 0
12    epoll_wait(8, [{events=EPOLLIN, data={u32=7, u64=7}}], 1, 5000) = 1
12    recvfrom(7, "x(a)};_.B($e,_.T);$e.prototype.O"..., 4095, 0, NULL, NULL) = 4095
12    epoll_ctl(8, EPOLL_CTL_MOD, 7, {events=EPOLLIN, data={u32=7, u64=7}}) = 0
12    epoll_wait(8, [{events=EPOLLIN, data={u32=7, u64=7}}], 1, 5000) = 1
12    recvfrom(7, "ar_);\n// Google Inc.\n</script><s"..., 4095, 0, NULL, NULL) = 3115
12    epoll_ctl(8, EPOLL_CTL_MOD, 7, {events=EPOLLIN, data={u32=7, u64=7}}) = 0
12    epoll_wait(8, [{events=EPOLLIN, data={u32=7, u64=7}}], 1, 5000) = 1
12    recvfrom(7, "te(\"data-lzy_\")&&Number(c.getAtt"..., 4095, 0, NULL, NULL) = 2570
12    epoll_ctl(8, EPOLL_CTL_MOD, 7, {events=EPOLLIN, data={u32=7, u64=7}}) = 0
12    epoll_wait(8, [{events=EPOLLIN, data={u32=7, u64=7}}], 1, 5000) = 1
12    recvfrom(7, "", 4095, 0, NULL, NULL) = 0
12    madvise(0x7f1df8021000, 126976, MADV_DONTNEED) = 0
12    close(8)                          = 0
12    close(7)                          = 0
12    socket(AF_INET, SOCK_STREAM|SOCK_NONBLOCK, IPPROTO_IP) = 7
12    epoll_create1(0)                  = 8
12    epoll_ctl(8, EPOLL_CTL_ADD, 7, {events=EPOLLOUT, data={u32=7, u64=7}}) = 0
12    connect(7, {sa_family=AF_INET, sin_port=htons(80), sin_addr=inet_addr("142.251.152.119")}, 16) = -1 EINPROGRESS (Operation now in progress)
12    epoll_ctl(8, EPOLL_CTL_MOD, 7, {events=EPOLLOUT, data={u32=7, u64=7}}) = 0
12    epoll_wait(8, [{events=EPOLLOUT, data={u32=7, u64=7}}], 1, 5000) = 1
12    getsockopt(7, SOL_SOCKET, SO_ERROR, [0], [4]) = 0
12    epoll_ctl(8, EPOLL_CTL_MOD, 7, {events=EPOLLOUT, data={u32=7, u64=7}}) = 0
12    epoll_wait(8, [{events=EPOLLOUT, data={u32=7, u64=7}}], 1, 5000) = 1
12    sendto(7, "GET / HTTP/1.0\r\nHost: www.google"..., 59, 0, NULL, 0) = 59
12    epoll_ctl(8, EPOLL_CTL_MOD, 7, {events=EPOLLIN, data={u32=7, u64=7}}) = 0
12    epoll_wait(8, [{events=EPOLLIN, data={u32=7, u64=7}}], 1, 5000) = 1
12    recvfrom(7, "HTTP/1.0 200 OK\r\nDate: Thu, 16 A"..., 4095, 0, NULL, NULL) = 4095
12    epoll_ctl(8, EPOLL_CTL_MOD, 7, {events=EPOLLIN, data={u32=7, u64=7}}) = 0
12    epoll_wait(8, [{events=EPOLLIN, data={u32=7, u64=7}}], 1, 5000) = 1
12    recvfrom(7, "ull};var l,m=!1,n=[];function p("..., 4095, 0, NULL, NULL) = 2693
12    epoll_ctl(8, EPOLL_CTL_MOD, 7, {events=EPOLLIN, data={u32=7, u64=7}}) = 0
12    epoll_wait(8, [{events=EPOLLIN, data={u32=7, u64=7}}], 1, 5000) = 1
12    recvfrom(7, "55d6a6b787dcc2a4062e6e9824.js\",\""..., 4095, 0, NULL, NULL) = 4095
12    epoll_ctl(8, EPOLL_CTL_MOD, 7, {events=EPOLLIN, data={u32=7, u64=7}}) = 0
12    epoll_wait(8, [{events=EPOLLIN, data={u32=7, u64=7}}], 1, 5000) = 1
12    recvfrom(7, "ror(String(b));}else if(da(b)&&!"..., 4095, 0, NULL, NULL) = 2905
12    epoll_ctl(8, EPOLL_CTL_MOD, 7, {events=EPOLLIN, data={u32=7, u64=7}}) = 0
12    epoll_wait(8, [{events=EPOLLIN, data={u32=7, u64=7}}], 1, 5000) = 1
12    recvfrom(7, "0};eb=function(a,b){b<100||_.Pa("..., 4095, 0, NULL, NULL) = 4095
12    epoll_ctl(8, EPOLL_CTL_MOD, 7, {events=EPOLLIN, data={u32=7, u64=7}}) = 0
12    epoll_wait(8, [{events=EPOLLIN, data={u32=7, u64=7}}], 1, 5000) = 1
12    recvfrom(7, "a==Array.prototype||a==Object.pr"..., 4095, 0, NULL, NULL) = 4095
12    epoll_ctl(8, EPOLL_CTL_MOD, 7, {events=EPOLLIN, data={u32=7, u64=7}}) = 0
12    epoll_wait(8, [{events=EPOLLIN, data={u32=7, u64=7}}], 1, 5000) = 1
12    recvfrom(7, "function(b,c){try{return Vb(b,c)"..., 4095, 0, NULL, NULL) = 1610
12    epoll_ctl(8, EPOLL_CTL_MOD, 7, {events=EPOLLIN, data={u32=7, u64=7}}) = 0
12    epoll_wait(8, [{events=EPOLLIN, data={u32=7, u64=7}}], 1, 5000) = 1
12    recvfrom(7, " a;default:h=!1}h?this.K(g):this"..., 4095, 0, NULL, NULL) = 2800
12    epoll_ctl(8, EPOLL_CTL_MOD, 7, {events=EPOLLIN, data={u32=7, u64=7}}) = 0
12    epoll_wait(8, [{events=EPOLLIN, data={u32=7, u64=7}}], 1, 5000) = 1
12    recvfrom(7, "n(){if(!a||!Object.seal)return!1"..., 4095, 0, NULL, NULL) = 1400
12    epoll_ctl(8, EPOLL_CTL_MOD, 7, {events=EPOLLIN, data={u32=7, u64=7}}) = 0
12    epoll_wait(8, [{events=EPOLLIN, data={u32=7, u64=7}}], 1, 5000) = 1
12    recvfrom(7, "])}};c.prototype.set=function(h,"..., 4095, 0, NULL, NULL) = 4095
12    epoll_ctl(8, EPOLL_CTL_MOD, 7, {events=EPOLLIN, data={u32=7, u64=7}}) = 0
12    epoll_wait(8, [{events=EPOLLIN, data={u32=7, u64=7}}], 1, 5000) = 1
12    recvfrom(7, "udes\",function(a){return a?a:fun"..., 4095, 0, NULL, NULL) = 4095
12    epoll_ctl(8, EPOLL_CTL_MOD, 7, {events=EPOLLIN, data={u32=7, u64=7}}) = 0
12    epoll_wait(8, [{events=EPOLLIN, data={u32=7, u64=7}}], 1, 5000) = 1
12    recvfrom(7, "ring();tc=ea?BigInt(Number.MIN_S"..., 4095, 0, NULL, NULL) = 3010
12    epoll_ctl(8, EPOLL_CTL_MOD, 7, {events=EPOLLIN, data={u32=7, u64=7}}) = 0
12    epoll_wait(8, [{events=EPOLLIN, data={u32=7, u64=7}}], 1, 5000) = 1
12    recvfrom(7, "rable:!1}};Fa=Object.definePrope"..., 4095, 0, NULL, NULL) = 2800
12    epoll_ctl(8, EPOLL_CTL_MOD, 7, {events=EPOLLIN, data={u32=7, u64=7}}) = 0
12    epoll_wait(8, [{events=EPOLLIN, data={u32=7, u64=7}}], 1, 5000) = 1
12    recvfrom(7, "1;a=window.navigator.userAgent;a"..., 4095, 0, NULL, NULL) = 4095
12    epoll_ctl(8, EPOLL_CTL_MOD, 7, {events=EPOLLIN, data={u32=7, u64=7}}) = 0
12    epoll_wait(8, [{events=EPOLLIN, data={u32=7, u64=7}}], 1, 5000) = 1
12    recvfrom(7, "gbar_);\n// Google Inc.\n</script>"..., 4095, 0, NULL, NULL) = 4095
12    epoll_ctl(8, EPOLL_CTL_MOD, 7, {events=EPOLLIN, data={u32=7, u64=7}}) = 0
12    epoll_wait(8, [{events=EPOLLIN, data={u32=7, u64=7}}], 1, 5000) = 1
12    recvfrom(7, "px 12px;margin:12px 16px 12px 10"..., 4095, 0, NULL, NULL) = 3010
12    epoll_ctl(8, EPOLL_CTL_MOD, 7, {events=EPOLLIN, data={u32=7, u64=7}}) = 0
12    epoll_wait(8, [{events=EPOLLIN, data={u32=7, u64=7}}], 1, 5000) = 1
12    recvfrom(7, "_rd,.gb_Ia.gb_4a a.gb_0,.gb_Ia.g"..., 4095, 0, NULL, NULL) = 2800
12    epoll_ctl(8, EPOLL_CTL_MOD, 7, {events=EPOLLIN, data={u32=7, u64=7}}) = 0
12    epoll_wait(8, [{events=EPOLLIN, data={u32=7, u64=7}}], 1, 5000) = 1
12    recvfrom(7, "to}.gb_Ia.gb_ab .gb_sd{padding-r"..., 4095, 0, NULL, NULL) = 4095
12    epoll_ctl(8, EPOLL_CTL_MOD, 7, {events=EPOLLIN, data={u32=7, u64=7}}) = 0
12    epoll_wait(8, [{events=EPOLLIN, data={u32=7, u64=7}}], 1, 5000) = 1
12    recvfrom(7, ":var(--og-dasher-chip-outline,va"..., 4095, 0, NULL, NULL) = 1505
12    epoll_ctl(8, EPOLL_CTL_MOD, 7, {events=EPOLLIN, data={u32=7, u64=7}}) = 0
12    epoll_wait(8, [{events=EPOLLIN, data={u32=7, u64=7}}], 1, 5000) = 1
12    recvfrom(7, "8;text-decoration:none}a:hover,a"..., 4095, 0, NULL, NULL) = 4095
12    epoll_ctl(8, EPOLL_CTL_MOD, 7, {events=EPOLLIN, data={u32=7, u64=7}}) = 0
12    epoll_wait(8, [{events=EPOLLIN, data={u32=7, u64=7}}], 1, 5000) = 1
12    recvfrom(7, "2 0.9,2 2,2z\"></path><image src="..., 4095, 0, NULL, NULL) = 105
12    epoll_ctl(8, EPOLL_CTL_MOD, 7, {events=EPOLLIN, data={u32=7, u64=7}}) = 0
12    epoll_wait(8, [{events=EPOLLIN, data={u32=7, u64=7}}], 1, 5000) = 1
12    recvfrom(7, "dth=\"24\" style=\"border:none;disp"..., 4095, 0, NULL, NULL) = 2800
12    epoll_ctl(8, EPOLL_CTL_MOD, 7, {events=EPOLLIN, data={u32=7, u64=7}}) = 0
12    epoll_wait(8, [{events=EPOLLIN, data={u32=7, u64=7}}], 1, 5000) = 1
12    recvfrom(7, "XMLHTTP.6.0\",\"MSXML2.XMLHTTP.3.0"..., 4095, 0, NULL, NULL) = 2800
12    epoll_ctl(8, EPOLL_CTL_MOD, 7, {events=EPOLLIN, data={u32=7, u64=7}}) = 0
12    epoll_wait(8, [{events=EPOLLIN, data={u32=7, u64=7}}], 1, 5000) = 1
12    recvfrom(7, "bar_||{};(function(_){var window"..., 4095, 0, NULL, NULL) = 4095
12    epoll_ctl(8, EPOLL_CTL_MOD, 7, {events=EPOLLIN, data={u32=7, u64=7}}) = 0
12    epoll_wait(8, [{events=EPOLLIN, data={u32=7, u64=7}}], 1, 5000) = 1
12    recvfrom(7, " a}}g=!1}_.Dc(g?_.xe(f):f,d)}}};"..., 4095, 0, NULL, NULL) = 4095
12    epoll_ctl(8, EPOLL_CTL_MOD, 7, {events=EPOLLIN, data={u32=7, u64=7}}) = 0
12    epoll_wait(8, [{events=EPOLLIN, data={u32=7, u64=7}}], 1, 5000) = 1
12    recvfrom(7, "e.ia.r.B2Jtyd;return a&&[1,5,6]."..., 4095, 0, NULL, NULL) = 3807
12    epoll_ctl(8, EPOLL_CTL_MOD, 7, {events=EPOLLIN, data={u32=7, u64=7}}) = 0
12    epoll_wait(8, [{events=EPOLLIN, data={u32=7, u64=7}}], 1, 5000) = 1
12    recvfrom(7, "", 4095, 0, NULL, NULL) = 0
12    madvise(0x7f1df8021000, 126976, MADV_DONTNEED) = 0
12    close(8)                          = 0
12    close(7)                          = 0
12    socket(AF_INET, SOCK_STREAM|SOCK_NONBLOCK, IPPROTO_IP) = 7
12    epoll_create1(0)                  = 8
12    epoll_ctl(8, EPOLL_CTL_ADD, 7, {events=EPOLLOUT, data={u32=7, u64=7}}) = 0
12    connect(7, {sa_family=AF_INET, sin_port=htons(80), sin_addr=inet_addr("142.251.152.119")}, 16) = -1 EINPROGRESS (Operation now in progress)
12    epoll_ctl(8, EPOLL_CTL_MOD, 7, {events=EPOLLOUT, data={u32=7, u64=7}}) = 0
12    epoll_wait(8, [{events=EPOLLOUT, data={u32=7, u64=7}}], 1, 5000) = 1
12    getsockopt(7, SOL_SOCKET, SO_ERROR, [0], [4]) = 0
12    epoll_ctl(8, EPOLL_CTL_MOD, 7, {events=EPOLLOUT, data={u32=7, u64=7}}) = 0
12    epoll_wait(8, [{events=EPOLLOUT, data={u32=7, u64=7}}], 1, 5000) = 1
12    sendto(7, "GET / HTTP/1.0\r\nHost: www.google"..., 59, 0, NULL, 0) = 59
12    epoll_ctl(8, EPOLL_CTL_MOD, 7, {events=EPOLLIN, data={u32=7, u64=7}}) = 0
12    epoll_wait(8,  <unfinished ...>
11    <... epoll_wait resumed>[{events=EPOLLIN, data={u32=5, u64=5}}], 1, 5000) = 1
11    recvfrom(5, "HTTP/1.0 200 OK\r\nDate: Thu, 16 A"..., 4095, 0, NULL, NULL) = 4095
11    epoll_ctl(10, EPOLL_CTL_MOD, 5, {events=EPOLLIN, data={u32=5, u64=5}}) = 0
11    epoll_wait(10, [{events=EPOLLIN, data={u32=5, u64=5}}], 1, 5000) = 1
11    recvfrom(5, "r g=this||self;function k(){retu"..., 4095, 0, NULL, NULL) = 2015
11    epoll_ctl(10, EPOLL_CTL_MOD, 5, {events=EPOLLIN, data={u32=5, u64=5}}) = 0
11    epoll_wait(10,  <unfinished ...>
13    <... epoll_wait resumed>[{events=EPOLLOUT, data={u32=3, u64=3}}], 1, 5000) = 1
13    getsockopt(3, SOL_SOCKET, SO_ERROR, [0], [4]) = 0
13    epoll_ctl(6, EPOLL_CTL_MOD, 3, {events=EPOLLOUT, data={u32=3, u64=3}}) = 0
13    epoll_wait(6, [{events=EPOLLOUT, data={u32=3, u64=3}}], 1, 5000) = 1
13    sendto(3, "GET / HTTP/1.0\r\nHost: www.google"..., 59, 0, NULL, 0) = 59
13    epoll_ctl(6, EPOLL_CTL_MOD, 3, {events=EPOLLIN, data={u32=3, u64=3}}) = 0
13    epoll_wait(6, [{events=EPOLLIN, data={u32=3, u64=3}}], 1, 5000) = 1
13    recvfrom(3, "HTTP/1.0 200 OK\r\nDate: Thu, 16 A"..., 4095, 0, NULL, NULL) = 4095
13    mmap(0x7f1df4000000, 67108864, PROT_NONE, MAP_PRIVATE|MAP_ANONYMOUS|MAP_NORESERVE, -1, 0) = 0x7f1df4000000
13    mprotect(0x7f1df4000000, 135168, PROT_READ|PROT_WRITE) = 0
13    epoll_ctl(6, EPOLL_CTL_MOD, 3, {events=EPOLLIN, data={u32=3, u64=3}}) = 0
13    epoll_wait(6, [{events=EPOLLIN, data={u32=3, u64=3}}], 1, 5000) = 1
13    recvfrom(3, "indow.google.kOPI||null};var l,m"..., 4095, 0, NULL, NULL) = 2260
13    epoll_ctl(6, EPOLL_CTL_MOD, 3, {events=EPOLLIN, data={u32=3, u64=3}}) = 0
13    epoll_wait(6, [{events=EPOLLIN, data={u32=3, u64=3}}], 1, 5000) = 1
13    recvfrom(3, "p8im2QY\",null,0,\"og.qtm.5uoGFxSR"..., 4095, 0, NULL, NULL) = 4095
13    epoll_ctl(6, EPOLL_CTL_MOD, 3, {events=EPOLLIN, data={u32=3, u64=3}}) = 0
13    epoll_wait(6, [{events=EPOLLIN, data={u32=3, u64=3}}], 1, 5000) = 1
13    recvfrom(3, "Copyright The Closure Library Au"..., 4095, 0, NULL, NULL) = 4095
13    epoll_ctl(6, EPOLL_CTL_MOD, 3, {events=EPOLLIN, data={u32=3, u64=3}}) = 0
13    epoll_wait(6, [{events=EPOLLIN, data={u32=3, u64=3}}], 1, 5000) = 1
13    recvfrom(3, ".gb&&a instanceof _.gb&&(f[_.bb]"..., 4095, 0, NULL, NULL) = 4095
13    epoll_ctl(6, EPOLL_CTL_MOD, 3, {events=EPOLLIN, data={u32=3, u64=3}}) = 0
13    epoll_wait(6, [{events=EPOLLIN, data={u32=3, u64=3}}], 1, 5000) = 1
13    recvfrom(3, "l&&Kb(c,a,{configurable:!0,writa"..., 4095, 0, NULL, NULL) = 4095
13    epoll_ctl(6, EPOLL_CTL_MOD, 3, {events=EPOLLIN, data={u32=3, u64=3}}) = 0
13    epoll_wait(6, [{events=EPOLLIN, data={u32=3, u64=3}}], 1, 5000) = 1
13    recvfrom(3, "new e(function(h){h(g)})}if(a)re"..., 4095, 0, NULL, NULL) = 420
13    epoll_ctl(6, EPOLL_CTL_MOD, 3, {events=EPOLLIN, data={u32=3, u64=3}}) = 0
13    epoll_wait(6, [{events=EPOLLIN, data={u32=3, u64=3}}], 1, 5000) = 1
13    recvfrom(3, "})};var e=function(g){this.i=0;t"..., 4095, 0, NULL, NULL) = 2800
13    epoll_ctl(6, EPOLL_CTL_MOD, 3, {events=EPOLLIN, data={u32=3, u64=3}}) = 0
13    epoll_wait(6, [{events=EPOLLIN, data={u32=3, u64=3}}], 1, 5000) = 1
13    recvfrom(3, "]!=b[g++])return!1;return g>=f}}"..., 4095, 0, NULL, NULL) = 1400
13    epoll_ctl(6, EPOLL_CTL_MOD, 3, {events=EPOLLIN, data={u32=3, u64=3}}) = 0
13    epoll_wait(6, [{events=EPOLLIN, data={u32=3, u64=3}}], 1, 5000) = 1
13    recvfrom(3, "ct.seal({x:4}),k=new a(_.C([[h,\""..., 4095, 0, NULL, NULL) = 4095
13    epoll_ctl(6, EPOLL_CTL_MOD, 3, {events=EPOLLIN, data={u32=3, u64=3}}) = 0
13    epoll_wait(6, [{events=EPOLLIN, data={u32=3, u64=3}}], 1, 5000) = 1
13    recvfrom(3, "ction(a){return a?a:function(b){"..., 4095, 0, NULL, NULL) = 4095
13    epoll_ctl(6, EPOLL_CTL_MOD, 3, {events=EPOLLIN, data={u32=3, u64=3}}) = 0
13    epoll_wait(6, [{events=EPOLLIN, data={u32=3, u64=3}}], 1, 5000) = 1
13    recvfrom(3, "a=oc?qc:hc(610401301,!1),qb=oc?p"..., 4095, 0, NULL, NULL) = 210
13    epoll_ctl(6, EPOLL_CTL_MOD, 3, {events=EPOLLIN, data={u32=3, u64=3}}) = 0
13    epoll_wait(6, [{events=EPOLLIN, data={u32=3, u64=3}}], 1, 5000) = 1
13    recvfrom(3, "fa=_.ba(function(a){return typeo"..., 4095, 0, NULL, NULL) = 2800
13    epoll_ctl(6, EPOLL_CTL_MOD, 3, {events=EPOLLIN, data={u32=3, u64=3}}) = 0
13    epoll_wait(6, [{events=EPOLLIN, data={u32=3, u64=3}}], 1, 5000) = 1
13    recvfrom(3, "));_.fd=ua();_.gd=_.va()&&!_.ya("..., 4095, 0, NULL, NULL) = 4095
13    epoll_ctl(6, EPOLL_CTL_MOD, 3, {events=EPOLLIN, data={u32=3, u64=3}}) = 0
13    epoll_wait(6, [{events=EPOLLIN, data={u32=3, u64=3}}], 1, 5000) = 1
13    recvfrom(3, "(this.i!==void 0||this.j!==void "..., 4095, 0, NULL, NULL) = 105
13    epoll_ctl(6, EPOLL_CTL_MOD, 3, {events=EPOLLIN, data={u32=3, u64=3}}) = 0
13    epoll_wait(6, [{events=EPOLLIN, data={u32=3, u64=3}}], 1, 5000) = 1
13    recvfrom(3, "f(this.i!==void 0||this.j!==void"..., 4095, 0, NULL, NULL) = 4095
13    epoll_ctl(6, EPOLL_CTL_MOD, 3, {events=EPOLLIN, data={u32=3, u64=3}}) = 0
13    epoll_wait(6, [{events=EPOLLIN, data={u32=3, u64=3}}], 1, 5000) = 1
13    recvfrom(3, "webkit-min-device-pixel-ratio:1."..., 4095, 0, NULL, NULL) = 2905
13    epoll_ctl(6, EPOLL_CTL_MOD, 3, {events=EPOLLIN, data={u32=3, u64=3}}) = 0
13    epoll_wait(6, [{events=EPOLLIN, data={u32=3, u64=3}}], 1, 5000) = 1
13    recvfrom(3, "ackground:#c2e7ff;background:var"..., 4095, 0, NULL, NULL) = 1400
13    epoll_ctl(6, EPOLL_CTL_MOD, 3, {events=EPOLLIN, data={u32=3, u64=3}}) = 0
13    epoll_wait(6, [{events=EPOLLIN, data={u32=3, u64=3}}], 1, 5000) = 1
13    recvfrom(3, "lor:var(--og-link-color,var(--gm"..., 4095, 0, NULL, NULL) = 2800
13    epoll_ctl(6, EPOLL_CTL_MOD, 3, {events=EPOLLIN, data={u32=3, u64=3}}) = 0
13    epoll_wait(6, [{events=EPOLLIN, data={u32=3, u64=3}}], 1, 5000) = 1
13    recvfrom(3, "hidden;padding-left:16px;positio"..., 4095, 0, NULL, NULL) = 4095
13    epoll_ctl(6, EPOLL_CTL_MOD, 3, {events=EPOLLIN, data={u32=3, u64=3}}) = 0
13    epoll_wait(6, [{events=EPOLLIN, data={u32=3, u64=3}}], 1, 5000) = 1
13    recvfrom(3, "olor:#ccc}.gb_na{background:#fff"..., 4095, 0, NULL, NULL) = 4095
13    epoll_ctl(6, EPOLL_CTL_MOD, 3, {events=EPOLLIN, data={u32=3, u64=3}}) = 0
13    epoll_wait(6, [{events=EPOLLIN, data={u32=3, u64=3}}], 1, 5000) = 1
13    recvfrom(3, "Ve8eFH7Z-QO_ozg6iELOX1rM',c:'393"..., 4095, 0, NULL, NULL) = 1610
13    epoll_ctl(6, EPOLL_CTL_MOD, 3, {events=EPOLLIN, data={u32=3, u64=3}}) = 0
13    epoll_wait(6, [{events=EPOLLIN, data={u32=3, u64=3}}], 1, 5000) = 1
13    recvfrom(3, "&&(window.onerror=null)};})();</"..., 4095, 0, NULL, NULL) = 4095
13    mprotect(0x7f1df4021000, 126976, PROT_READ|PROT_WRITE) = 0
13    epoll_ctl(6, EPOLL_CTL_MOD, 3, {events=EPOLLIN, data={u32=3, u64=3}}) = 0
13    epoll_wait(6, [{events=EPOLLIN, data={u32=3, u64=3}}], 1, 5000) = 1
13    recvfrom(3, "e;}\nelse top.location='/doodles/"..., 4095, 0, NULL, NULL) = 105
13    epoll_ctl(6, EPOLL_CTL_MOD, 3, {events=EPOLLIN, data={u32=3, u64=3}}) = 0
13    epoll_wait(6, [{events=EPOLLIN, data={u32=3, u64=3}}], 1, 5000) = 1
13    recvfrom(3, "GUJ\" name=\"iflsig\" type=\"hidden\""..., 4095, 0, NULL, NULL) = 4095
13    epoll_ctl(6, EPOLL_CTL_MOD, 3, {events=EPOLLIN, data={u32=3, u64=3}}) = 0
13    epoll_wait(6, [{events=EPOLLIN, data={u32=3, u64=3}}], 1, 5000) = 1
13    recvfrom(3, "tp\"),new _.ye(function(a){return"..., 4095, 0, NULL, NULL) = 4095
13    epoll_ctl(6, EPOLL_CTL_MOD, 3, {events=EPOLLIN, data={u32=3, u64=3}}) = 0
13    epoll_wait(6, [{events=EPOLLIN, data={u32=3, u64=3}}], 1, 5000) = 1
13    recvfrom(3, ";_.l.wf=_.qf;_.l.eh=_.rf;_.l.dh="..., 4095, 0, NULL, NULL) = 4095
13    epoll_ctl(6, EPOLL_CTL_MOD, 3, {events=EPOLLIN, data={u32=3, u64=3}}) = 0
13    epoll_wait(6, [{events=EPOLLIN, data={u32=3, u64=3}}], 1, 5000) = 1
13    recvfrom(3, "ar c=document.createElement(\"scr"..., 4095, 0, NULL, NULL) = 1715
13    epoll_ctl(6, EPOLL_CTL_MOD, 3, {events=EPOLLIN, data={u32=3, u64=3}}) = 0
13    epoll_wait(6, [{events=EPOLLIN, data={u32=3, u64=3}}], 1, 5000) = 1
13    recvfrom(3, "_DumpException = function(e){thr"..., 4095, 0, NULL, NULL) = 1252
13    epoll_ctl(6, EPOLL_CTL_MOD, 3, {events=EPOLLIN, data={u32=3, u64=3}}) = 0
13    epoll_wait(6, [{events=EPOLLIN, data={u32=3, u64=3}}], 1, 5000) = 1
13    recvfrom(3, "", 4095, 0, NULL, NULL) = 0
13    madvise(0x7f1df4021000, 126976, MADV_DONTNEED) = 0
13    close(6)                          = 0
13    close(3)                          = 0
13    rt_sigprocmask(SIG_BLOCK, ~[RT_1], NULL, 8) = 0
13    madvise(0x7f1dfcf48000, 8368128, MADV_DONTNEED) = 0
13    exit(0)                           = ?
13    +++ exited with 0 +++
12    <... epoll_wait resumed>[{events=EPOLLIN, data={u32=7, u64=7}}], 1, 5000) = 1
12    recvfrom(7, "HTTP/1.0 200 OK\r\nDate: Thu, 16 A"..., 4095, 0, NULL, NULL) = 4095
12    epoll_ctl(8, EPOLL_CTL_MOD, 7, {events=EPOLLIN, data={u32=7, u64=7}}) = 0
12    epoll_wait(8, [{events=EPOLLIN, data={u32=7, u64=7}}], 1, 5000) = 1
12    recvfrom(7, ",n=[];function p(a){for(var b;a&"..., 4095, 0, NULL, NULL) = 2298
12    epoll_ctl(8, EPOLL_CTL_MOD, 7, {events=EPOLLIN, data={u32=7, u64=7}}) = 0
12    epoll_wait(8,  <unfinished ...>
11    <... epoll_wait resumed>[{events=EPOLLIN, data={u32=5, u64=5}}], 1, 5000) = 1
11    recvfrom(5, "){a=a.getAttribute(\"data-nohref\""..., 4095, 0, NULL, NULL) = 4095
11    epoll_ctl(10, EPOLL_CTL_MOD, 5, {events=EPOLLIN, data={u32=5, u64=5}}) = 0
11    epoll_wait(10, [{events=EPOLLIN, data={u32=5, u64=5}}], 1, 5000) = 1
11    recvfrom(5, "84720131\",3,0,1,0,0],0,null,null"..., 4095, 0, NULL, NULL) = 4095
11    epoll_ctl(10, EPOLL_CTL_MOD, 5, {events=EPOLLIN, data={u32=5, u64=5}}) = 0
11    epoll_wait(10, [{events=EPOLLIN, data={u32=5, u64=5}}], 1, 5000) = 1
11    recvfrom(5, "d))!=null)if(m&&q>=g){var u=q-n,"..., 4095, 0, NULL, NULL) = 4095
11    epoll_ctl(10, EPOLL_CTL_MOD, 5, {events=EPOLLIN, data={u32=5, u64=5}}) = 0
11    epoll_wait(10, [{events=EPOLLIN, data={u32=5, u64=5}}], 1, 5000) = 1
11    recvfrom(5, "t64\"),Nb.push(\"BigUint64\"));\nvar"..., 4095, 0, NULL, NULL) = 4095
11    epoll_ctl(10, EPOLL_CTL_MOD, 5, {events=EPOLLIN, data={u32=5, u64=5}}) = 0
11    epoll_wait(10, [{events=EPOLLIN, data={u32=5, u64=5}}], 1, 5000) = 1
11    recvfrom(5, "return a;a=Symbol(\"h\");Kb(Array."..., 4095, 0, NULL, NULL) = 3220
11    epoll_ctl(10, EPOLL_CTL_MOD, 5, {events=EPOLLIN, data={u32=5, u64=5}}) = 0
11    epoll_wait(10, [{events=EPOLLIN, data={u32=5, u64=5}}], 1, 5000) = 1
11    recvfrom(5, "b,c){if(a==null)throw new TypeEr"..., 4095, 0, NULL, NULL) = 1400
11    epoll_ctl(10, EPOLL_CTL_MOD, 5, {events=EPOLLIN, data={u32=5, u64=5}}) = 0
11    epoll_wait(10, [{events=EPOLLIN, data={u32=5, u64=5}}], 1, 5000) = 1
11    recvfrom(5, "function(k){return c(k)&&Xb(k,f)"..., 4095, 0, NULL, NULL) = 4095
11    epoll_ctl(10, EPOLL_CTL_MOD, 5, {events=EPOLLIN, data={u32=5, u64=5}}) = 0
11    epoll_wait(10, [{events=EPOLLIN, data={u32=5, u64=5}}], 1, 5000) = 1
11    recvfrom(5, "=Infinity&&b!==-Infinity}});Qb(\""..., 4095, 0, NULL, NULL) = 4095
11    epoll_ctl(10, EPOLL_CTL_MOD, 5, {events=EPOLLIN, data={u32=5, u64=5}}) = 0
11    epoll_wait(10, [{events=EPOLLIN, data={u32=5, u64=5}}], 1, 5000) = 1
11    recvfrom(5, "a.prototype.constructor=a;a.Jm=f"..., 4095, 0, NULL, NULL) = 4095
11    epoll_ctl(10, EPOLL_CTL_MOD, 5, {events=EPOLLIN, data={u32=5, u64=5}}) = 0
11    epoll_wait(10, [{events=EPOLLIN, data={u32=5, u64=5}}], 1, 5000) = 1
11    recvfrom(5, "_.Cb(a.J,b,c,e);if(b!==null||d&&"..., 4095, 0, NULL, NULL) = 4095
11    epoll_ctl(10, EPOLL_CTL_MOD, 5, {events=EPOLLIN, data={u32=5, u64=5}}) = 0
11    epoll_wait(10, [{events=EPOLLIN, data={u32=5, u64=5}}], 1, 5000) = 1
11    recvfrom(5, "ction(){return this.v};_.l.tj=fu"..., 4095, 0, NULL, NULL) = 3220
11    epoll_ctl(10, EPOLL_CTL_MOD, 5, {events=EPOLLIN, data={u32=5, u64=5}}) = 0
11    epoll_wait(10, [{events=EPOLLIN, data={u32=5, u64=5}}], 1, 5000) = 1
11    recvfrom(5, "olute;right:0;width:14px;line-he"..., 4095, 0, NULL, NULL) = 4095
11    epoll_ctl(10, EPOLL_CTL_MOD, 5, {events=EPOLLIN, data={u32=5, u64=5}}) = 0
11    epoll_wait(10, [{events=EPOLLIN, data={u32=5, u64=5}}], 1, 5000) = 1
11    recvfrom(5, "ys-color-on-surface-variant,#444"..., 4095, 0, NULL, NULL) = 2905
11    epoll_ctl(10, EPOLL_CTL_MOD, 5, {events=EPOLLIN, data={u32=5, u64=5}}) = 0
11    epoll_wait(10, [{events=EPOLLIN, data={u32=5, u64=5}}], 1, 5000) = 1
11    recvfrom(5, "hite)}.gb_Ia.gb_4a.gb_H svg{colo"..., 4095, 0, NULL, NULL) = 2800
11    epoll_ctl(10, EPOLL_CTL_MOD, 5, {events=EPOLLIN, data={u32=5, u64=5}}) = 0
11    epoll_wait(10, [{events=EPOLLIN, data={u32=5, u64=5}}], 1, 5000) = 1
11    recvfrom(5, "t-justify-content:flex-end;justi"..., 4095, 0, NULL, NULL) = 1400
11    epoll_ctl(10, EPOLL_CTL_MOD, 5, {events=EPOLLIN, data={u32=5, u64=5}}) = 0
11    epoll_wait(10, [{events=EPOLLIN, data={u32=5, u64=5}}], 1, 5000) = 1
11    recvfrom(5, "ius:50%;-webkit-box-sizing:borde"..., 4095, 0, NULL, NULL) = 4095
11    epoll_ctl(10, EPOLL_CTL_MOD, 5, {events=EPOLLIN, data={u32=5, u64=5}}) = 0
11    epoll_wait(10, [{events=EPOLLIN, data={u32=5, u64=5}}], 1, 5000) = 1
11    recvfrom(5, "ctive{background:#dadce0}.lst:fo"..., 4095, 0, NULL, NULL) = 4095
11    epoll_ctl(10, EPOLL_CTL_MOD, 5, {events=EPOLLIN, data={u32=5, u64=5}}) = 0
11    epoll_wait(10, [{events=EPOLLIN, data={u32=5, u64=5}}], 1, 5000) = 1
11    recvfrom(5, "oglelogo/1x/googlelogo_white_bac"..., 4095, 0, NULL, NULL) = 210
11    epoll_ctl(10, EPOLL_CTL_MOD, 5, {events=EPOLLIN, data={u32=5, u64=5}}) = 0
11    epoll_wait(10, [{events=EPOLLIN, data={u32=5, u64=5}}], 1, 5000) = 1
11    recvfrom(5, "op\"><td width=\"25%\">&nbsp;</td><"..., 4095, 0, NULL, NULL) = 2800
11    epoll_ctl(10, EPOLL_CTL_MOD, 5, {events=EPOLLIN, data={u32=5, u64=5}}) = 0
11    epoll_wait(10, [{events=EPOLLIN, data={u32=5, u64=5}}], 1, 5000) = 1
11    recvfrom(5, "/www.google.com/setprefdomain?pr"..., 4095, 0, NULL, NULL) = 4095
11    epoll_ctl(10, EPOLL_CTL_MOD, 5, {events=EPOLLIN, data={u32=5, u64=5}}) = 0
11    epoll_wait(10, [{events=EPOLLIN, data={u32=5, u64=5}}], 1, 5000) = 1
11    recvfrom(5, "c=b).querySelector)==null?void 0"..., 4095, 0, NULL, NULL) = 4095
11    epoll_ctl(10, EPOLL_CTL_MOD, 5, {events=EPOLLIN, data={u32=5, u64=5}}) = 0
11    epoll_wait(10, [{events=EPOLLIN, data={u32=5, u64=5}}], 1, 5000) = 1
11    recvfrom(5, ".rel=\"stylesheet\";var b=_.Xe(\"st"..., 4095, 0, NULL, NULL) = 3010
11    epoll_ctl(10, EPOLL_CTL_MOD, 5, {events=EPOLLIN, data={u32=5, u64=5}}) = 0
11    epoll_wait(10, [{events=EPOLLIN, data={u32=5, u64=5}}], 1, 5000) = 1
11    recvfrom(5, "teElement(\"script\");c.onerror=fu"..., 4095, 0, NULL, NULL) = 2948
11    epoll_ctl(10, EPOLL_CTL_MOD, 5, {events=EPOLLIN, data={u32=5, u64=5}}) = 0
11    epoll_wait(10, [{events=EPOLLIN, data={u32=5, u64=5}}], 1, 5000) = 1
11    recvfrom(5, "", 4095, 0, NULL, NULL) = 0
11    madvise(0x7f1df0021000, 126976, MADV_DONTNEED) = 0
11    close(10)                         = 0
11    close(5)                          = 0
11    rt_sigprocmask(SIG_BLOCK, ~[RT_1], NULL, 8) = 0
11    madvise(0x7f1dfdf4a000, 8368128, MADV_DONTNEED) = 0
11    exit(0)                           = ?
11    +++ exited with 0 +++
12    <... epoll_wait resumed>[{events=EPOLLIN, data={u32=7, u64=7}}], 1, 5000) = 1
12    recvfrom(7, "G1zQ\",\"AA2YrTuIBEvLxY_dxP5hImTMg"..., 4095, 0, NULL, NULL) = 4095
12    epoll_ctl(8, EPOLL_CTL_MOD, 7, {events=EPOLLIN, data={u32=7, u64=7}}) = 0
12    epoll_wait(8, [{events=EPOLLIN, data={u32=7, u64=7}}], 1, 5000) = 1
12    recvfrom(7, " ia,oa,qa,ua,wa,xa,La,Ma,eb,hb,j"..., 4095, 0, NULL, NULL) = 4095
12    epoll_ctl(8, EPOLL_CTL_MOD, 7, {events=EPOLLIN, data={u32=7, u64=7}}) = 0
12    epoll_wait(8, [{events=EPOLLIN, data={u32=7, u64=7}}], 1, 5000) = 1
12    recvfrom(7, "{case \"number\":return Number.isF"..., 4095, 0, NULL, NULL) = 4095
12    epoll_ctl(8, EPOLL_CTL_MOD, 7, {events=EPOLLIN, data={u32=7, u64=7}}) = 0
12    epoll_wait(8, [{events=EPOLLIN, data={u32=7, u64=7}}], 1, 5000) = 1
12    recvfrom(7, "eOf==\"function\")Rb=Object.setPro"..., 4095, 0, NULL, NULL) = 4095
12    epoll_ctl(8, EPOLL_CTL_MOD, 7, {events=EPOLLIN, data={u32=7, u64=7}}) = 0
12    epoll_wait(8, [{events=EPOLLIN, data={u32=7, u64=7}}], 1, 5000) = 1
12    recvfrom(7, "this.i=[];var h=this;this.o(func"..., 4095, 0, NULL, NULL) = 3220
12    epoll_ctl(8, EPOLL_CTL_MOD, 7, {events=EPOLLIN, data={u32=7, u64=7}}) = 0
12    epoll_wait(8, [{events=EPOLLIN, data={u32=7, u64=7}}], 1, 5000) = 1
12    recvfrom(7, "|Vb});Qb(\"Symbol.dispose\",functi"..., 4095, 0, NULL, NULL) = 1400
12    epoll_ctl(8, EPOLL_CTL_MOD, 7, {events=EPOLLIN, data={u32=7, u64=7}}) = 0
12    epoll_wait(8, [{events=EPOLLIN, data={u32=7, u64=7}}], 1, 5000) = 1
12    recvfrom(7, "k.set({x:4},\"t\")!=k||k.size!=2)r"..., 4095, 0, NULL, NULL) = 4095
12    epoll_ctl(8, EPOLL_CTL_MOD, 7, {events=EPOLLIN, data={u32=7, u64=7}}) = 0
12    epoll_wait(8, [{events=EPOLLIN, data={u32=7, u64=7}}], 1, 5000) = 1
12    recvfrom(7, "X_SAFE_INTEGER}});Qb(\"Object.is\""..., 4095, 0, NULL, NULL) = 4095
12    epoll_ctl(8, EPOLL_CTL_MOD, 7, {events=EPOLLIN, data={u32=7, u64=7}}) = 0
12    epoll_wait(8, [{events=EPOLLIN, data={u32=7, u64=7}}], 1, 5000) = 1
12    recvfrom(7, "rn a!==null&&a!==void 0});var da"..., 4095, 0, NULL, NULL) = 4095
12    epoll_ctl(8, EPOLL_CTL_MOD, 7, {events=EPOLLIN, data={u32=7, u64=7}}) = 0
12    epoll_wait(8, [{events=EPOLLIN, data={u32=7, u64=7}}], 1, 5000) = 1
12    recvfrom(7, ".wd=function(a,b,c,d){_.zb(a);va"..., 4095, 0, NULL, NULL) = 1715
12    epoll_ctl(8, EPOLL_CTL_MOD, 7, {events=EPOLLIN, data={u32=7, u64=7}}) = 0
12    epoll_wait(8, [{events=EPOLLIN, data={u32=7, u64=7}}], 1, 5000) = 1
12    recvfrom(7, "c;++d)if(b[a[d]])b=b[a[d]];else "..., 4095, 0, NULL, NULL) = 4095
12    epoll_ctl(8, EPOLL_CTL_MOD, 7, {events=EPOLLIN, data={u32=7, u64=7}}) = 0
12    epoll_wait(8, [{events=EPOLLIN, data={u32=7, u64=7}}], 1, 5000) = 1
12    recvfrom(7, "d(a,12))!=null&&(d.dpo=_.Gb(_.L("..., 4095, 0, NULL, NULL) = 2905
12    epoll_ctl(8, EPOLL_CTL_MOD, 7, {events=EPOLLIN, data={u32=7, u64=7}}) = 0
12    epoll_wait(8, [{events=EPOLLIN, data={u32=7, u64=7}}], 1, 5000) = 1
12    recvfrom(7, "0,0.2);box-shadow:0 1px 0 rgba(0"..., 4095, 0, NULL, NULL) = 4095
12    epoll_ctl(8, EPOLL_CTL_MOD, 7, {events=EPOLLIN, data={u32=7, u64=7}}) = 0
12    epoll_wait(8, [{events=EPOLLIN, data={u32=7, u64=7}}], 1, 5000) = 1
12    recvfrom(7, "lor:var(--og-link-color,var(--gm"..., 4095, 0, NULL, NULL) = 2905
12    epoll_ctl(8, EPOLL_CTL_MOD, 7, {events=EPOLLIN, data={u32=7, u64=7}}) = 0
12    epoll_wait(8, [{events=EPOLLIN, data={u32=7, u64=7}}], 1, 5000) = 1
12    recvfrom(7, "align:center;-webkit-align-items"..., 4095, 0, NULL, NULL) = 2171
12    epoll_ctl(8, EPOLL_CTL_MOD, 7, {events=EPOLLIN, data={u32=7, u64=7}}) = 0
12    epoll_wait(8, [{events=EPOLLIN, data={u32=7, u64=7}}], 1, 5000) = 1
12    recvfrom(7, "d{display:inline-block;vertical-"..., 4095, 0, NULL, NULL) = 4095
12    epoll_ctl(8, EPOLL_CTL_MOD, 7, {events=EPOLLIN, data={u32=7, u64=7}}) = 0
12    epoll_wait(8, [{events=EPOLLIN, data={u32=7, u64=7}}], 1, 5000) = 1
12    recvfrom(7, "0px}.lsbb{display:block}#WqQANb "..., 4095, 0, NULL, NULL) = 4095
12    epoll_ctl(8, EPOLL_CTL_MOD, 7, {events=EPOLLIN, data={u32=7, u64=7}}) = 0
12    epoll_wait(8, [{events=EPOLLIN, data={u32=7, u64=7}}], 1, 5000) = 1
12    recvfrom(7, "l=pt-BR&amp;passive=true&amp;con"..., 4095, 0, NULL, NULL) = 4095
12    epoll_ctl(8, EPOLL_CTL_MOD, 7, {events=EPOLLIN, data={u32=7, u64=7}}) = 0
12    epoll_wait(8, [{events=EPOLLIN, data={u32=7, u64=7}}], 1, 5000) = 1
12    recvfrom(7, "1;var a=!1,b=Object.defineProper"..., 4095, 0, NULL, NULL) = 4095
12    epoll_ctl(8, EPOLL_CTL_MOD, 7, {events=EPOLLIN, data={u32=7, u64=7}}) = 0
12    epoll_wait(8, [{events=EPOLLIN, data={u32=7, u64=7}}], 1, 5000) = 1
12    recvfrom(7, "lassName?a=c.getElementsByClassN"..., 4095, 0, NULL, NULL) = 4095
12    epoll_ctl(8, EPOLL_CTL_MOD, 7, {events=EPOLLIN, data={u32=7, u64=7}}) = 0
12    epoll_wait(8, [{events=EPOLLIN, data={u32=7, u64=7}}], 1, 5000) = 1
12    recvfrom(7, "ction(){google.xjs={basecomb:'/x"..., 4095, 0, NULL, NULL) = 4095
12    epoll_ctl(8, EPOLL_CTL_MOD, 7, {events=EPOLLIN, data={u32=7, u64=7}}) = 0
12    epoll_wait(8, [{events=EPOLLIN, data={u32=7, u64=7}}], 1, 5000) = 1
12    recvfrom(7, "dow._);};(function(){var t=[128,"..., 4095, 0, NULL, NULL) = 1028
12    epoll_ctl(8, EPOLL_CTL_MOD, 7, {events=EPOLLIN, data={u32=7, u64=7}}) = 0
12    epoll_wait(8, [{events=EPOLLIN, data={u32=7, u64=7}}], 1, 5000) = 1
12    recvfrom(7, "", 4095, 0, NULL, NULL) = 0
12    madvise(0x7f1df8021000, 126976, MADV_DONTNEED) = 0
12    close(8)                          = 0
12    close(7)                          = 0
12    rt_sigprocmask(SIG_BLOCK, ~[RT_1], NULL, 8) = 0
12    madvise(0x7f1dfd749000, 8368128, MADV_DONTNEED) = 0
12    exit(0)                           = ?
12    +++ exited with 0 +++
10    <... epoll_wait resumed>[{events=EPOLLOUT, data={u32=4, u64=4}}], 1, 5000) = 1
10    getsockopt(4, SOL_SOCKET, SO_ERROR, [0], [4]) = 0
10    epoll_ctl(9, EPOLL_CTL_MOD, 4, {events=EPOLLOUT, data={u32=4, u64=4}}) = 0
10    epoll_wait(9, [{events=EPOLLOUT, data={u32=4, u64=4}}], 1, 5000) = 1
10    sendto(4, "GET / HTTP/1.0\r\nHost: www.google"..., 59, 0, NULL, 0) = 59
10    epoll_ctl(9, EPOLL_CTL_MOD, 4, {events=EPOLLIN, data={u32=4, u64=4}}) = 0
10    epoll_wait(9, [{events=EPOLLIN, data={u32=4, u64=4}}], 1, 5000) = 1
10    recvfrom(4, "HTTP/1.0 200 OK\r\nDate: Thu, 16 A"..., 4095, 0, NULL, NULL) = 4095
10    epoll_ctl(9, EPOLL_CTL_MOD, 4, {events=EPOLLIN, data={u32=4, u64=4}}) = 0
10    epoll_wait(9, [{events=EPOLLIN, data={u32=4, u64=4}}], 1, 5000) = 1
10    recvfrom(4, "etAttribute(\"eid\")));)a=a.parent"..., 4095, 0, NULL, NULL) = 3724
10    epoll_ctl(9, EPOLL_CTL_MOD, 4, {events=EPOLLIN, data={u32=4, u64=4}}) = 0
10    epoll_wait(9, [{events=EPOLLIN, data={u32=4, u64=4}}], 1, 5000) = 1
10    recvfrom(4, "ch,qhga,qhid,qhin/d=1/ed=1/rs=AA"..., 4095, 0, NULL, NULL) = 4095
10    epoll_ctl(9, EPOLL_CTL_MOD, 4, {events=EPOLLIN, data={u32=4, u64=4}}) = 0
10    epoll_wait(9, [{events=EPOLLIN, data={u32=4, u64=4}}], 1, 5000) = 1
10    recvfrom(4, ")||_.pa(\"Android\"))};ua=function"..., 4095, 0, NULL, NULL) = 4095
10    epoll_ctl(9, EPOLL_CTL_MOD, 4, {events=EPOLLIN, data={u32=4, u64=4}}) = 0
10    epoll_wait(9, [{events=EPOLLIN, data={u32=4, u64=4}}], 1, 5000) = 1
10    recvfrom(4, "(a!=null&&a[_.Ya]===_.Za)return "..., 4095, 0, NULL, NULL) = 4095
10    epoll_ctl(9, EPOLL_CTL_MOD, 4, {events=EPOLLIN, data={u32=4, u64=4}}) = 0
10    epoll_wait(9, [{events=EPOLLIN, data={u32=4, u64=4}}], 1, 5000) = 1
10    recvfrom(4, "a};this.j=this.D};_.D.prototype["..., 4095, 0, NULL, NULL) = 4095
10    epoll_ctl(9, EPOLL_CTL_MOD, 4, {events=EPOLLIN, data={u32=4, u64=4}}) = 0
10    epoll_wait(9, [{events=EPOLLIN, data={u32=4, u64=4}}], 1, 5000) = 1
10    recvfrom(4, "}):typeof h===\"function\"?g=new h"..., 4095, 0, NULL, NULL) = 1820
10    epoll_ctl(9, EPOLL_CTL_MOD, 4, {events=EPOLLIN, data={u32=4, u64=4}}) = 0
10    epoll_wait(9, [{events=EPOLLIN, data={u32=4, u64=4}}], 1, 5000) = 1
10    recvfrom(4, "\",function(a){function b(){}func"..., 4095, 0, NULL, NULL) = 4095
10    epoll_ctl(9, EPOLL_CTL_MOD, 4, {events=EPOLLIN, data={u32=4, u64=4}}) = 0
10    epoll_wait(9, [{events=EPOLLIN, data={u32=4, u64=4}}], 1, 5000) = 1
10    recvfrom(4, "lear=function(){this.i.clear();t"..., 4095, 0, NULL, NULL) = 105
10    epoll_ctl(9, EPOLL_CTL_MOD, 4, {events=EPOLLIN, data={u32=4, u64=4}}) = 0
10    epoll_wait(9, [{events=EPOLLIN, data={u32=4, u64=4}}], 1, 5000) = 1
10    recvfrom(4, ".entries=function(){return this."..., 4095, 0, NULL, NULL) = 4095
10    epoll_ctl(9, EPOLL_CTL_MOD, 4, {events=EPOLLIN, data={u32=4, u64=4}}) = 0
10    epoll_wait(9, [{events=EPOLLIN, data={u32=4, u64=4}}], 1, 5000) = 1
10    recvfrom(4, "ction(a,b,c){if(!a)throw Error()"..., 4095, 0, NULL, NULL) = 4095
10    epoll_ctl(9, EPOLL_CTL_MOD, 4, {events=EPOLLIN, data={u32=4, u64=4}}) = 0
10    epoll_wait(9, [{events=EPOLLIN, data={u32=4, u64=4}}], 1, 5000) = 1
10    recvfrom(4, "=_.pa(\"Android\")&&!(ua()||_.ta()"..., 4095, 0, NULL, NULL) = 4095
10    epoll_ctl(9, EPOLL_CTL_MOD, 4, {events=EPOLLIN, data={u32=4, u64=4}}) = 0
10    epoll_wait(9, [{events=EPOLLIN, data={u32=4, u64=4}}], 1, 5000) = 1
10    recvfrom(4, "b,c));Nd(this)};_.Ld.prototype.r"..., 4095, 0, NULL, NULL) = 3115
10    epoll_ctl(9, EPOLL_CTL_MOD, 4, {events=EPOLLIN, data={u32=4, u64=4}}) = 0
10    epoll_wait(9, [{events=EPOLLIN, data={u32=4, u64=4}}], 1, 5000) = 1
10    recvfrom(4, ",_.E)(this.o,this));return this}"..., 4095, 0, NULL, NULL) = 4095
10    epoll_ctl(9, EPOLL_CTL_MOD, 4, {events=EPOLLIN, data={u32=4, u64=4}}) = 0
10    epoll_wait(9, [{events=EPOLLIN, data={u32=4, u64=4}}], 1, 5000) = 1
10    recvfrom(4, "ondary-fixed,#c2e7ff);color:#001"..., 4095, 0, NULL, NULL) = 2905
10    epoll_ctl(9, EPOLL_CTL_MOD, 4, {events=EPOLLIN, data={u32=4, u64=4}}) = 0
10    epoll_wait(9, [{events=EPOLLIN, data={u32=4, u64=4}}], 1, 5000) = 1
10    recvfrom(4, "ys-color-on-surface,#e3e3e3))}.g"..., 4095, 0, NULL, NULL) = 4095
10    epoll_ctl(9, EPOLL_CTL_MOD, 4, {events=EPOLLIN, data={u32=4, u64=4}}) = 0
10    epoll_wait(9, [{events=EPOLLIN, data={u32=4, u64=4}}], 1, 5000) = 1
10    recvfrom(4, "ser-select:text;-moz-user-select"..., 4095, 0, NULL, NULL) = 105
10    epoll_ctl(9, EPOLL_CTL_MOD, 4, {events=EPOLLIN, data={u32=4, u64=4}}) = 0
10    epoll_wait(9, [{events=EPOLLIN, data={u32=4, u64=4}}], 1, 5000) = 1
10    recvfrom(4, "t}.gb_rd{text-rendering:optimize"..., 4095, 0, NULL, NULL) = 4095
10    epoll_ctl(9, EPOLL_CTL_MOD, 4, {events=EPOLLIN, data={u32=4, u64=4}}) = 0
10    epoll_wait(9, [{events=EPOLLIN, data={u32=4, u64=4}}], 1, 5000) = 1
10    recvfrom(4, "low-y:scroll}#gog{padding:3px 8p"..., 4095, 0, NULL, NULL) = 4095
10    epoll_ctl(9, EPOLL_CTL_MOD, 4, {events=EPOLLIN, data={u32=4, u64=4}}) = 0
10    epoll_wait(9, [{events=EPOLLIN, data={u32=4, u64=4}}], 1, 5000) = 1
10    recvfrom(4, ",0 2,-0.9 2,-2s-0.9,-2 -2,-2 -2,"..., 4095, 0, NULL, NULL) = 4095
10    epoll_ctl(9, EPOLL_CTL_MOD, 4, {events=EPOLLIN, data={u32=4, u64=4}}) = 0
10    epoll_wait(9, [{events=EPOLLIN, data={u32=4, u64=4}}], 1, 5000) = 1
10    recvfrom(4, "v></div><p style=\"font-size:8pt;"..., 4095, 0, NULL, NULL) = 315
10    epoll_ctl(9, EPOLL_CTL_MOD, 4, {events=EPOLLIN, data={u32=4, u64=4}}) = 0
10    epoll_wait(9, [{events=EPOLLIN, data={u32=4, u64=4}}], 1, 5000) = 1
10    recvfrom(4, ")if(c instanceof Array){c=_.C(c)"..., 4095, 0, NULL, NULL) = 4095
10    epoll_ctl(9, EPOLL_CTL_MOD, 4, {events=EPOLLIN, data={u32=4, u64=4}}) = 0
10    epoll_wait(9, [{events=EPOLLIN, data={u32=4, u64=4}}], 1, 5000) = 1
10    recvfrom(4, "\"object\"&&typeof a.length==\"numb"..., 4095, 0, NULL, NULL) = 1505
10    epoll_ctl(9, EPOLL_CTL_MOD, 4, {events=EPOLLIN, data={u32=4, u64=4}}) = 0
10    epoll_wait(9, [{events=EPOLLIN, data={u32=4, u64=4}}], 1, 5000) = 1
10    recvfrom(4, "odeType>0)d(f);else{a:{if(f&&typ"..., 4095, 0, NULL, NULL) = 2800
10    epoll_ctl(9, EPOLL_CTL_MOD, 4, {events=EPOLLIN, data={u32=4, u64=4}}) = 0
10    epoll_wait(9, [{events=EPOLLIN, data={u32=4, u64=4}}], 1, 5000) = 1
10    recvfrom(4, "og,g=\"/client_204?&atyp=i&biw=\"+"..., 4095, 0, NULL, NULL) = 4095
10    epoll_ctl(9, EPOLL_CTL_MOD, 4, {events=EPOLLIN, data={u32=4, u64=4}}) = 0
10    epoll_wait(9, [{events=EPOLLIN, data={u32=4, u64=4}}], 1, 5000) = 1
10    recvfrom(4, "indow._s || {};_s._DumpException"..., 4095, 0, NULL, NULL) = 1199
10    epoll_ctl(9, EPOLL_CTL_MOD, 4, {events=EPOLLIN, data={u32=4, u64=4}}) = 0
10    epoll_wait(9, [{events=EPOLLIN, data={u32=4, u64=4}}], 1, 5000) = 1
10    recvfrom(4, "", 4095, 0, NULL, NULL) = 0
10    madvise(0x7f1df8021000, 126976, MADV_DONTNEED) = 0
10    close(9)                          = 0
10    close(4)                          = 0
10    rt_sigprocmask(SIG_BLOCK, ~[RT_1], NULL, 8) = 0
10    madvise(0x7f1dfe74b000, 8368128, MADV_DONTNEED) = 0
10    exit(0)                           = ?
9     <... futex resumed>)              = 0
10    +++ exited with 0 +++
9     write(1, "Pool de 4 threads, 8 requests\n\n["..., 807) = 807
9     exit_group(0)                     = ?
9     +++ exited with 0 +++
